---------------------------------------------------------------
[ 2019-01-13T03:05:20+08:00 ] 172.16.16.10 203.208.60.12 GET /swoole-live/public/
[ info ] ltfnevergiveup.cn/swoole-live/public/ [运行时间：2.669470s][吞吐率：0.37req/s] [内存消耗：278.87kb] [文件加载：46]
[ info ] [ LANG ] /var/www/html/swoole-live/thinkphp/lang/zh-cn.php
[ info ] [ ROUTE ] array (
)
[ info ] [ HEADER ] array (
  'host' => 'ltfnevergiveup.cn',
  'connection' => 'keep-alive',
  'accept' => 'text/html,application/xhtml+xml,application/xml;q=0.9,*/*;q=0.8',
  'from' => 'googlebot(at)googlebot.com',
  'user-agent' => 'Mozilla/5.0 (compatible; Googlebot/2.1; +http://www.google.com/bot.html)',
  'accept-encoding' => 'gzip,deflate,br',
)
[ info ] [ PARAM ] array (
)
[ info ] [ LOG ] INIT File
---------------------------------------------------------------
[ 2019-01-13T03:15:20+08:00 ] 172.16.16.10 203.208.60.116 GET /swoole-live/public/
[ info ] ltfnevergiveup.cn/swoole-live/public/ [运行时间：0.003429s][吞吐率：291.62req/s] [内存消耗：146.75kb] [文件加载：46]
[ info ] [ LANG ] /var/www/html/swoole-live/thinkphp/lang/zh-cn.php
[ info ] [ ROUTE ] array (
)
[ info ] [ HEADER ] array (
  'host' => 'ltfnevergiveup.cn',
  'connection' => 'keep-alive',
  'accept' => 'text/html,application/xhtml+xml,application/xml;q=0.9,*/*;q=0.8',
  'from' => 'googlebot(at)googlebot.com',
  'user-agent' => 'Mozilla/5.0 (Linux; Android 6.0.1; Nexus 5X Build/MMB29P) AppleWebKit/537.36 (KHTML, like Gecko) Chrome/41.0.2272.96 Mobile Safari/537.36 (compatible; Googlebot/2.1; +http://www.google.com/bot.html)',
  'accept-encoding' => 'gzip,deflate,br',
)
[ info ] [ PARAM ] array (
)
[ info ] [ LOG ] INIT File
