[ 2018-12-01T19:29:06+08:00 ][ info ] [ LANG ] /var/www/html/swoole-live/thinkphp/lang/zh-cn.php
[ info ] [ LOG ] INIT File
[ 2018-12-01T19:29:06+08:00 ][ info ] [ LANG ] /var/www/html/swoole-live/thinkphp/lang/zh-cn.php
[ info ] [ LOG ] INIT File
[ 2018-12-01T19:29:06+08:00 ][ info ] [ ROUTE ] array (
)
[ 2018-12-01T19:29:06+08:00 ][ info ] [ HEADER ] array (
)
[ 2018-12-01T19:29:06+08:00 ][ info ] [ PARAM ] array (
)
[ 2018-12-01T19:29:06+08:00 ][ info ] [ ROUTE ] array (
)
[ 2018-12-01T19:29:06+08:00 ][ info ] [ HEADER ] array (
)
[ 2018-12-01T19:29:06+08:00 ][ info ] [ PARAM ] array (
)
[ 2018-12-01T19:29:06+08:00 ][ info ] [ LANG ] /var/www/html/swoole-live/thinkphp/lang/zh-cn.php
[ info ] [ LOG ] INIT File
[ 2018-12-01T19:29:06+08:00 ][ info ] [ ROUTE ] array (
)
[ 2018-12-01T19:29:06+08:00 ][ info ] [ HEADER ] array (
)
[ 2018-12-01T19:29:06+08:00 ][ info ] [ PARAM ] array (
)
[ 2018-12-01T19:29:06+08:00 ][ info ] [ LANG ] /var/www/html/swoole-live/thinkphp/lang/zh-cn.php
[ info ] [ LOG ] INIT File
[ 2018-12-01T19:29:06+08:00 ][ info ] [ ROUTE ] array (
)
[ 2018-12-01T19:29:06+08:00 ][ info ] [ HEADER ] array (
)
[ 2018-12-01T19:29:06+08:00 ][ info ] [ PARAM ] array (
)
[ 2018-12-01T19:29:10+08:00 ][ info ] [ LANG ] /var/www/html/swoole-live/thinkphp/lang/zh-cn.php
[ info ] [ LOG ] INIT File
[ 2018-12-01T19:29:10+08:00 ][ info ] [ ROUTE ] array (
)
[ 2018-12-01T19:29:10+08:00 ][ info ] [ HEADER ] array (
)
[ 2018-12-01T19:29:10+08:00 ][ info ] [ PARAM ] array (
)
[ 2018-12-01T19:29:10+08:00 ][ info ] [ LANG ] /var/www/html/swoole-live/thinkphp/lang/zh-cn.php
[ info ] [ LOG ] INIT File
[ 2018-12-01T19:29:10+08:00 ][ info ] [ ROUTE ] array (
)
[ 2018-12-01T19:29:10+08:00 ][ info ] [ HEADER ] array (
)
[ 2018-12-01T19:29:10+08:00 ][ info ] [ PARAM ] array (
)
[ 2018-12-01T19:29:10+08:00 ][ info ] [ LANG ] /var/www/html/swoole-live/thinkphp/lang/zh-cn.php
[ info ] [ LOG ] INIT File
[ 2018-12-01T19:29:10+08:00 ][ info ] [ ROUTE ] array (
)
[ 2018-12-01T19:29:10+08:00 ][ info ] [ HEADER ] array (
)
[ 2018-12-01T19:29:10+08:00 ][ info ] [ PARAM ] array (
)
