[ 2018-12-03T11:52:19+08:00 ][ info ] [ LANG ] /var/www/html/swoole-live/thinkphp/lang/zh-cn.php
[ info ] [ LOG ] INIT File
[ 2018-12-03T11:52:19+08:00 ][ info ] [ ROUTE ] array (
)
[ 2018-12-03T11:52:19+08:00 ][ info ] [ HEADER ] array (
)
[ 2018-12-03T11:52:19+08:00 ][ info ] [ PARAM ] array (
)
[ 2018-12-03T11:52:19+08:00 ][ info ] [ LANG ] /var/www/html/swoole-live/thinkphp/lang/zh-cn.php
[ info ] [ LOG ] INIT File
[ 2018-12-03T11:52:19+08:00 ][ info ] [ ROUTE ] array (
)
[ 2018-12-03T11:52:19+08:00 ][ info ] [ HEADER ] array (
)
[ 2018-12-03T11:52:19+08:00 ][ info ] [ PARAM ] array (
)
[ 2018-12-03T11:52:19+08:00 ][ info ] [ LANG ] /var/www/html/swoole-live/thinkphp/lang/zh-cn.php
[ info ] [ LOG ] INIT File
[ 2018-12-03T11:52:19+08:00 ][ info ] [ ROUTE ] array (
)
[ 2018-12-03T11:52:19+08:00 ][ info ] [ HEADER ] array (
)
[ 2018-12-03T11:52:19+08:00 ][ info ] [ PARAM ] array (
)
[ 2018-12-03T11:52:20+08:00 ][ info ] [ LANG ] /var/www/html/swoole-live/thinkphp/lang/zh-cn.php
[ info ] [ LOG ] INIT File
[ 2018-12-03T11:52:20+08:00 ][ info ] [ ROUTE ] array (
)
[ 2018-12-03T11:52:20+08:00 ][ info ] [ HEADER ] array (
)
[ 2018-12-03T11:52:20+08:00 ][ info ] [ PARAM ] array (
)
[ 2018-12-03T11:52:20+08:00 ][ info ] [ LANG ] /var/www/html/swoole-live/thinkphp/lang/zh-cn.php
[ info ] [ LOG ] INIT File
[ 2018-12-03T11:52:20+08:00 ][ info ] [ ROUTE ] array (
)
[ 2018-12-03T11:52:20+08:00 ][ info ] [ HEADER ] array (
)
[ 2018-12-03T11:52:20+08:00 ][ info ] [ PARAM ] array (
)
[ 2018-12-03T11:52:24+08:00 ][ info ] [ LANG ] /var/www/html/swoole-live/thinkphp/lang/zh-cn.php
[ info ] [ LOG ] INIT File
[ 2018-12-03T11:52:24+08:00 ][ info ] [ ROUTE ] array (
)
[ 2018-12-03T11:52:24+08:00 ][ info ] [ HEADER ] array (
)
[ 2018-12-03T11:52:24+08:00 ][ info ] [ PARAM ] array (
)
[ 2018-12-03T11:52:24+08:00 ][ info ] [ LANG ] /var/www/html/swoole-live/thinkphp/lang/zh-cn.php
[ info ] [ LOG ] INIT File
[ 2018-12-03T11:52:24+08:00 ][ info ] [ ROUTE ] array (
)
[ 2018-12-03T11:52:24+08:00 ][ info ] [ HEADER ] array (
)
[ 2018-12-03T11:52:24+08:00 ][ info ] [ PARAM ] array (
)
[ 2018-12-03T11:52:24+08:00 ][ info ] [ LANG ] /var/www/html/swoole-live/thinkphp/lang/zh-cn.php
[ info ] [ LOG ] INIT File
[ 2018-12-03T11:52:24+08:00 ][ info ] [ LANG ] /var/www/html/swoole-live/thinkphp/lang/zh-cn.php
[ info ] [ LOG ] INIT File
[ 2018-12-03T11:52:24+08:00 ][ info ] [ ROUTE ] array (
)
[ 2018-12-03T11:52:24+08:00 ][ info ] [ HEADER ] array (
)
[ 2018-12-03T11:52:24+08:00 ][ info ] [ PARAM ] array (
)
[ 2018-12-03T11:52:24+08:00 ][ info ] [ ROUTE ] array (
)
[ 2018-12-03T11:52:24+08:00 ][ info ] [ HEADER ] array (
)
[ 2018-12-03T11:52:24+08:00 ][ info ] [ PARAM ] array (
)
[ 2018-12-03T11:52:27+08:00 ][ info ] [ LANG ] /var/www/html/swoole-live/thinkphp/lang/zh-cn.php
[ 2018-12-03T11:52:27+08:00 ][ info ] [ ROUTE ] array (
)
[ 2018-12-03T11:52:27+08:00 ][ info ] [ HEADER ] array (
)
[ 2018-12-03T11:52:27+08:00 ][ info ] [ PARAM ] array (
)
[ 2018-12-03T11:52:28+08:00 ][ info ] [ LANG ] /var/www/html/swoole-live/thinkphp/lang/zh-cn.php
[ 2018-12-03T11:52:28+08:00 ][ info ] [ ROUTE ] array (
)
[ 2018-12-03T11:52:28+08:00 ][ info ] [ HEADER ] array (
)
[ 2018-12-03T11:52:28+08:00 ][ info ] [ PARAM ] array (
)
[ 2018-12-03T11:52:28+08:00 ][ info ] [ LANG ] /var/www/html/swoole-live/thinkphp/lang/zh-cn.php
[ 2018-12-03T11:52:28+08:00 ][ info ] [ ROUTE ] array (
)
[ 2018-12-03T11:52:28+08:00 ][ info ] [ HEADER ] array (
)
[ 2018-12-03T11:52:28+08:00 ][ info ] [ PARAM ] array (
)
[ 2018-12-03T11:52:31+08:00 ][ info ] [ LANG ] /var/www/html/swoole-live/thinkphp/lang/zh-cn.php
[ 2018-12-03T11:52:31+08:00 ][ info ] [ ROUTE ] array (
)
[ 2018-12-03T11:52:31+08:00 ][ info ] [ HEADER ] array (
)
[ 2018-12-03T11:52:31+08:00 ][ info ] [ PARAM ] array (
)
[ 2018-12-03T11:52:31+08:00 ][ info ] [ LANG ] /var/www/html/swoole-live/thinkphp/lang/zh-cn.php
[ 2018-12-03T11:52:31+08:00 ][ info ] [ ROUTE ] array (
)
[ 2018-12-03T11:52:31+08:00 ][ info ] [ HEADER ] array (
)
[ 2018-12-03T11:52:31+08:00 ][ info ] [ PARAM ] array (
)
[ 2018-12-03T11:52:31+08:00 ][ info ] [ LANG ] /var/www/html/swoole-live/thinkphp/lang/zh-cn.php
[ 2018-12-03T11:52:31+08:00 ][ info ] [ ROUTE ] array (
)
[ 2018-12-03T11:52:31+08:00 ][ info ] [ HEADER ] array (
)
[ 2018-12-03T11:52:31+08:00 ][ info ] [ PARAM ] array (
)
[ 2018-12-03T11:54:03+08:00 ][ info ] [ LANG ] /var/www/html/swoole-live/thinkphp/lang/zh-cn.php
[ info ] [ LOG ] INIT File
[ 2018-12-03T11:54:03+08:00 ][ info ] [ LANG ] /var/www/html/swoole-live/thinkphp/lang/zh-cn.php
[ info ] [ LOG ] INIT File
[ 2018-12-03T11:54:03+08:00 ][ info ] [ LANG ] /var/www/html/swoole-live/thinkphp/lang/zh-cn.php
[ info ] [ LOG ] INIT File
[ 2018-12-03T11:54:03+08:00 ][ info ] [ LANG ] /var/www/html/swoole-live/thinkphp/lang/zh-cn.php
[ info ] [ LOG ] INIT File
[ 2018-12-03T11:54:03+08:00 ][ info ] [ LANG ] /var/www/html/swoole-live/thinkphp/lang/zh-cn.php
[ info ] [ LOG ] INIT File
[ 2018-12-03T11:54:03+08:00 ][ info ] [ LANG ] /var/www/html/swoole-live/thinkphp/lang/zh-cn.php
[ info ] [ LOG ] INIT File
[ 2018-12-03T11:54:03+08:00 ][ info ] [ LANG ] /var/www/html/swoole-live/thinkphp/lang/zh-cn.php
[ info ] [ LOG ] INIT File
[ 2018-12-03T11:54:03+08:00 ][ info ] [ LANG ] /var/www/html/swoole-live/thinkphp/lang/zh-cn.php
[ info ] [ LOG ] INIT File
[ 2018-12-03T11:54:03+08:00 ][ info ] [ ROUTE ] array (
)
[ 2018-12-03T11:54:03+08:00 ][ info ] [ HEADER ] array (
)
[ 2018-12-03T11:54:03+08:00 ][ info ] [ PARAM ] array (
)
[ 2018-12-03T11:54:03+08:00 ][ info ] [ ROUTE ] array (
)
[ 2018-12-03T11:54:03+08:00 ][ info ] [ HEADER ] array (
)
[ 2018-12-03T11:54:03+08:00 ][ info ] [ PARAM ] array (
)
[ 2018-12-03T11:54:03+08:00 ][ info ] [ ROUTE ] array (
)
[ 2018-12-03T11:54:03+08:00 ][ info ] [ HEADER ] array (
)
[ 2018-12-03T11:54:03+08:00 ][ info ] [ PARAM ] array (
)
[ 2018-12-03T11:54:03+08:00 ][ info ] [ ROUTE ] array (
)
[ 2018-12-03T11:54:03+08:00 ][ info ] [ HEADER ] array (
)
[ 2018-12-03T11:54:03+08:00 ][ info ] [ PARAM ] array (
)
[ 2018-12-03T11:54:03+08:00 ][ info ] [ ROUTE ] array (
)
[ 2018-12-03T11:54:03+08:00 ][ info ] [ HEADER ] array (
)
[ 2018-12-03T11:54:03+08:00 ][ info ] [ PARAM ] array (
)
[ 2018-12-03T11:54:03+08:00 ][ info ] [ ROUTE ] array (
)
[ 2018-12-03T11:54:03+08:00 ][ info ] [ HEADER ] array (
)
[ 2018-12-03T11:54:03+08:00 ][ info ] [ PARAM ] array (
)
[ 2018-12-03T11:54:03+08:00 ][ info ] [ ROUTE ] array (
)
[ 2018-12-03T11:54:03+08:00 ][ info ] [ HEADER ] array (
)
[ 2018-12-03T11:54:03+08:00 ][ info ] [ PARAM ] array (
)
[ 2018-12-03T11:54:03+08:00 ][ info ] [ ROUTE ] array (
)
[ 2018-12-03T11:54:03+08:00 ][ info ] [ HEADER ] array (
)
[ 2018-12-03T11:54:03+08:00 ][ info ] [ PARAM ] array (
)
[ 2018-12-03T11:54:18+08:00 ][ info ] [ LANG ] /var/www/html/swoole-live/thinkphp/lang/zh-cn.php
[ 2018-12-03T11:54:18+08:00 ][ info ] [ ROUTE ] array (
)
[ 2018-12-03T11:54:18+08:00 ][ info ] [ HEADER ] array (
)
[ 2018-12-03T11:54:18+08:00 ][ info ] [ PARAM ] array (
  'type' => '1',
  'team_id' => '0',
  'content' => '123',
)
[ 2018-12-03T11:54:24+08:00 ][ info ] [ LANG ] /var/www/html/swoole-live/thinkphp/lang/zh-cn.php
[ 2018-12-03T11:54:24+08:00 ][ info ] [ ROUTE ] array (
)
[ 2018-12-03T11:54:24+08:00 ][ info ] [ HEADER ] array (
)
[ 2018-12-03T11:54:24+08:00 ][ info ] [ PARAM ] array (
  'type' => '1',
  'team_id' => '0',
  'content' => '123',
)
[ 2018-12-03T11:54:28+08:00 ][ info ] [ LANG ] /var/www/html/swoole-live/thinkphp/lang/zh-cn.php
[ 2018-12-03T11:54:28+08:00 ][ info ] [ ROUTE ] array (
)
[ 2018-12-03T11:54:28+08:00 ][ info ] [ HEADER ] array (
)
[ 2018-12-03T11:54:28+08:00 ][ info ] [ PARAM ] array (
  'type' => '1',
  'team_id' => '0',
  'content' => '123',
)
