---------------------------------------------------------------
[ 2018-12-17T03:46:23+08:00 ] 172.16.16.10 203.208.60.26 GET /swoole-live/public/
[ info ] ltfnevergiveup.cn/swoole-live/public/ [运行时间：0.557527s][吞吐率：1.79req/s] [内存消耗：279.61kb] [文件加载：46]
[ info ] [ LANG ] /var/www/html/swoole-live/thinkphp/lang/zh-cn.php
[ info ] [ ROUTE ] array (
)
[ info ] [ HEADER ] array (
  'host' => 'ltfnevergiveup.cn',
  'connection' => 'keep-alive',
  'accept' => 'text/html,application/xhtml+xml,application/xml;q=0.9,*/*;q=0.8',
  'from' => 'googlebot(at)googlebot.com',
  'user-agent' => 'Mozilla/5.0 (compatible; Googlebot/2.1; +http://www.google.com/bot.html)',
  'accept-encoding' => 'gzip,deflate,br',
)
[ info ] [ PARAM ] array (
)
[ info ] [ LOG ] INIT File
---------------------------------------------------------------
[ 2018-12-17T04:15:45+08:00 ] 172.16.16.10 203.208.60.2 GET /swoole-live/public/
[ info ] ltfnevergiveup.cn/swoole-live/public/ [运行时间：0.001404s][吞吐率：712.23req/s] [内存消耗：146.75kb] [文件加载：46]
[ info ] [ LANG ] /var/www/html/swoole-live/thinkphp/lang/zh-cn.php
[ info ] [ ROUTE ] array (
)
[ info ] [ HEADER ] array (
  'host' => 'ltfnevergiveup.cn',
  'connection' => 'keep-alive',
  'accept' => 'text/html,application/xhtml+xml,application/xml;q=0.9,*/*;q=0.8',
  'from' => 'googlebot(at)googlebot.com',
  'user-agent' => 'Mozilla/5.0 (Linux; Android 6.0.1; Nexus 5X Build/MMB29P) AppleWebKit/537.36 (KHTML, like Gecko) Chrome/41.0.2272.96 Mobile Safari/537.36 (compatible; Googlebot/2.1; +http://www.google.com/bot.html)',
  'accept-encoding' => 'gzip,deflate,br',
)
[ info ] [ PARAM ] array (
)
[ info ] [ LOG ] INIT File
