[ 2018-12-17T15:38:29+08:00 ][ info ] [ LANG ] /var/www/html/swoole-live/thinkphp/lang/zh-cn.php
[ info ] [ LOG ] INIT File
[ 2018-12-17T15:38:29+08:00 ][ info ] [ LANG ] /var/www/html/swoole-live/thinkphp/lang/zh-cn.php
[ info ] [ LOG ] INIT File
[ 2018-12-17T15:38:29+08:00 ][ info ] [ LANG ] /var/www/html/swoole-live/thinkphp/lang/zh-cn.php
[ info ] [ LOG ] INIT File
[ 2018-12-17T15:38:29+08:00 ][ info ] [ LANG ] /var/www/html/swoole-live/thinkphp/lang/zh-cn.php
[ info ] [ LOG ] INIT File
[ 2018-12-17T15:38:29+08:00 ][ info ] [ LANG ] /var/www/html/swoole-live/thinkphp/lang/zh-cn.php
[ info ] [ LOG ] INIT File
[ 2018-12-17T15:38:29+08:00 ][ info ] [ ROUTE ] array (
)
[ 2018-12-17T15:38:29+08:00 ][ info ] [ HEADER ] array (
)
[ 2018-12-17T15:38:29+08:00 ][ info ] [ PARAM ] array (
)
[ 2018-12-17T15:38:29+08:00 ][ info ] [ ROUTE ] array (
)
[ 2018-12-17T15:38:29+08:00 ][ info ] [ HEADER ] array (
)
[ 2018-12-17T15:38:29+08:00 ][ info ] [ PARAM ] array (
)
[ 2018-12-17T15:38:29+08:00 ][ info ] [ LANG ] /var/www/html/swoole-live/thinkphp/lang/zh-cn.php
[ info ] [ LOG ] INIT File
[ 2018-12-17T15:38:29+08:00 ][ info ] [ ROUTE ] array (
)
[ 2018-12-17T15:38:29+08:00 ][ info ] [ HEADER ] array (
)
[ 2018-12-17T15:38:29+08:00 ][ info ] [ PARAM ] array (
)
[ 2018-12-17T15:38:29+08:00 ][ info ] [ LANG ] /var/www/html/swoole-live/thinkphp/lang/zh-cn.php
[ info ] [ LOG ] INIT File
[ 2018-12-17T15:38:29+08:00 ][ info ] [ ROUTE ] array (
)
[ 2018-12-17T15:38:29+08:00 ][ info ] [ HEADER ] array (
)
[ 2018-12-17T15:38:29+08:00 ][ info ] [ PARAM ] array (
)
[ 2018-12-17T15:38:29+08:00 ][ info ] [ LANG ] /var/www/html/swoole-live/thinkphp/lang/zh-cn.php
[ info ] [ LOG ] INIT File
[ 2018-12-17T15:38:29+08:00 ][ info ] [ ROUTE ] array (
)
[ 2018-12-17T15:38:29+08:00 ][ info ] [ HEADER ] array (
)
[ 2018-12-17T15:38:29+08:00 ][ info ] [ PARAM ] array (
)
[ 2018-12-17T15:38:29+08:00 ][ info ] [ ROUTE ] array (
)
[ 2018-12-17T15:38:29+08:00 ][ info ] [ HEADER ] array (
)
[ 2018-12-17T15:38:29+08:00 ][ info ] [ PARAM ] array (
)
[ 2018-12-17T15:38:29+08:00 ][ info ] [ ROUTE ] array (
)
[ 2018-12-17T15:38:29+08:00 ][ info ] [ HEADER ] array (
)
[ 2018-12-17T15:38:29+08:00 ][ info ] [ PARAM ] array (
)
[ 2018-12-17T15:38:29+08:00 ][ info ] [ ROUTE ] array (
)
[ 2018-12-17T15:38:29+08:00 ][ info ] [ HEADER ] array (
)
[ 2018-12-17T15:38:29+08:00 ][ info ] [ PARAM ] array (
)
[ 2018-12-17T15:38:42+08:00 ][ info ] [ LANG ] /var/www/html/swoole-live/thinkphp/lang/zh-cn.php
[ 2018-12-17T15:38:42+08:00 ][ info ] [ ROUTE ] array (
)
[ 2018-12-17T15:38:42+08:00 ][ info ] [ HEADER ] array (
)
[ 2018-12-17T15:38:42+08:00 ][ info ] [ PARAM ] array (
)
[ 2018-12-17T15:39:10+08:00 ][ info ] [ LANG ] /var/www/html/swoole-live/thinkphp/lang/zh-cn.php
[ 2018-12-17T15:39:10+08:00 ][ info ] [ ROUTE ] array (
)
[ 2018-12-17T15:39:10+08:00 ][ info ] [ HEADER ] array (
)
[ 2018-12-17T15:39:10+08:00 ][ info ] [ PARAM ] array (
  'type' => '1',
  'team_id' => '4',
  'content' => 'hi 小星',
)
[ 2018-12-17T15:39:25+08:00 ][ error ] [1]Uncaught think\exception\ErrorException: Invalid argument supplied for foreach() in /var/www/html/swoole-live/application/common/lib/task/Task.php:44
Stack trace:
#0 /var/www/html/swoole-live/application/common/lib/task/Task.php(44): think\Error::appError(2, 'Invalid argumen...', '/var/www/html/s...', 44, Array)
#1 /var/www/html/swoole-live/server/ws.php(136): app\common\lib\task\Task->pushLive(Array, Object(Swoole\WebSocket\Server))
#2 [internal function]: Ws->onTask(Object(Swoole\WebSocket\Server), 0, 3, Array)
#3 /var/www/html/swoole-live/server/ws.php(44): Swoole\Http\Server->start()
#4 /var/www/html/swoole-live/server/ws.php(176): Ws->__construct()
#5 {main}
  thrown[/var/www/html/swoole-live/application/common/lib/task/Task.php:44]
[ 2018-12-17T15:39:25+08:00 ][ info ] [ LANG ] /var/www/html/swoole-live/thinkphp/lang/zh-cn.php
[ info ] [ LOG ] INIT File
[ 2018-12-17T15:39:25+08:00 ][ info ] [ ROUTE ] array (
)
[ 2018-12-17T15:39:25+08:00 ][ info ] [ HEADER ] array (
)
[ 2018-12-17T15:39:25+08:00 ][ info ] [ PARAM ] array (
)
[ 2018-12-17T15:39:29+08:00 ][ info ] [ LANG ] /var/www/html/swoole-live/thinkphp/lang/zh-cn.php
[ 2018-12-17T15:39:29+08:00 ][ info ] [ ROUTE ] array (
)
[ 2018-12-17T15:39:29+08:00 ][ info ] [ HEADER ] array (
)
[ 2018-12-17T15:39:29+08:00 ][ info ] [ PARAM ] array (
  'type' => '1',
  'team_id' => '4',
  'content' => '23123',
)
[ 2018-12-17T15:39:29+08:00 ][ error ] [1]Uncaught think\exception\ErrorException: Invalid argument supplied for foreach() in /var/www/html/swoole-live/application/common/lib/task/Task.php:44
Stack trace:
#0 /var/www/html/swoole-live/application/common/lib/task/Task.php(44): think\Error::appError(2, 'Invalid argumen...', '/var/www/html/s...', 44, Array)
#1 /var/www/html/swoole-live/server/ws.php(136): app\common\lib\task\Task->pushLive(Array, Object(Swoole\WebSocket\Server))
#2 [internal function]: Ws->onTask(Object(Swoole\WebSocket\Server), 0, 0, Array)
#3 /var/www/html/swoole-live/server/ws.php(44): Swoole\Http\Server->start()
#4 /var/www/html/swoole-live/server/ws.php(176): Ws->__construct()
#5 {main}
  thrown[/var/www/html/swoole-live/application/common/lib/task/Task.php:44]
[ 2018-12-17T15:39:29+08:00 ][ info ] [ LANG ] /var/www/html/swoole-live/thinkphp/lang/zh-cn.php
[ info ] [ LOG ] INIT File
[ 2018-12-17T15:39:29+08:00 ][ info ] [ ROUTE ] array (
)
[ 2018-12-17T15:39:29+08:00 ][ info ] [ HEADER ] array (
)
[ 2018-12-17T15:39:29+08:00 ][ info ] [ PARAM ] array (
)
[ 2018-12-17T15:39:37+08:00 ][ info ] [ LANG ] /var/www/html/swoole-live/thinkphp/lang/zh-cn.php
[ 2018-12-17T15:39:37+08:00 ][ info ] [ ROUTE ] array (
)
[ 2018-12-17T15:39:37+08:00 ][ info ] [ HEADER ] array (
)
[ 2018-12-17T15:39:37+08:00 ][ info ] [ PARAM ] array (
  'type' => '1',
  'team_id' => '4',
  'content' => 'hi 小星',
)
[ 2018-12-17T15:39:41+08:00 ][ info ] [ LANG ] /var/www/html/swoole-live/thinkphp/lang/zh-cn.php
[ 2018-12-17T15:39:41+08:00 ][ info ] [ ROUTE ] array (
)
[ 2018-12-17T15:39:41+08:00 ][ info ] [ HEADER ] array (
)
[ 2018-12-17T15:39:41+08:00 ][ info ] [ PARAM ] array (
  'type' => '1',
  'team_id' => '4',
  'content' => 'hi 小星',
)
[ 2018-12-17T15:39:47+08:00 ][ info ] [ LANG ] /var/www/html/swoole-live/thinkphp/lang/zh-cn.php
[ 2018-12-17T15:39:47+08:00 ][ info ] [ ROUTE ] array (
)
[ 2018-12-17T15:39:47+08:00 ][ info ] [ HEADER ] array (
)
[ 2018-12-17T15:39:47+08:00 ][ info ] [ PARAM ] array (
  'type' => '1',
  'team_id' => '4',
  'content' => 'hi 小星',
)
[ 2018-12-17T15:39:47+08:00 ][ error ] [1]Uncaught think\exception\ErrorException: Invalid argument supplied for foreach() in /var/www/html/swoole-live/application/common/lib/task/Task.php:44
Stack trace:
#0 /var/www/html/swoole-live/application/common/lib/task/Task.php(44): think\Error::appError(2, 'Invalid argumen...', '/var/www/html/s...', 44, Array)
#1 /var/www/html/swoole-live/server/ws.php(136): app\common\lib\task\Task->pushLive(Array, Object(Swoole\WebSocket\Server))
#2 [internal function]: Ws->onTask(Object(Swoole\WebSocket\Server), 1, 3, Array)
#3 /var/www/html/swoole-live/server/ws.php(44): Swoole\Http\Server->start()
#4 /var/www/html/swoole-live/server/ws.php(176): Ws->__construct()
#5 {main}
  thrown[/var/www/html/swoole-live/application/common/lib/task/Task.php:44]
[ 2018-12-17T15:39:47+08:00 ][ info ] [ LANG ] /var/www/html/swoole-live/thinkphp/lang/zh-cn.php
[ info ] [ LOG ] INIT File
[ 2018-12-17T15:39:47+08:00 ][ info ] [ ROUTE ] array (
)
[ 2018-12-17T15:39:47+08:00 ][ info ] [ HEADER ] array (
)
[ 2018-12-17T15:39:47+08:00 ][ info ] [ PARAM ] array (
)
[ 2018-12-17T15:40:11+08:00 ][ info ] [ LANG ] /var/www/html/swoole-live/thinkphp/lang/zh-cn.php
[ 2018-12-17T15:40:11+08:00 ][ info ] [ ROUTE ] array (
)
[ 2018-12-17T15:40:11+08:00 ][ info ] [ HEADER ] array (
)
[ 2018-12-17T15:40:11+08:00 ][ info ] [ PARAM ] array (
  'type' => '1',
  'team_id' => '4',
  'content' => '23123',
)
[ 2018-12-17T15:40:11+08:00 ][ error ] [1]Uncaught think\exception\ErrorException: Invalid argument supplied for foreach() in /var/www/html/swoole-live/application/common/lib/task/Task.php:44
Stack trace:
#0 /var/www/html/swoole-live/application/common/lib/task/Task.php(44): think\Error::appError(2, 'Invalid argumen...', '/var/www/html/s...', 44, Array)
#1 /var/www/html/swoole-live/server/ws.php(136): app\common\lib\task\Task->pushLive(Array, Object(Swoole\WebSocket\Server))
#2 [internal function]: Ws->onTask(Object(Swoole\WebSocket\Server), 1, 0, Array)
#3 /var/www/html/swoole-live/server/ws.php(44): Swoole\Http\Server->start()
#4 /var/www/html/swoole-live/server/ws.php(176): Ws->__construct()
#5 {main}
  thrown[/var/www/html/swoole-live/application/common/lib/task/Task.php:44]
[ 2018-12-17T15:40:11+08:00 ][ info ] [ LANG ] /var/www/html/swoole-live/thinkphp/lang/zh-cn.php
[ info ] [ LOG ] INIT File
[ 2018-12-17T15:40:11+08:00 ][ info ] [ ROUTE ] array (
)
[ 2018-12-17T15:40:11+08:00 ][ info ] [ HEADER ] array (
)
[ 2018-12-17T15:40:11+08:00 ][ info ] [ PARAM ] array (
)
[ 2018-12-17T15:40:12+08:00 ][ info ] [ LANG ] /var/www/html/swoole-live/thinkphp/lang/zh-cn.php
[ 2018-12-17T15:40:12+08:00 ][ info ] [ ROUTE ] array (
)
[ 2018-12-17T15:40:12+08:00 ][ info ] [ HEADER ] array (
)
[ 2018-12-17T15:40:12+08:00 ][ info ] [ PARAM ] array (
  'type' => '1',
  'team_id' => '4',
  'content' => 'hi 小星',
)
[ 2018-12-17T15:40:22+08:00 ][ info ] [ LANG ] /var/www/html/swoole-live/thinkphp/lang/zh-cn.php
[ 2018-12-17T15:40:22+08:00 ][ info ] [ ROUTE ] array (
)
[ 2018-12-17T15:40:22+08:00 ][ info ] [ HEADER ] array (
)
[ 2018-12-17T15:40:22+08:00 ][ info ] [ PARAM ] array (
  'type' => '1',
  'team_id' => '4',
  'content' => '23123',
)
[ 2018-12-17T15:40:22+08:00 ][ error ] [1]Uncaught think\exception\ErrorException: Invalid argument supplied for foreach() in /var/www/html/swoole-live/application/common/lib/task/Task.php:44
Stack trace:
#0 /var/www/html/swoole-live/application/common/lib/task/Task.php(44): think\Error::appError(2, 'Invalid argumen...', '/var/www/html/s...', 44, Array)
#1 /var/www/html/swoole-live/server/ws.php(136): app\common\lib\task\Task->pushLive(Array, Object(Swoole\WebSocket\Server))
#2 [internal function]: Ws->onTask(Object(Swoole\WebSocket\Server), 2, 0, Array)
#3 /var/www/html/swoole-live/server/ws.php(44): Swoole\Http\Server->start()
#4 /var/www/html/swoole-live/server/ws.php(176): Ws->__construct()
#5 {main}
  thrown[/var/www/html/swoole-live/application/common/lib/task/Task.php:44]
[ 2018-12-17T15:40:22+08:00 ][ info ] [ LANG ] /var/www/html/swoole-live/thinkphp/lang/zh-cn.php
[ info ] [ LOG ] INIT File
[ 2018-12-17T15:40:22+08:00 ][ info ] [ ROUTE ] array (
)
[ 2018-12-17T15:40:22+08:00 ][ info ] [ HEADER ] array (
)
[ 2018-12-17T15:40:22+08:00 ][ info ] [ PARAM ] array (
)
[ 2018-12-17T15:42:58+08:00 ][ info ] [ LANG ] /var/www/html/swoole-live/thinkphp/lang/zh-cn.php
[ info ] [ LOG ] INIT File
[ 2018-12-17T15:42:58+08:00 ][ info ] [ LANG ] /var/www/html/swoole-live/thinkphp/lang/zh-cn.php
[ info ] [ LOG ] INIT File
[ 2018-12-17T15:42:58+08:00 ][ info ] [ LANG ] /var/www/html/swoole-live/thinkphp/lang/zh-cn.php
[ info ] [ LOG ] INIT File
[ 2018-12-17T15:42:58+08:00 ][ info ] [ LANG ] /var/www/html/swoole-live/thinkphp/lang/zh-cn.php
[ info ] [ LOG ] INIT File
[ 2018-12-17T15:42:58+08:00 ][ info ] [ LANG ] /var/www/html/swoole-live/thinkphp/lang/zh-cn.php
[ info ] [ LOG ] INIT File
[ 2018-12-17T15:42:58+08:00 ][ info ] [ ROUTE ] array (
)
[ 2018-12-17T15:42:58+08:00 ][ info ] [ HEADER ] array (
)
[ 2018-12-17T15:42:58+08:00 ][ info ] [ PARAM ] array (
)
[ 2018-12-17T15:42:58+08:00 ][ info ] [ LANG ] /var/www/html/swoole-live/thinkphp/lang/zh-cn.php
[ info ] [ LOG ] INIT File
[ 2018-12-17T15:42:58+08:00 ][ info ] [ ROUTE ] array (
)
[ 2018-12-17T15:42:58+08:00 ][ info ] [ HEADER ] array (
)
[ 2018-12-17T15:42:58+08:00 ][ info ] [ PARAM ] array (
)
[ 2018-12-17T15:42:58+08:00 ][ info ] [ ROUTE ] array (
)
[ 2018-12-17T15:42:58+08:00 ][ info ] [ HEADER ] array (
)
[ 2018-12-17T15:42:58+08:00 ][ info ] [ PARAM ] array (
)
[ 2018-12-17T15:42:58+08:00 ][ info ] [ LANG ] /var/www/html/swoole-live/thinkphp/lang/zh-cn.php
[ info ] [ LOG ] INIT File
[ 2018-12-17T15:42:58+08:00 ][ info ] [ ROUTE ] array (
)
[ 2018-12-17T15:42:58+08:00 ][ info ] [ HEADER ] array (
)
[ 2018-12-17T15:42:58+08:00 ][ info ] [ PARAM ] array (
)
[ 2018-12-17T15:42:58+08:00 ][ info ] [ LANG ] /var/www/html/swoole-live/thinkphp/lang/zh-cn.php
[ info ] [ LOG ] INIT File
[ 2018-12-17T15:42:58+08:00 ][ info ] [ ROUTE ] array (
)
[ 2018-12-17T15:42:58+08:00 ][ info ] [ HEADER ] array (
)
[ 2018-12-17T15:42:58+08:00 ][ info ] [ PARAM ] array (
)
[ 2018-12-17T15:42:58+08:00 ][ info ] [ ROUTE ] array (
)
[ 2018-12-17T15:42:58+08:00 ][ info ] [ HEADER ] array (
)
[ 2018-12-17T15:42:58+08:00 ][ info ] [ PARAM ] array (
)
[ 2018-12-17T15:42:58+08:00 ][ info ] [ ROUTE ] array (
)
[ 2018-12-17T15:42:58+08:00 ][ info ] [ HEADER ] array (
)
[ 2018-12-17T15:42:58+08:00 ][ info ] [ PARAM ] array (
)
[ 2018-12-17T15:42:58+08:00 ][ info ] [ ROUTE ] array (
)
[ 2018-12-17T15:42:58+08:00 ][ info ] [ HEADER ] array (
)
[ 2018-12-17T15:42:58+08:00 ][ info ] [ PARAM ] array (
)
[ 2018-12-17T15:43:07+08:00 ][ info ] [ LANG ] /var/www/html/swoole-live/thinkphp/lang/zh-cn.php
[ 2018-12-17T15:43:07+08:00 ][ info ] [ ROUTE ] array (
)
[ 2018-12-17T15:43:07+08:00 ][ info ] [ HEADER ] array (
)
[ 2018-12-17T15:43:07+08:00 ][ info ] [ PARAM ] array (
)
[ 2018-12-17T15:43:11+08:00 ][ info ] [ LANG ] /var/www/html/swoole-live/thinkphp/lang/zh-cn.php
[ 2018-12-17T15:43:11+08:00 ][ info ] [ ROUTE ] array (
)
[ 2018-12-17T15:43:11+08:00 ][ info ] [ HEADER ] array (
)
[ 2018-12-17T15:43:11+08:00 ][ info ] [ PARAM ] array (
)
[ 2018-12-17T15:43:21+08:00 ][ info ] [ LANG ] /var/www/html/swoole-live/thinkphp/lang/zh-cn.php
[ 2018-12-17T15:43:21+08:00 ][ info ] [ ROUTE ] array (
)
[ 2018-12-17T15:43:21+08:00 ][ info ] [ HEADER ] array (
)
[ 2018-12-17T15:43:21+08:00 ][ info ] [ PARAM ] array (
  'type' => '3',
  'team_id' => '4',
  'content' => '123214',
)
