[ 2018-12-19T10:30:33+08:00 ][ info ] [ LANG ] /var/www/html/swoole-live/thinkphp/lang/zh-cn.php
[ info ] [ LOG ] INIT File
[ 2018-12-19T10:30:33+08:00 ][ info ] [ LANG ] /var/www/html/swoole-live/thinkphp/lang/zh-cn.php
[ info ] [ LOG ] INIT File
[ 2018-12-19T10:30:33+08:00 ][ info ] [ LANG ] /var/www/html/swoole-live/thinkphp/lang/zh-cn.php
[ info ] [ LOG ] INIT File
[ 2018-12-19T10:30:33+08:00 ][ info ] [ LANG ] /var/www/html/swoole-live/thinkphp/lang/zh-cn.php
[ info ] [ LOG ] INIT File
[ 2018-12-19T10:30:33+08:00 ][ info ] [ LANG ] /var/www/html/swoole-live/thinkphp/lang/zh-cn.php
[ info ] [ LOG ] INIT File
[ 2018-12-19T10:30:33+08:00 ][ info ] [ ROUTE ] array (
)
[ 2018-12-19T10:30:33+08:00 ][ info ] [ HEADER ] array (
)
[ 2018-12-19T10:30:33+08:00 ][ info ] [ PARAM ] array (
)
[ 2018-12-19T10:30:33+08:00 ][ info ] [ LANG ] /var/www/html/swoole-live/thinkphp/lang/zh-cn.php
[ info ] [ LOG ] INIT File
[ 2018-12-19T10:30:33+08:00 ][ info ] [ ROUTE ] array (
)
[ 2018-12-19T10:30:33+08:00 ][ info ] [ HEADER ] array (
)
[ 2018-12-19T10:30:33+08:00 ][ info ] [ PARAM ] array (
)
[ 2018-12-19T10:30:33+08:00 ][ info ] [ LANG ] /var/www/html/swoole-live/thinkphp/lang/zh-cn.php
[ info ] [ LOG ] INIT File
[ 2018-12-19T10:30:33+08:00 ][ info ] [ ROUTE ] array (
)
[ 2018-12-19T10:30:33+08:00 ][ info ] [ HEADER ] array (
)
[ 2018-12-19T10:30:33+08:00 ][ info ] [ PARAM ] array (
)
[ 2018-12-19T10:30:33+08:00 ][ info ] [ LANG ] /var/www/html/swoole-live/thinkphp/lang/zh-cn.php
[ info ] [ LOG ] INIT File
[ 2018-12-19T10:30:33+08:00 ][ info ] [ ROUTE ] array (
)
[ 2018-12-19T10:30:33+08:00 ][ info ] [ HEADER ] array (
)
[ 2018-12-19T10:30:33+08:00 ][ info ] [ PARAM ] array (
)
[ 2018-12-19T10:30:33+08:00 ][ info ] [ ROUTE ] array (
)
[ 2018-12-19T10:30:33+08:00 ][ info ] [ HEADER ] array (
)
[ 2018-12-19T10:30:33+08:00 ][ info ] [ PARAM ] array (
)
[ 2018-12-19T10:30:33+08:00 ][ info ] [ ROUTE ] array (
)
[ 2018-12-19T10:30:33+08:00 ][ info ] [ HEADER ] array (
)
[ 2018-12-19T10:30:33+08:00 ][ info ] [ PARAM ] array (
)
[ 2018-12-19T10:30:33+08:00 ][ info ] [ ROUTE ] array (
)
[ 2018-12-19T10:30:33+08:00 ][ info ] [ HEADER ] array (
)
[ 2018-12-19T10:30:33+08:00 ][ info ] [ PARAM ] array (
)
[ 2018-12-19T10:30:33+08:00 ][ info ] [ ROUTE ] array (
)
[ 2018-12-19T10:30:33+08:00 ][ info ] [ HEADER ] array (
)
[ 2018-12-19T10:30:33+08:00 ][ info ] [ PARAM ] array (
)
[ 2018-12-19T10:30:48+08:00 ][ info ] [ LANG ] /var/www/html/swoole-live/thinkphp/lang/zh-cn.php
[ 2018-12-19T10:30:48+08:00 ][ info ] [ ROUTE ] array (
)
[ 2018-12-19T10:30:48+08:00 ][ info ] [ HEADER ] array (
)
[ 2018-12-19T10:30:48+08:00 ][ info ] [ PARAM ] array (
)
[ 2018-12-19T10:30:52+08:00 ][ info ] [ LANG ] /var/www/html/swoole-live/thinkphp/lang/zh-cn.php
[ 2018-12-19T10:30:52+08:00 ][ info ] [ ROUTE ] array (
)
[ 2018-12-19T10:30:52+08:00 ][ info ] [ HEADER ] array (
)
[ 2018-12-19T10:30:52+08:00 ][ info ] [ PARAM ] array (
)
[ 2018-12-19T10:30:59+08:00 ][ info ] [ LANG ] /var/www/html/swoole-live/thinkphp/lang/zh-cn.php
[ 2018-12-19T10:30:59+08:00 ][ info ] [ ROUTE ] array (
)
[ 2018-12-19T10:30:59+08:00 ][ info ] [ HEADER ] array (
)
[ 2018-12-19T10:30:59+08:00 ][ info ] [ PARAM ] array (
)
[ 2018-12-19T10:31:09+08:00 ][ info ] [ LANG ] /var/www/html/swoole-live/thinkphp/lang/zh-cn.php
[ 2018-12-19T10:31:09+08:00 ][ info ] [ ROUTE ] array (
)
[ 2018-12-19T10:31:09+08:00 ][ info ] [ HEADER ] array (
)
[ 2018-12-19T10:31:09+08:00 ][ info ] [ PARAM ] array (
)
[ 2018-12-19T10:31:15+08:00 ][ info ] [ LANG ] /var/www/html/swoole-live/thinkphp/lang/zh-cn.php
[ 2018-12-19T10:31:15+08:00 ][ info ] [ ROUTE ] array (
)
[ 2018-12-19T10:31:15+08:00 ][ info ] [ HEADER ] array (
)
[ 2018-12-19T10:31:15+08:00 ][ info ] [ PARAM ] array (
  'type' => '1',
  'team_id' => '1',
  'content' => '23123',
)
[ 2018-12-19T10:31:38+08:00 ][ info ] [ LANG ] /var/www/html/swoole-live/thinkphp/lang/zh-cn.php
[ 2018-12-19T10:31:38+08:00 ][ info ] [ ROUTE ] array (
)
[ 2018-12-19T10:31:38+08:00 ][ info ] [ HEADER ] array (
)
[ 2018-12-19T10:31:38+08:00 ][ info ] [ PARAM ] array (
  'type' => '1',
  'team_id' => '1',
  'content' => '23123',
)
[ 2018-12-19T10:31:45+08:00 ][ info ] [ LANG ] /var/www/html/swoole-live/thinkphp/lang/zh-cn.php
[ 2018-12-19T10:31:45+08:00 ][ info ] [ ROUTE ] array (
)
[ 2018-12-19T10:31:45+08:00 ][ info ] [ HEADER ] array (
)
[ 2018-12-19T10:31:45+08:00 ][ info ] [ PARAM ] array (
  'type' => '1',
  'team_id' => '1',
  'content' => '23123',
)
[ 2018-12-19T10:31:56+08:00 ][ info ] [ LANG ] /var/www/html/swoole-live/thinkphp/lang/zh-cn.php
[ 2018-12-19T10:31:56+08:00 ][ info ] [ ROUTE ] array (
)
[ 2018-12-19T10:31:56+08:00 ][ info ] [ HEADER ] array (
)
[ 2018-12-19T10:31:56+08:00 ][ info ] [ PARAM ] array (
  'type' => '1',
  'team_id' => '1',
  'content' => '23123',
)
[ 2018-12-19T10:32:01+08:00 ][ info ] [ LANG ] /var/www/html/swoole-live/thinkphp/lang/zh-cn.php
[ 2018-12-19T10:32:01+08:00 ][ info ] [ ROUTE ] array (
)
[ 2018-12-19T10:32:01+08:00 ][ info ] [ HEADER ] array (
)
[ 2018-12-19T10:32:01+08:00 ][ info ] [ PARAM ] array (
  'type' => '1',
  'team_id' => '1',
  'content' => '23123',
)
[ 2018-12-19T10:32:12+08:00 ][ info ] [ LANG ] /var/www/html/swoole-live/thinkphp/lang/zh-cn.php
[ 2018-12-19T10:32:12+08:00 ][ info ] [ ROUTE ] array (
)
[ 2018-12-19T10:32:12+08:00 ][ info ] [ HEADER ] array (
)
[ 2018-12-19T10:32:12+08:00 ][ info ] [ PARAM ] array (
  'type' => '1',
  'team_id' => '1',
  'content' => '23123',
)
