[ 2018-12-21T14:16:12+08:00 ][ info ] [ LANG ] /var/www/html/swoole-live/thinkphp/lang/zh-cn.php
[ info ] [ LOG ] INIT File
[ 2018-12-21T14:16:12+08:00 ][ info ] [ LANG ] /var/www/html/swoole-live/thinkphp/lang/zh-cn.php
[ info ] [ LOG ] INIT File
[ 2018-12-21T14:16:12+08:00 ][ info ] [ LANG ] /var/www/html/swoole-live/thinkphp/lang/zh-cn.php
[ info ] [ LOG ] INIT File
[ 2018-12-21T14:16:12+08:00 ][ info ] [ LANG ] /var/www/html/swoole-live/thinkphp/lang/zh-cn.php
[ info ] [ LOG ] INIT File
[ 2018-12-21T14:16:12+08:00 ][ info ] [ LANG ] /var/www/html/swoole-live/thinkphp/lang/zh-cn.php
[ info ] [ LOG ] INIT File
[ 2018-12-21T14:16:12+08:00 ][ info ] [ LANG ] /var/www/html/swoole-live/thinkphp/lang/zh-cn.php
[ info ] [ LOG ] INIT File
[ 2018-12-21T14:16:12+08:00 ][ info ] [ LANG ] /var/www/html/swoole-live/thinkphp/lang/zh-cn.php
[ info ] [ LOG ] INIT File
[ 2018-12-21T14:16:12+08:00 ][ info ] [ LANG ] /var/www/html/swoole-live/thinkphp/lang/zh-cn.php
[ info ] [ LOG ] INIT File
[ 2018-12-21T14:16:12+08:00 ][ info ] [ ROUTE ] array (
)
[ 2018-12-21T14:16:12+08:00 ][ info ] [ HEADER ] array (
)
[ 2018-12-21T14:16:12+08:00 ][ info ] [ PARAM ] array (
)
[ 2018-12-21T14:16:12+08:00 ][ info ] [ ROUTE ] array (
)
[ 2018-12-21T14:16:12+08:00 ][ info ] [ HEADER ] array (
)
[ 2018-12-21T14:16:12+08:00 ][ info ] [ PARAM ] array (
)
[ 2018-12-21T14:16:12+08:00 ][ info ] [ ROUTE ] array (
)
[ 2018-12-21T14:16:12+08:00 ][ info ] [ HEADER ] array (
)
[ 2018-12-21T14:16:12+08:00 ][ info ] [ PARAM ] array (
)
[ 2018-12-21T14:16:12+08:00 ][ info ] [ ROUTE ] array (
)
[ 2018-12-21T14:16:12+08:00 ][ info ] [ HEADER ] array (
)
[ 2018-12-21T14:16:12+08:00 ][ info ] [ PARAM ] array (
)
[ 2018-12-21T14:16:12+08:00 ][ info ] [ ROUTE ] array (
)
[ 2018-12-21T14:16:12+08:00 ][ info ] [ HEADER ] array (
)
[ 2018-12-21T14:16:12+08:00 ][ info ] [ PARAM ] array (
)
[ 2018-12-21T14:16:12+08:00 ][ info ] [ ROUTE ] array (
)
[ 2018-12-21T14:16:12+08:00 ][ info ] [ HEADER ] array (
)
[ 2018-12-21T14:16:12+08:00 ][ info ] [ PARAM ] array (
)
[ 2018-12-21T14:16:12+08:00 ][ info ] [ ROUTE ] array (
)
[ 2018-12-21T14:16:12+08:00 ][ info ] [ HEADER ] array (
)
[ 2018-12-21T14:16:12+08:00 ][ info ] [ PARAM ] array (
)
[ 2018-12-21T14:16:12+08:00 ][ info ] [ ROUTE ] array (
)
[ 2018-12-21T14:16:12+08:00 ][ info ] [ HEADER ] array (
)
[ 2018-12-21T14:16:12+08:00 ][ info ] [ PARAM ] array (
)
[ 2018-12-21T14:16:45+08:00 ][ info ] [ LANG ] /var/www/html/swoole-live/thinkphp/lang/zh-cn.php
[ 2018-12-21T14:16:45+08:00 ][ info ] [ ROUTE ] array (
)
[ 2018-12-21T14:16:45+08:00 ][ info ] [ HEADER ] array (
)
[ 2018-12-21T14:16:45+08:00 ][ info ] [ PARAM ] array (
)
[ 2018-12-21T14:17:31+08:00 ][ info ] [ LANG ] /var/www/html/swoole-live/thinkphp/lang/zh-cn.php
[ info ] [ LOG ] INIT File
[ 2018-12-21T14:17:31+08:00 ][ info ] [ LANG ] /var/www/html/swoole-live/thinkphp/lang/zh-cn.php
[ info ] [ LOG ] INIT File
[ 2018-12-21T14:17:31+08:00 ][ info ] [ LANG ] /var/www/html/swoole-live/thinkphp/lang/zh-cn.php
[ info ] [ LOG ] INIT File
[ 2018-12-21T14:17:31+08:00 ][ info ] [ LANG ] /var/www/html/swoole-live/thinkphp/lang/zh-cn.php
[ info ] [ LOG ] INIT File
[ 2018-12-21T14:17:31+08:00 ][ info ] [ LANG ] /var/www/html/swoole-live/thinkphp/lang/zh-cn.php
[ info ] [ LOG ] INIT File
[ 2018-12-21T14:17:31+08:00 ][ info ] [ ROUTE ] array (
)
[ 2018-12-21T14:17:31+08:00 ][ info ] [ HEADER ] array (
)
[ 2018-12-21T14:17:31+08:00 ][ info ] [ PARAM ] array (
)
[ 2018-12-21T14:17:31+08:00 ][ info ] [ LANG ] /var/www/html/swoole-live/thinkphp/lang/zh-cn.php
[ info ] [ LOG ] INIT File
[ 2018-12-21T14:17:31+08:00 ][ info ] [ ROUTE ] array (
)
[ 2018-12-21T14:17:31+08:00 ][ info ] [ HEADER ] array (
)
[ 2018-12-21T14:17:31+08:00 ][ info ] [ PARAM ] array (
)
[ 2018-12-21T14:17:31+08:00 ][ info ] [ LANG ] /var/www/html/swoole-live/thinkphp/lang/zh-cn.php
[ info ] [ LOG ] INIT File
[ 2018-12-21T14:17:31+08:00 ][ info ] [ ROUTE ] array (
)
[ 2018-12-21T14:17:31+08:00 ][ info ] [ HEADER ] array (
)
[ 2018-12-21T14:17:31+08:00 ][ info ] [ PARAM ] array (
)
[ 2018-12-21T14:17:31+08:00 ][ info ] [ ROUTE ] array (
)
[ 2018-12-21T14:17:31+08:00 ][ info ] [ HEADER ] array (
)
[ 2018-12-21T14:17:31+08:00 ][ info ] [ PARAM ] array (
)
[ 2018-12-21T14:17:31+08:00 ][ info ] [ ROUTE ] array (
)
[ 2018-12-21T14:17:31+08:00 ][ info ] [ HEADER ] array (
)
[ 2018-12-21T14:17:31+08:00 ][ info ] [ PARAM ] array (
)
[ 2018-12-21T14:17:31+08:00 ][ info ] [ ROUTE ] array (
)
[ 2018-12-21T14:17:31+08:00 ][ info ] [ HEADER ] array (
)
[ 2018-12-21T14:17:31+08:00 ][ info ] [ PARAM ] array (
)
[ 2018-12-21T14:17:31+08:00 ][ info ] [ ROUTE ] array (
)
[ 2018-12-21T14:17:31+08:00 ][ info ] [ HEADER ] array (
)
[ 2018-12-21T14:17:31+08:00 ][ info ] [ PARAM ] array (
)
[ 2018-12-21T14:17:31+08:00 ][ info ] [ LANG ] /var/www/html/swoole-live/thinkphp/lang/zh-cn.php
[ info ] [ LOG ] INIT File
[ 2018-12-21T14:17:31+08:00 ][ info ] [ ROUTE ] array (
)
[ 2018-12-21T14:17:31+08:00 ][ info ] [ HEADER ] array (
)
[ 2018-12-21T14:17:31+08:00 ][ info ] [ PARAM ] array (
)
