---------------------------------------------------------------
[ 2018-12-24T08:58:03+08:00 ] 172.16.16.10 144.217.171.225 GET /swoole-live/public/
[ info ] ltfnevergiveup.cn/swoole-live/public/ [运行时间：0.399072s][吞吐率：2.51req/s] [内存消耗：278.96kb] [文件加载：46]
[ info ] [ LANG ] /var/www/html/swoole-live/thinkphp/lang/zh-cn.php
[ info ] [ ROUTE ] array (
)
[ info ] [ HEADER ] array (
  'accept' => 'text/html,application/xhtml+xml,application/xml;q=0.9,*/*;q=0.8',
  'user-agent' => 'Mozilla/5.0 (Windows NT 10.0; Win64; x64) AppleWebKit/537.36 (KHTML, like Gecko) Chrome/70.0.3538.102 Safari/537.36',
  'accept-language' => 'en-US',
  'connection' => 'Keep-Alive',
  'accept-encoding' => 'gzip, deflate',
  'host' => 'ltfnevergiveup.cn',
)
[ info ] [ PARAM ] array (
)
[ info ] [ LOG ] INIT File
---------------------------------------------------------------
[ 2018-12-24T08:58:33+08:00 ] 172.16.16.10 144.217.171.225 GET /swoole-live/public/
[ info ] ltfnevergiveup.cn/swoole-live/public/ [运行时间：0.002903s][吞吐率：344.47req/s] [内存消耗：147.10kb] [文件加载：46]
[ info ] [ LANG ] /var/www/html/swoole-live/thinkphp/lang/zh-cn.php
[ info ] [ ROUTE ] array (
)
[ info ] [ HEADER ] array (
  'accept' => 'text/html,application/xhtml+xml,application/xml;q=0.9,*/*;q=0.8',
  'user-agent' => 'Mozilla/5.0 (Windows NT 10.0; Win64; x64) AppleWebKit/537.36 (KHTML, like Gecko) Chrome/64.0.3282.140 Safari/537.36 Edge/17.17134',
  'accept-language' => 'en-US',
  'connection' => 'Keep-Alive',
  'accept-encoding' => 'gzip, deflate',
  'host' => 'ltfnevergiveup.cn',
)
[ info ] [ PARAM ] array (
)
[ info ] [ LOG ] INIT File
---------------------------------------------------------------
[ 2018-12-24T11:04:24+08:00 ] 172.16.16.10 203.208.60.127 GET /swoole-live/public/
[ info ] ltfnevergiveup.cn/swoole-live/public/ [运行时间：0.001091s][吞吐率：916.59req/s] [内存消耗：146.27kb] [文件加载：46]
[ info ] [ LANG ] /var/www/html/swoole-live/thinkphp/lang/zh-cn.php
[ info ] [ ROUTE ] array (
)
[ info ] [ HEADER ] array (
  'host' => 'ltfnevergiveup.cn',
  'connection' => 'keep-alive',
  'accept' => 'text/html,application/xhtml+xml,application/xml;q=0.9,*/*;q=0.8',
  'from' => 'googlebot(at)googlebot.com',
  'user-agent' => 'Mozilla/5.0 (compatible; Googlebot/2.1; +http://www.google.com/bot.html)',
  'accept-encoding' => 'gzip,deflate,br',
)
[ info ] [ PARAM ] array (
)
[ info ] [ LOG ] INIT File
---------------------------------------------------------------
[ 2018-12-24T11:14:30+08:00 ] 172.16.16.10 203.208.60.48 GET /swoole-live/public/
[ info ] ltfnevergiveup.cn/swoole-live/public/ [运行时间：0.000947s][吞吐率：1,055.97req/s] [内存消耗：146.76kb] [文件加载：46]
[ info ] [ LANG ] /var/www/html/swoole-live/thinkphp/lang/zh-cn.php
[ info ] [ ROUTE ] array (
)
[ info ] [ HEADER ] array (
  'host' => 'ltfnevergiveup.cn',
  'connection' => 'keep-alive',
  'accept' => 'text/html,application/xhtml+xml,application/xml;q=0.9,*/*;q=0.8',
  'from' => 'googlebot(at)googlebot.com',
  'user-agent' => 'Mozilla/5.0 (Linux; Android 6.0.1; Nexus 5X Build/MMB29P) AppleWebKit/537.36 (KHTML, like Gecko) Chrome/41.0.2272.96 Mobile Safari/537.36 (compatible; Googlebot/2.1; +http://www.google.com/bot.html)',
  'accept-encoding' => 'gzip,deflate,br',
)
[ info ] [ PARAM ] array (
)
[ info ] [ LOG ] INIT File
