[ 2018-11-19T09:51:30+08:00 ][ info ] [ LANG ] /var/www/swoole-live/thinkphp/lang/zh-cn.php
[ info ] [ LOG ] INIT File
[ 2018-11-19T09:51:30+08:00 ][ info ] [ ROUTE ] array (
)
[ 2018-11-19T09:51:30+08:00 ][ info ] [ HEADER ] array (
)
[ 2018-11-19T09:51:30+08:00 ][ info ] [ PARAM ] array (
)
[ 2018-11-19T09:51:31+08:00 ][ info ] [ LANG ] /var/www/swoole-live/thinkphp/lang/zh-cn.php
[ 2018-11-19T09:51:31+08:00 ][ info ] [ ROUTE ] array (
)
[ 2018-11-19T09:51:31+08:00 ][ info ] [ HEADER ] array (
)
[ 2018-11-19T09:51:31+08:00 ][ info ] [ PARAM ] array (
)
[ 2018-11-19T09:51:34+08:00 ][ info ] [ LANG ] /var/www/swoole-live/thinkphp/lang/zh-cn.php
[ 2018-11-19T09:51:34+08:00 ][ info ] [ ROUTE ] array (
)
[ 2018-11-19T09:51:34+08:00 ][ info ] [ HEADER ] array (
)
[ 2018-11-19T09:51:34+08:00 ][ info ] [ PARAM ] array (
)
[ 2018-11-19T09:51:34+08:00 ][ info ] [ LANG ] /var/www/swoole-live/thinkphp/lang/zh-cn.php
[ 2018-11-19T09:51:34+08:00 ][ info ] [ ROUTE ] array (
)
[ 2018-11-19T09:51:34+08:00 ][ info ] [ HEADER ] array (
)
[ 2018-11-19T09:51:34+08:00 ][ info ] [ PARAM ] array (
)
[ 2018-11-19T09:52:18+08:00 ][ info ] [ LANG ] /var/www/swoole-live/thinkphp/lang/zh-cn.php
[ 2018-11-19T09:52:18+08:00 ][ info ] [ ROUTE ] array (
)
[ 2018-11-19T09:52:18+08:00 ][ info ] [ HEADER ] array (
)
[ 2018-11-19T09:52:18+08:00 ][ info ] [ PARAM ] array (
)
[ 2018-11-19T09:52:48+08:00 ][ info ] [ LANG ] /var/www/swoole-live/thinkphp/lang/zh-cn.php
[ 2018-11-19T09:52:48+08:00 ][ info ] [ ROUTE ] array (
)
[ 2018-11-19T09:52:48+08:00 ][ info ] [ HEADER ] array (
)
[ 2018-11-19T09:52:48+08:00 ][ info ] [ PARAM ] array (
)
[ 2018-11-19T10:11:37+08:00 ][ info ] [ LANG ] /var/www/swoole-live/thinkphp/lang/zh-cn.php
[ info ] [ LOG ] INIT File
[ 2018-11-19T10:11:37+08:00 ][ info ] [ ROUTE ] array (
)
[ 2018-11-19T10:11:37+08:00 ][ info ] [ HEADER ] array (
)
[ 2018-11-19T10:11:37+08:00 ][ info ] [ PARAM ] array (
)
[ 2018-11-19T10:17:02+08:00 ][ info ] [ LANG ] /var/www/swoole-live/thinkphp/lang/zh-cn.php
[ 2018-11-19T10:17:02+08:00 ][ info ] [ ROUTE ] array (
)
[ 2018-11-19T10:17:02+08:00 ][ info ] [ HEADER ] array (
)
[ 2018-11-19T10:17:02+08:00 ][ info ] [ PARAM ] array (
)
[ 2018-11-19T10:17:03+08:00 ][ info ] [ LANG ] /var/www/swoole-live/thinkphp/lang/zh-cn.php
[ 2018-11-19T10:17:03+08:00 ][ info ] [ ROUTE ] array (
)
[ 2018-11-19T10:17:03+08:00 ][ info ] [ HEADER ] array (
)
[ 2018-11-19T10:17:03+08:00 ][ info ] [ PARAM ] array (
)
[ 2018-11-19T10:17:46+08:00 ][ info ] [ LANG ] /var/www/swoole-live/thinkphp/lang/zh-cn.php
[ info ] [ LOG ] INIT File
[ 2018-11-19T10:17:46+08:00 ][ info ] [ ROUTE ] array (
)
[ 2018-11-19T10:17:46+08:00 ][ info ] [ HEADER ] array (
)
[ 2018-11-19T10:17:46+08:00 ][ info ] [ PARAM ] array (
)
[ 2018-11-19T10:17:47+08:00 ][ info ] [ LANG ] /var/www/swoole-live/thinkphp/lang/zh-cn.php
[ 2018-11-19T10:17:47+08:00 ][ info ] [ ROUTE ] array (
)
[ 2018-11-19T10:17:47+08:00 ][ info ] [ HEADER ] array (
)
[ 2018-11-19T10:17:47+08:00 ][ info ] [ PARAM ] array (
)
[ 2018-11-19T10:18:00+08:00 ][ info ] [ LANG ] /var/www/swoole-live/thinkphp/lang/zh-cn.php
[ info ] [ LOG ] INIT File
[ 2018-11-19T10:18:00+08:00 ][ info ] [ ROUTE ] array (
)
[ 2018-11-19T10:18:00+08:00 ][ info ] [ HEADER ] array (
)
[ 2018-11-19T10:18:00+08:00 ][ info ] [ PARAM ] array (
)
[ 2018-11-19T10:18:01+08:00 ][ info ] [ LANG ] /var/www/swoole-live/thinkphp/lang/zh-cn.php
[ 2018-11-19T10:18:01+08:00 ][ info ] [ ROUTE ] array (
)
[ 2018-11-19T10:18:01+08:00 ][ info ] [ HEADER ] array (
)
[ 2018-11-19T10:18:01+08:00 ][ info ] [ PARAM ] array (
)
[ 2018-11-19T10:18:09+08:00 ][ info ] [ LANG ] /var/www/swoole-live/thinkphp/lang/zh-cn.php
[ 2018-11-19T10:18:09+08:00 ][ info ] [ ROUTE ] array (
)
[ 2018-11-19T10:18:09+08:00 ][ info ] [ HEADER ] array (
)
[ 2018-11-19T10:18:09+08:00 ][ info ] [ PARAM ] array (
)
[ 2018-11-19T10:18:10+08:00 ][ info ] [ LANG ] /var/www/swoole-live/thinkphp/lang/zh-cn.php
[ 2018-11-19T10:18:10+08:00 ][ info ] [ ROUTE ] array (
)
[ 2018-11-19T10:18:10+08:00 ][ info ] [ HEADER ] array (
)
[ 2018-11-19T10:18:10+08:00 ][ info ] [ PARAM ] array (
)
[ 2018-11-19T10:18:12+08:00 ][ info ] [ LANG ] /var/www/swoole-live/thinkphp/lang/zh-cn.php
[ 2018-11-19T10:18:12+08:00 ][ info ] [ ROUTE ] array (
)
[ 2018-11-19T10:18:12+08:00 ][ info ] [ HEADER ] array (
)
[ 2018-11-19T10:18:12+08:00 ][ info ] [ PARAM ] array (
)
[ 2018-11-19T10:18:13+08:00 ][ info ] [ LANG ] /var/www/swoole-live/thinkphp/lang/zh-cn.php
[ 2018-11-19T10:18:13+08:00 ][ info ] [ ROUTE ] array (
)
[ 2018-11-19T10:18:13+08:00 ][ info ] [ HEADER ] array (
)
[ 2018-11-19T10:18:13+08:00 ][ info ] [ PARAM ] array (
)
[ 2018-11-19T10:19:35+08:00 ][ info ] [ LANG ] /var/www/swoole-live/thinkphp/lang/zh-cn.php
[ info ] [ LOG ] INIT File
[ 2018-11-19T10:19:35+08:00 ][ info ] [ ROUTE ] array (
)
[ 2018-11-19T10:19:35+08:00 ][ info ] [ HEADER ] array (
)
[ 2018-11-19T10:19:35+08:00 ][ info ] [ PARAM ] array (
)
[ 2018-11-19T10:19:36+08:00 ][ info ] [ LANG ] /var/www/swoole-live/thinkphp/lang/zh-cn.php
[ 2018-11-19T10:19:36+08:00 ][ info ] [ ROUTE ] array (
)
[ 2018-11-19T10:19:36+08:00 ][ info ] [ HEADER ] array (
)
[ 2018-11-19T10:19:36+08:00 ][ info ] [ PARAM ] array (
)
[ 2018-11-19T10:19:39+08:00 ][ info ] [ LANG ] /var/www/swoole-live/thinkphp/lang/zh-cn.php
[ 2018-11-19T10:19:39+08:00 ][ info ] [ ROUTE ] array (
)
[ 2018-11-19T10:19:39+08:00 ][ info ] [ HEADER ] array (
)
[ 2018-11-19T10:19:39+08:00 ][ info ] [ PARAM ] array (
)
[ 2018-11-19T10:19:40+08:00 ][ info ] [ LANG ] /var/www/swoole-live/thinkphp/lang/zh-cn.php
[ 2018-11-19T10:19:40+08:00 ][ info ] [ ROUTE ] array (
)
[ 2018-11-19T10:19:40+08:00 ][ info ] [ HEADER ] array (
)
[ 2018-11-19T10:19:40+08:00 ][ info ] [ PARAM ] array (
)
[ 2018-11-19T10:19:41+08:00 ][ info ] [ LANG ] /var/www/swoole-live/thinkphp/lang/zh-cn.php
[ 2018-11-19T10:19:41+08:00 ][ info ] [ ROUTE ] array (
)
[ 2018-11-19T10:19:41+08:00 ][ info ] [ HEADER ] array (
)
[ 2018-11-19T10:19:41+08:00 ][ info ] [ PARAM ] array (
)
[ 2018-11-19T10:19:42+08:00 ][ info ] [ LANG ] /var/www/swoole-live/thinkphp/lang/zh-cn.php
[ 2018-11-19T10:19:42+08:00 ][ info ] [ ROUTE ] array (
)
[ 2018-11-19T10:19:42+08:00 ][ info ] [ HEADER ] array (
)
[ 2018-11-19T10:19:42+08:00 ][ info ] [ PARAM ] array (
)
[ 2018-11-19T10:19:44+08:00 ][ info ] [ LANG ] /var/www/swoole-live/thinkphp/lang/zh-cn.php
[ 2018-11-19T10:19:44+08:00 ][ info ] [ ROUTE ] array (
)
[ 2018-11-19T10:19:44+08:00 ][ info ] [ HEADER ] array (
)
[ 2018-11-19T10:19:44+08:00 ][ info ] [ PARAM ] array (
)
[ 2018-11-19T10:19:45+08:00 ][ info ] [ LANG ] /var/www/swoole-live/thinkphp/lang/zh-cn.php
[ 2018-11-19T10:19:45+08:00 ][ info ] [ ROUTE ] array (
)
[ 2018-11-19T10:19:45+08:00 ][ info ] [ HEADER ] array (
)
[ 2018-11-19T10:19:45+08:00 ][ info ] [ PARAM ] array (
)
[ 2018-11-19T10:19:55+08:00 ][ info ] [ LANG ] /var/www/swoole-live/thinkphp/lang/zh-cn.php
[ 2018-11-19T10:19:55+08:00 ][ info ] [ ROUTE ] array (
)
[ 2018-11-19T10:19:55+08:00 ][ info ] [ HEADER ] array (
)
[ 2018-11-19T10:19:55+08:00 ][ info ] [ PARAM ] array (
)
[ 2018-11-19T10:19:56+08:00 ][ info ] [ LANG ] /var/www/swoole-live/thinkphp/lang/zh-cn.php
[ 2018-11-19T10:19:56+08:00 ][ info ] [ ROUTE ] array (
)
[ 2018-11-19T10:19:56+08:00 ][ info ] [ HEADER ] array (
)
[ 2018-11-19T10:19:56+08:00 ][ info ] [ PARAM ] array (
)
[ 2018-11-19T10:20:00+08:00 ][ info ] [ LANG ] /var/www/swoole-live/thinkphp/lang/zh-cn.php
[ 2018-11-19T10:20:00+08:00 ][ info ] [ ROUTE ] array (
)
[ 2018-11-19T10:20:00+08:00 ][ info ] [ HEADER ] array (
)
[ 2018-11-19T10:20:00+08:00 ][ info ] [ PARAM ] array (
)
[ 2018-11-19T10:20:01+08:00 ][ info ] [ LANG ] /var/www/swoole-live/thinkphp/lang/zh-cn.php
[ 2018-11-19T10:20:01+08:00 ][ info ] [ ROUTE ] array (
)
[ 2018-11-19T10:20:01+08:00 ][ info ] [ HEADER ] array (
)
[ 2018-11-19T10:20:01+08:00 ][ info ] [ PARAM ] array (
)
[ 2018-11-19T10:20:02+08:00 ][ info ] [ LANG ] /var/www/swoole-live/thinkphp/lang/zh-cn.php
[ 2018-11-19T10:20:02+08:00 ][ info ] [ ROUTE ] array (
)
[ 2018-11-19T10:20:02+08:00 ][ info ] [ HEADER ] array (
)
[ 2018-11-19T10:20:02+08:00 ][ info ] [ PARAM ] array (
)
[ 2018-11-19T10:20:03+08:00 ][ info ] [ LANG ] /var/www/swoole-live/thinkphp/lang/zh-cn.php
[ 2018-11-19T10:20:03+08:00 ][ info ] [ ROUTE ] array (
)
[ 2018-11-19T10:20:03+08:00 ][ info ] [ HEADER ] array (
)
[ 2018-11-19T10:20:03+08:00 ][ info ] [ PARAM ] array (
)
[ 2018-11-19T10:20:46+08:00 ][ info ] [ LANG ] /var/www/swoole-live/thinkphp/lang/zh-cn.php
[ info ] [ LOG ] INIT File
[ 2018-11-19T10:20:46+08:00 ][ info ] [ ROUTE ] array (
)
[ 2018-11-19T10:20:46+08:00 ][ info ] [ HEADER ] array (
)
[ 2018-11-19T10:20:46+08:00 ][ info ] [ PARAM ] array (
)
[ 2018-11-19T10:20:47+08:00 ][ info ] [ LANG ] /var/www/swoole-live/thinkphp/lang/zh-cn.php
[ 2018-11-19T10:20:47+08:00 ][ info ] [ ROUTE ] array (
)
[ 2018-11-19T10:20:47+08:00 ][ info ] [ HEADER ] array (
)
[ 2018-11-19T10:20:47+08:00 ][ info ] [ PARAM ] array (
)
[ 2018-11-19T10:20:49+08:00 ][ info ] [ LANG ] /var/www/swoole-live/thinkphp/lang/zh-cn.php
[ 2018-11-19T10:20:49+08:00 ][ info ] [ ROUTE ] array (
)
[ 2018-11-19T10:20:49+08:00 ][ info ] [ HEADER ] array (
)
[ 2018-11-19T10:20:49+08:00 ][ info ] [ PARAM ] array (
)
[ 2018-11-19T10:20:50+08:00 ][ info ] [ LANG ] /var/www/swoole-live/thinkphp/lang/zh-cn.php
[ 2018-11-19T10:20:50+08:00 ][ info ] [ ROUTE ] array (
)
[ 2018-11-19T10:20:50+08:00 ][ info ] [ HEADER ] array (
)
[ 2018-11-19T10:20:50+08:00 ][ info ] [ PARAM ] array (
)
[ 2018-11-19T10:20:50+08:00 ][ info ] [ LANG ] /var/www/swoole-live/thinkphp/lang/zh-cn.php
[ 2018-11-19T10:20:50+08:00 ][ info ] [ ROUTE ] array (
)
[ 2018-11-19T10:20:50+08:00 ][ info ] [ HEADER ] array (
)
[ 2018-11-19T10:20:50+08:00 ][ info ] [ PARAM ] array (
)
[ 2018-11-19T10:20:51+08:00 ][ info ] [ LANG ] /var/www/swoole-live/thinkphp/lang/zh-cn.php
[ 2018-11-19T10:20:51+08:00 ][ info ] [ ROUTE ] array (
)
[ 2018-11-19T10:20:51+08:00 ][ info ] [ HEADER ] array (
)
[ 2018-11-19T10:20:51+08:00 ][ info ] [ PARAM ] array (
)
[ 2018-11-19T10:20:52+08:00 ][ info ] [ LANG ] /var/www/swoole-live/thinkphp/lang/zh-cn.php
[ 2018-11-19T10:20:52+08:00 ][ info ] [ ROUTE ] array (
)
[ 2018-11-19T10:20:52+08:00 ][ info ] [ HEADER ] array (
)
[ 2018-11-19T10:20:52+08:00 ][ info ] [ PARAM ] array (
)
[ 2018-11-19T10:20:53+08:00 ][ info ] [ LANG ] /var/www/swoole-live/thinkphp/lang/zh-cn.php
[ 2018-11-19T10:20:53+08:00 ][ info ] [ ROUTE ] array (
)
[ 2018-11-19T10:20:53+08:00 ][ info ] [ HEADER ] array (
)
[ 2018-11-19T10:20:53+08:00 ][ info ] [ PARAM ] array (
)
[ 2018-11-19T10:20:54+08:00 ][ info ] [ LANG ] /var/www/swoole-live/thinkphp/lang/zh-cn.php
[ 2018-11-19T10:20:54+08:00 ][ info ] [ ROUTE ] array (
)
[ 2018-11-19T10:20:54+08:00 ][ info ] [ HEADER ] array (
)
[ 2018-11-19T10:20:54+08:00 ][ info ] [ PARAM ] array (
)
[ 2018-11-19T10:21:50+08:00 ][ info ] [ LANG ] /var/www/swoole-live/thinkphp/lang/zh-cn.php
[ info ] [ LOG ] INIT File
[ 2018-11-19T10:21:50+08:00 ][ info ] [ ROUTE ] array (
)
[ 2018-11-19T10:21:50+08:00 ][ info ] [ HEADER ] array (
)
[ 2018-11-19T10:21:50+08:00 ][ info ] [ PARAM ] array (
)
[ 2018-11-19T10:21:51+08:00 ][ info ] [ LANG ] /var/www/swoole-live/thinkphp/lang/zh-cn.php
[ 2018-11-19T10:21:51+08:00 ][ info ] [ ROUTE ] array (
)
[ 2018-11-19T10:21:51+08:00 ][ info ] [ HEADER ] array (
)
[ 2018-11-19T10:21:51+08:00 ][ info ] [ PARAM ] array (
)
[ 2018-11-19T10:21:52+08:00 ][ info ] [ LANG ] /var/www/swoole-live/thinkphp/lang/zh-cn.php
[ 2018-11-19T10:21:52+08:00 ][ info ] [ ROUTE ] array (
)
[ 2018-11-19T10:21:52+08:00 ][ info ] [ HEADER ] array (
)
[ 2018-11-19T10:21:52+08:00 ][ info ] [ PARAM ] array (
)
[ 2018-11-19T10:21:53+08:00 ][ info ] [ LANG ] /var/www/swoole-live/thinkphp/lang/zh-cn.php
[ 2018-11-19T10:21:53+08:00 ][ info ] [ ROUTE ] array (
)
[ 2018-11-19T10:21:53+08:00 ][ info ] [ HEADER ] array (
)
[ 2018-11-19T10:21:53+08:00 ][ info ] [ PARAM ] array (
)
[ 2018-11-19T10:21:56+08:00 ][ info ] [ LANG ] /var/www/swoole-live/thinkphp/lang/zh-cn.php
[ 2018-11-19T10:21:56+08:00 ][ info ] [ ROUTE ] array (
)
[ 2018-11-19T10:21:56+08:00 ][ info ] [ HEADER ] array (
)
[ 2018-11-19T10:21:56+08:00 ][ info ] [ PARAM ] array (
  0 => '2',
)
[ 2018-11-19T10:21:57+08:00 ][ info ] [ LANG ] /var/www/swoole-live/thinkphp/lang/zh-cn.php
[ 2018-11-19T10:21:57+08:00 ][ info ] [ ROUTE ] array (
)
[ 2018-11-19T10:21:57+08:00 ][ info ] [ HEADER ] array (
)
[ 2018-11-19T10:21:57+08:00 ][ info ] [ PARAM ] array (
  0 => '2',
)
[ 2018-11-19T10:22:02+08:00 ][ info ] [ LANG ] /var/www/swoole-live/thinkphp/lang/zh-cn.php
[ 2018-11-19T10:22:02+08:00 ][ info ] [ ROUTE ] array (
)
[ 2018-11-19T10:22:02+08:00 ][ info ] [ HEADER ] array (
)
[ 2018-11-19T10:22:02+08:00 ][ info ] [ PARAM ] array (
  0 => '2',
)
[ 2018-11-19T10:22:03+08:00 ][ info ] [ LANG ] /var/www/swoole-live/thinkphp/lang/zh-cn.php
[ 2018-11-19T10:22:03+08:00 ][ info ] [ ROUTE ] array (
)
[ 2018-11-19T10:22:03+08:00 ][ info ] [ HEADER ] array (
)
[ 2018-11-19T10:22:03+08:00 ][ info ] [ PARAM ] array (
  0 => '2',
)
[ 2018-11-19T10:22:06+08:00 ][ info ] [ LANG ] /var/www/swoole-live/thinkphp/lang/zh-cn.php
[ 2018-11-19T10:22:06+08:00 ][ info ] [ ROUTE ] array (
)
[ 2018-11-19T10:22:06+08:00 ][ info ] [ HEADER ] array (
)
[ 2018-11-19T10:22:06+08:00 ][ info ] [ PARAM ] array (
  0 => '2',
)
[ 2018-11-19T10:22:07+08:00 ][ info ] [ LANG ] /var/www/swoole-live/thinkphp/lang/zh-cn.php
[ 2018-11-19T10:22:07+08:00 ][ info ] [ ROUTE ] array (
)
[ 2018-11-19T10:22:07+08:00 ][ info ] [ HEADER ] array (
)
[ 2018-11-19T10:22:07+08:00 ][ info ] [ PARAM ] array (
  0 => '2',
)
[ 2018-11-19T10:25:02+08:00 ][ info ] [ LANG ] /var/www/swoole-live/thinkphp/lang/zh-cn.php
[ 2018-11-19T10:25:02+08:00 ][ info ] [ ROUTE ] array (
)
[ 2018-11-19T10:25:02+08:00 ][ info ] [ HEADER ] array (
)
[ 2018-11-19T10:25:02+08:00 ][ info ] [ PARAM ] array (
  0 => '2',
)
[ 2018-11-19T10:25:04+08:00 ][ info ] [ LANG ] /var/www/swoole-live/thinkphp/lang/zh-cn.php
[ 2018-11-19T10:25:04+08:00 ][ info ] [ ROUTE ] array (
)
[ 2018-11-19T10:25:04+08:00 ][ info ] [ HEADER ] array (
)
[ 2018-11-19T10:25:04+08:00 ][ info ] [ PARAM ] array (
  0 => '2',
)
[ 2018-11-19T10:29:07+08:00 ][ info ] [ LANG ] /var/www/swoole-live/thinkphp/lang/zh-cn.php
[ info ] [ LOG ] INIT File
[ 2018-11-19T10:29:07+08:00 ][ info ] [ ROUTE ] array (
)
[ 2018-11-19T10:29:07+08:00 ][ info ] [ HEADER ] array (
)
[ 2018-11-19T10:29:07+08:00 ][ info ] [ PARAM ] array (
)
[ 2018-11-19T10:29:07+08:00 ][ error ] [1]Uncaught think\exception\ErrorException: Swoole\Server::close() expects at least 1 parameter, 0 given in /var/www/swoole-live/server/http-server.php:53
Stack trace:
#0 [internal function]: think\Error::appError(2, 'Swoole\\Server::...', '/var/www/swoole...', 53, Array)
#1 /var/www/swoole-live/server/http-server.php(53): Swoole\Server->close()
#2 {main}
  thrown[/var/www/swoole-live/server/http-server.php:53]
[ 2018-11-19T10:29:08+08:00 ][ info ] [ LANG ] /var/www/swoole-live/thinkphp/lang/zh-cn.php
[ info ] [ LOG ] INIT File
[ 2018-11-19T10:29:08+08:00 ][ info ] [ ROUTE ] array (
)
[ 2018-11-19T10:29:08+08:00 ][ info ] [ HEADER ] array (
)
[ 2018-11-19T10:29:08+08:00 ][ info ] [ PARAM ] array (
)
[ 2018-11-19T10:29:08+08:00 ][ error ] [1]Uncaught think\exception\ErrorException: Swoole\Server::close() expects at least 1 parameter, 0 given in /var/www/swoole-live/server/http-server.php:53
Stack trace:
#0 [internal function]: think\Error::appError(2, 'Swoole\\Server::...', '/var/www/swoole...', 53, Array)
#1 /var/www/swoole-live/server/http-server.php(53): Swoole\Server->close()
#2 {main}
  thrown[/var/www/swoole-live/server/http-server.php:53]
[ 2018-11-19T10:29:13+08:00 ][ info ] [ LANG ] /var/www/swoole-live/thinkphp/lang/zh-cn.php
[ info ] [ LOG ] INIT File
[ 2018-11-19T10:29:13+08:00 ][ info ] [ ROUTE ] array (
)
[ 2018-11-19T10:29:13+08:00 ][ info ] [ HEADER ] array (
)
[ 2018-11-19T10:29:13+08:00 ][ info ] [ PARAM ] array (
)
[ 2018-11-19T10:29:13+08:00 ][ error ] [1]Uncaught think\exception\ErrorException: Swoole\Server::close() expects at least 1 parameter, 0 given in /var/www/swoole-live/server/http-server.php:53
Stack trace:
#0 [internal function]: think\Error::appError(2, 'Swoole\\Server::...', '/var/www/swoole...', 53, Array)
#1 /var/www/swoole-live/server/http-server.php(53): Swoole\Server->close()
#2 {main}
  thrown[/var/www/swoole-live/server/http-server.php:53]
[ 2018-11-19T10:29:14+08:00 ][ info ] [ LANG ] /var/www/swoole-live/thinkphp/lang/zh-cn.php
[ info ] [ LOG ] INIT File
[ 2018-11-19T10:29:14+08:00 ][ info ] [ ROUTE ] array (
)
[ 2018-11-19T10:29:14+08:00 ][ info ] [ HEADER ] array (
)
[ 2018-11-19T10:29:14+08:00 ][ info ] [ PARAM ] array (
)
[ 2018-11-19T10:29:14+08:00 ][ error ] [1]Uncaught think\exception\ErrorException: Swoole\Server::close() expects at least 1 parameter, 0 given in /var/www/swoole-live/server/http-server.php:53
Stack trace:
#0 [internal function]: think\Error::appError(2, 'Swoole\\Server::...', '/var/www/swoole...', 53, Array)
#1 /var/www/swoole-live/server/http-server.php(53): Swoole\Server->close()
#2 {main}
  thrown[/var/www/swoole-live/server/http-server.php:53]
[ 2018-11-19T10:29:15+08:00 ][ info ] [ LANG ] /var/www/swoole-live/thinkphp/lang/zh-cn.php
[ info ] [ LOG ] INIT File
[ 2018-11-19T10:29:15+08:00 ][ info ] [ ROUTE ] array (
)
[ 2018-11-19T10:29:15+08:00 ][ info ] [ HEADER ] array (
)
[ 2018-11-19T10:29:15+08:00 ][ info ] [ PARAM ] array (
)
[ 2018-11-19T10:29:15+08:00 ][ error ] [1]Uncaught think\exception\ErrorException: Swoole\Server::close() expects at least 1 parameter, 0 given in /var/www/swoole-live/server/http-server.php:53
Stack trace:
#0 [internal function]: think\Error::appError(2, 'Swoole\\Server::...', '/var/www/swoole...', 53, Array)
#1 /var/www/swoole-live/server/http-server.php(53): Swoole\Server->close()
#2 {main}
  thrown[/var/www/swoole-live/server/http-server.php:53]
[ 2018-11-19T10:29:16+08:00 ][ info ] [ LANG ] /var/www/swoole-live/thinkphp/lang/zh-cn.php
[ info ] [ LOG ] INIT File
[ 2018-11-19T10:29:16+08:00 ][ info ] [ ROUTE ] array (
)
[ 2018-11-19T10:29:16+08:00 ][ info ] [ HEADER ] array (
)
[ 2018-11-19T10:29:16+08:00 ][ info ] [ PARAM ] array (
)
[ 2018-11-19T10:29:16+08:00 ][ error ] [1]Uncaught think\exception\ErrorException: Swoole\Server::close() expects at least 1 parameter, 0 given in /var/www/swoole-live/server/http-server.php:53
Stack trace:
#0 [internal function]: think\Error::appError(2, 'Swoole\\Server::...', '/var/www/swoole...', 53, Array)
#1 /var/www/swoole-live/server/http-server.php(53): Swoole\Server->close()
#2 {main}
  thrown[/var/www/swoole-live/server/http-server.php:53]
[ 2018-11-19T10:30:01+08:00 ][ info ] [ LANG ] /var/www/swoole-live/thinkphp/lang/zh-cn.php
[ info ] [ LOG ] INIT File
[ 2018-11-19T10:30:01+08:00 ][ info ] [ ROUTE ] array (
)
[ 2018-11-19T10:30:01+08:00 ][ info ] [ HEADER ] array (
)
[ 2018-11-19T10:30:01+08:00 ][ info ] [ PARAM ] array (
)
[ 2018-11-19T10:30:02+08:00 ][ info ] [ LANG ] /var/www/swoole-live/thinkphp/lang/zh-cn.php
[ 2018-11-19T10:30:02+08:00 ][ info ] [ ROUTE ] array (
)
[ 2018-11-19T10:30:02+08:00 ][ info ] [ HEADER ] array (
)
[ 2018-11-19T10:30:02+08:00 ][ info ] [ PARAM ] array (
)
[ 2018-11-19T10:30:07+08:00 ][ info ] [ LANG ] /var/www/swoole-live/thinkphp/lang/zh-cn.php
[ 2018-11-19T10:30:07+08:00 ][ info ] [ ROUTE ] array (
)
[ 2018-11-19T10:30:07+08:00 ][ info ] [ HEADER ] array (
)
[ 2018-11-19T10:30:07+08:00 ][ info ] [ PARAM ] array (
)
[ 2018-11-19T10:30:08+08:00 ][ info ] [ LANG ] /var/www/swoole-live/thinkphp/lang/zh-cn.php
[ 2018-11-19T10:30:08+08:00 ][ info ] [ ROUTE ] array (
)
[ 2018-11-19T10:30:08+08:00 ][ info ] [ HEADER ] array (
)
[ 2018-11-19T10:30:08+08:00 ][ info ] [ PARAM ] array (
)
[ 2018-11-19T10:31:38+08:00 ][ info ] [ LANG ] /var/www/swoole-live/thinkphp/lang/zh-cn.php
[ info ] [ LOG ] INIT File
[ 2018-11-19T10:31:38+08:00 ][ info ] [ ROUTE ] array (
)
[ 2018-11-19T10:31:38+08:00 ][ info ] [ HEADER ] array (
)
[ 2018-11-19T10:31:38+08:00 ][ info ] [ PARAM ] array (
)
[ 2018-11-19T10:31:39+08:00 ][ info ] [ LANG ] /var/www/swoole-live/thinkphp/lang/zh-cn.php
[ 2018-11-19T10:31:39+08:00 ][ info ] [ ROUTE ] array (
)
[ 2018-11-19T10:31:39+08:00 ][ info ] [ HEADER ] array (
)
[ 2018-11-19T10:31:39+08:00 ][ info ] [ PARAM ] array (
)
[ 2018-11-19T10:31:42+08:00 ][ info ] [ LANG ] /var/www/swoole-live/thinkphp/lang/zh-cn.php
[ 2018-11-19T10:31:42+08:00 ][ info ] [ ROUTE ] array (
)
[ 2018-11-19T10:31:42+08:00 ][ info ] [ HEADER ] array (
)
[ 2018-11-19T10:31:42+08:00 ][ info ] [ PARAM ] array (
)
[ 2018-11-19T10:31:43+08:00 ][ info ] [ LANG ] /var/www/swoole-live/thinkphp/lang/zh-cn.php
[ 2018-11-19T10:31:43+08:00 ][ info ] [ ROUTE ] array (
)
[ 2018-11-19T10:31:43+08:00 ][ info ] [ HEADER ] array (
)
[ 2018-11-19T10:31:43+08:00 ][ info ] [ PARAM ] array (
)
[ 2018-11-19T10:31:44+08:00 ][ info ] [ LANG ] /var/www/swoole-live/thinkphp/lang/zh-cn.php
[ info ] [ LOG ] INIT File
[ 2018-11-19T10:31:44+08:00 ][ info ] [ ROUTE ] array (
)
[ 2018-11-19T10:31:44+08:00 ][ info ] [ HEADER ] array (
)
[ 2018-11-19T10:31:44+08:00 ][ info ] [ PARAM ] array (
)
[ 2018-11-19T10:31:45+08:00 ][ info ] [ LANG ] /var/www/swoole-live/thinkphp/lang/zh-cn.php
[ 2018-11-19T10:31:45+08:00 ][ info ] [ ROUTE ] array (
)
[ 2018-11-19T10:31:45+08:00 ][ info ] [ HEADER ] array (
)
[ 2018-11-19T10:31:45+08:00 ][ info ] [ PARAM ] array (
)
[ 2018-11-19T10:32:13+08:00 ][ info ] [ LANG ] /var/www/swoole-live/thinkphp/lang/zh-cn.php
[ info ] [ LOG ] INIT File
[ 2018-11-19T10:32:13+08:00 ][ info ] [ ROUTE ] array (
)
[ 2018-11-19T10:32:13+08:00 ][ info ] [ HEADER ] array (
)
[ 2018-11-19T10:32:13+08:00 ][ info ] [ PARAM ] array (
)
[ 2018-11-19T10:32:13+08:00 ][ error ] [1]Uncaught think\exception\ErrorException: Swoole\Server::close() expects at least 1 parameter, 0 given in /var/www/swoole-live/server/http-server.php:53
Stack trace:
#0 [internal function]: think\Error::appError(2, 'Swoole\\Server::...', '/var/www/swoole...', 53, Array)
#1 /var/www/swoole-live/server/http-server.php(53): Swoole\Server->close()
#2 {main}
  thrown[/var/www/swoole-live/server/http-server.php:53]
[ 2018-11-19T10:32:14+08:00 ][ info ] [ LANG ] /var/www/swoole-live/thinkphp/lang/zh-cn.php
[ info ] [ LOG ] INIT File
[ 2018-11-19T10:32:14+08:00 ][ info ] [ ROUTE ] array (
)
[ 2018-11-19T10:32:14+08:00 ][ info ] [ HEADER ] array (
)
[ 2018-11-19T10:32:14+08:00 ][ info ] [ PARAM ] array (
)
[ 2018-11-19T10:32:14+08:00 ][ error ] [1]Uncaught think\exception\ErrorException: Swoole\Server::close() expects at least 1 parameter, 0 given in /var/www/swoole-live/server/http-server.php:53
Stack trace:
#0 [internal function]: think\Error::appError(2, 'Swoole\\Server::...', '/var/www/swoole...', 53, Array)
#1 /var/www/swoole-live/server/http-server.php(53): Swoole\Server->close()
#2 {main}
  thrown[/var/www/swoole-live/server/http-server.php:53]
[ 2018-11-19T10:32:23+08:00 ][ info ] [ LANG ] /var/www/swoole-live/thinkphp/lang/zh-cn.php
[ info ] [ LOG ] INIT File
[ 2018-11-19T10:32:23+08:00 ][ info ] [ ROUTE ] array (
)
[ 2018-11-19T10:32:23+08:00 ][ info ] [ HEADER ] array (
)
[ 2018-11-19T10:32:23+08:00 ][ info ] [ PARAM ] array (
)
[ 2018-11-19T10:32:23+08:00 ][ error ] [1]Uncaught think\exception\ErrorException: Swoole\Server::close() expects at least 1 parameter, 0 given in /var/www/swoole-live/server/http-server.php:53
Stack trace:
#0 [internal function]: think\Error::appError(2, 'Swoole\\Server::...', '/var/www/swoole...', 53, Array)
#1 /var/www/swoole-live/server/http-server.php(53): Swoole\Server->close()
#2 {main}
  thrown[/var/www/swoole-live/server/http-server.php:53]
[ 2018-11-19T10:32:24+08:00 ][ info ] [ LANG ] /var/www/swoole-live/thinkphp/lang/zh-cn.php
[ info ] [ LOG ] INIT File
[ 2018-11-19T10:32:24+08:00 ][ info ] [ ROUTE ] array (
)
[ 2018-11-19T10:32:24+08:00 ][ info ] [ HEADER ] array (
)
[ 2018-11-19T10:32:24+08:00 ][ info ] [ PARAM ] array (
)
[ 2018-11-19T10:32:24+08:00 ][ error ] [1]Uncaught think\exception\ErrorException: Swoole\Server::close() expects at least 1 parameter, 0 given in /var/www/swoole-live/server/http-server.php:53
Stack trace:
#0 [internal function]: think\Error::appError(2, 'Swoole\\Server::...', '/var/www/swoole...', 53, Array)
#1 /var/www/swoole-live/server/http-server.php(53): Swoole\Server->close()
#2 {main}
  thrown[/var/www/swoole-live/server/http-server.php:53]
[ 2018-11-19T10:32:29+08:00 ][ info ] [ LANG ] /var/www/swoole-live/thinkphp/lang/zh-cn.php
[ info ] [ LOG ] INIT File
[ 2018-11-19T10:32:29+08:00 ][ info ] [ ROUTE ] array (
)
[ 2018-11-19T10:32:29+08:00 ][ info ] [ HEADER ] array (
)
[ 2018-11-19T10:32:29+08:00 ][ info ] [ PARAM ] array (
)
[ 2018-11-19T10:32:29+08:00 ][ error ] [1]Uncaught think\exception\ErrorException: Swoole\Server::close() expects at least 1 parameter, 0 given in /var/www/swoole-live/server/http-server.php:53
Stack trace:
#0 [internal function]: think\Error::appError(2, 'Swoole\\Server::...', '/var/www/swoole...', 53, Array)
#1 /var/www/swoole-live/server/http-server.php(53): Swoole\Server->close()
#2 {main}
  thrown[/var/www/swoole-live/server/http-server.php:53]
[ 2018-11-19T10:32:30+08:00 ][ info ] [ LANG ] /var/www/swoole-live/thinkphp/lang/zh-cn.php
[ info ] [ LOG ] INIT File
[ 2018-11-19T10:32:30+08:00 ][ info ] [ ROUTE ] array (
)
[ 2018-11-19T10:32:30+08:00 ][ info ] [ HEADER ] array (
)
[ 2018-11-19T10:32:30+08:00 ][ info ] [ PARAM ] array (
)
[ 2018-11-19T10:32:30+08:00 ][ error ] [1]Uncaught think\exception\ErrorException: Swoole\Server::close() expects at least 1 parameter, 0 given in /var/www/swoole-live/server/http-server.php:53
Stack trace:
#0 [internal function]: think\Error::appError(2, 'Swoole\\Server::...', '/var/www/swoole...', 53, Array)
#1 /var/www/swoole-live/server/http-server.php(53): Swoole\Server->close()
#2 {main}
  thrown[/var/www/swoole-live/server/http-server.php:53]
[ 2018-11-19T10:32:40+08:00 ][ info ] [ LANG ] /var/www/swoole-live/thinkphp/lang/zh-cn.php
[ info ] [ LOG ] INIT File
[ 2018-11-19T10:32:40+08:00 ][ info ] [ ROUTE ] array (
)
[ 2018-11-19T10:32:40+08:00 ][ info ] [ HEADER ] array (
)
[ 2018-11-19T10:32:40+08:00 ][ info ] [ PARAM ] array (
)
[ 2018-11-19T10:32:41+08:00 ][ info ] [ LANG ] /var/www/swoole-live/thinkphp/lang/zh-cn.php
[ 2018-11-19T10:32:41+08:00 ][ info ] [ ROUTE ] array (
)
[ 2018-11-19T10:32:41+08:00 ][ info ] [ HEADER ] array (
)
[ 2018-11-19T10:32:41+08:00 ][ info ] [ PARAM ] array (
)
[ 2018-11-19T10:32:44+08:00 ][ info ] [ LANG ] /var/www/swoole-live/thinkphp/lang/zh-cn.php
[ 2018-11-19T10:32:44+08:00 ][ info ] [ ROUTE ] array (
)
[ 2018-11-19T10:32:44+08:00 ][ info ] [ HEADER ] array (
)
[ 2018-11-19T10:32:44+08:00 ][ info ] [ PARAM ] array (
)
[ 2018-11-19T10:32:45+08:00 ][ info ] [ LANG ] /var/www/swoole-live/thinkphp/lang/zh-cn.php
[ 2018-11-19T10:32:45+08:00 ][ info ] [ ROUTE ] array (
)
[ 2018-11-19T10:32:45+08:00 ][ info ] [ HEADER ] array (
)
[ 2018-11-19T10:32:45+08:00 ][ info ] [ PARAM ] array (
)
[ 2018-11-19T10:44:49+08:00 ][ info ] [ LANG ] /var/www/swoole-live/thinkphp/lang/zh-cn.php
[ info ] [ LOG ] INIT File
[ 2018-11-19T10:44:49+08:00 ][ info ] [ ROUTE ] array (
)
[ 2018-11-19T10:44:49+08:00 ][ info ] [ HEADER ] array (
)
[ 2018-11-19T10:44:49+08:00 ][ info ] [ PARAM ] array (
)
[ 2018-11-19T10:44:50+08:00 ][ info ] [ LANG ] /var/www/swoole-live/thinkphp/lang/zh-cn.php
[ 2018-11-19T10:44:50+08:00 ][ info ] [ ROUTE ] array (
)
[ 2018-11-19T10:44:50+08:00 ][ info ] [ HEADER ] array (
)
[ 2018-11-19T10:44:50+08:00 ][ info ] [ PARAM ] array (
)
[ 2018-11-19T10:44:50+08:00 ][ info ] [ LANG ] /var/www/swoole-live/thinkphp/lang/zh-cn.php
[ 2018-11-19T10:44:50+08:00 ][ info ] [ ROUTE ] array (
)
[ 2018-11-19T10:44:50+08:00 ][ info ] [ HEADER ] array (
)
[ 2018-11-19T10:44:50+08:00 ][ info ] [ PARAM ] array (
)
[ 2018-11-19T10:44:52+08:00 ][ info ] [ LANG ] /var/www/swoole-live/thinkphp/lang/zh-cn.php
[ 2018-11-19T10:44:52+08:00 ][ info ] [ ROUTE ] array (
)
[ 2018-11-19T10:44:52+08:00 ][ info ] [ HEADER ] array (
)
[ 2018-11-19T10:44:52+08:00 ][ info ] [ PARAM ] array (
)
[ 2018-11-19T10:44:54+08:00 ][ info ] [ LANG ] /var/www/swoole-live/thinkphp/lang/zh-cn.php
[ 2018-11-19T10:44:54+08:00 ][ info ] [ ROUTE ] array (
)
[ 2018-11-19T10:44:54+08:00 ][ info ] [ HEADER ] array (
)
[ 2018-11-19T10:44:54+08:00 ][ info ] [ PARAM ] array (
)
[ 2018-11-19T10:44:55+08:00 ][ info ] [ LANG ] /var/www/swoole-live/thinkphp/lang/zh-cn.php
[ 2018-11-19T10:44:55+08:00 ][ info ] [ ROUTE ] array (
)
[ 2018-11-19T10:44:55+08:00 ][ info ] [ HEADER ] array (
)
[ 2018-11-19T10:44:55+08:00 ][ info ] [ PARAM ] array (
)
[ 2018-11-19T10:45:06+08:00 ][ info ] [ LANG ] /var/www/swoole-live/thinkphp/lang/zh-cn.php
[ 2018-11-19T10:45:06+08:00 ][ info ] [ ROUTE ] array (
)
[ 2018-11-19T10:45:06+08:00 ][ info ] [ HEADER ] array (
)
[ 2018-11-19T10:45:06+08:00 ][ info ] [ PARAM ] array (
)
[ 2018-11-19T10:45:07+08:00 ][ info ] [ LANG ] /var/www/swoole-live/thinkphp/lang/zh-cn.php
[ 2018-11-19T10:45:07+08:00 ][ info ] [ ROUTE ] array (
)
[ 2018-11-19T10:45:07+08:00 ][ info ] [ HEADER ] array (
)
[ 2018-11-19T10:45:07+08:00 ][ info ] [ PARAM ] array (
)
[ 2018-11-19T10:45:11+08:00 ][ info ] [ LANG ] /var/www/swoole-live/thinkphp/lang/zh-cn.php
[ 2018-11-19T10:45:11+08:00 ][ info ] [ ROUTE ] array (
)
[ 2018-11-19T10:45:11+08:00 ][ info ] [ HEADER ] array (
)
[ 2018-11-19T10:45:11+08:00 ][ info ] [ PARAM ] array (
)
[ 2018-11-19T10:45:12+08:00 ][ info ] [ LANG ] /var/www/swoole-live/thinkphp/lang/zh-cn.php
[ 2018-11-19T10:45:12+08:00 ][ info ] [ ROUTE ] array (
)
[ 2018-11-19T10:45:12+08:00 ][ info ] [ HEADER ] array (
)
[ 2018-11-19T10:45:12+08:00 ][ info ] [ PARAM ] array (
)
[ 2018-11-19T10:45:45+08:00 ][ info ] [ LANG ] /var/www/swoole-live/thinkphp/lang/zh-cn.php
[ 2018-11-19T10:45:45+08:00 ][ info ] [ ROUTE ] array (
)
[ 2018-11-19T10:45:45+08:00 ][ info ] [ HEADER ] array (
)
[ 2018-11-19T10:45:45+08:00 ][ info ] [ PARAM ] array (
)
[ 2018-11-19T10:45:47+08:00 ][ info ] [ LANG ] /var/www/swoole-live/thinkphp/lang/zh-cn.php
[ 2018-11-19T10:45:47+08:00 ][ info ] [ ROUTE ] array (
)
[ 2018-11-19T10:45:47+08:00 ][ info ] [ HEADER ] array (
)
[ 2018-11-19T10:45:47+08:00 ][ info ] [ PARAM ] array (
)
[ 2018-11-19T10:46:01+08:00 ][ info ] [ LANG ] /var/www/swoole-live/thinkphp/lang/zh-cn.php
[ 2018-11-19T10:46:01+08:00 ][ info ] [ ROUTE ] array (
)
[ 2018-11-19T10:46:01+08:00 ][ info ] [ HEADER ] array (
)
[ 2018-11-19T10:46:01+08:00 ][ info ] [ PARAM ] array (
)
[ 2018-11-19T10:46:01+08:00 ][ error ] [1]Uncaught think\exception\HttpException: module not exists:2 in /var/www/swoole-live/thinkphp/library/think/route/dispatch/Module.php:68
Stack trace:
#0 /var/www/swoole-live/thinkphp/library/think/route/dispatch/Url.php(26): think\route\dispatch\Module->run()
#1 /var/www/swoole-live/thinkphp/library/think/App.php(309): think\route\dispatch\Url->run()
#2 /var/www/swoole-live/server/http-server.php(47): think\App->run()
#3 {main}
  thrown[/var/www/swoole-live/thinkphp/library/think/route/dispatch/Module.php:68]
[ 2018-11-19T10:46:18+08:00 ][ info ] [ LANG ] /var/www/swoole-live/thinkphp/lang/zh-cn.php
[ info ] [ LOG ] INIT File
[ 2018-11-19T10:46:18+08:00 ][ info ] [ ROUTE ] array (
)
[ 2018-11-19T10:46:18+08:00 ][ info ] [ HEADER ] array (
)
[ 2018-11-19T10:46:18+08:00 ][ info ] [ PARAM ] array (
)
[ 2018-11-19T10:46:18+08:00 ][ error ] [1]Uncaught think\exception\HttpException: module not exists:2 in /var/www/swoole-live/thinkphp/library/think/route/dispatch/Module.php:68
Stack trace:
#0 /var/www/swoole-live/thinkphp/library/think/route/dispatch/Url.php(26): think\route\dispatch\Module->run()
#1 /var/www/swoole-live/thinkphp/library/think/App.php(309): think\route\dispatch\Url->run()
#2 /var/www/swoole-live/server/http-server.php(47): think\App->run()
#3 {main}
  thrown[/var/www/swoole-live/thinkphp/library/think/route/dispatch/Module.php:68]
[ 2018-11-19T10:46:19+08:00 ][ info ] [ LANG ] /var/www/swoole-live/thinkphp/lang/zh-cn.php
[ info ] [ LOG ] INIT File
[ 2018-11-19T10:46:19+08:00 ][ info ] [ ROUTE ] array (
)
[ 2018-11-19T10:46:19+08:00 ][ info ] [ HEADER ] array (
)
[ 2018-11-19T10:46:19+08:00 ][ info ] [ PARAM ] array (
)
[ 2018-11-19T10:46:19+08:00 ][ error ] [1]Uncaught think\exception\HttpException: module not exists:2 in /var/www/swoole-live/thinkphp/library/think/route/dispatch/Module.php:68
Stack trace:
#0 /var/www/swoole-live/thinkphp/library/think/route/dispatch/Url.php(26): think\route\dispatch\Module->run()
#1 /var/www/swoole-live/thinkphp/library/think/App.php(309): think\route\dispatch\Url->run()
#2 /var/www/swoole-live/server/http-server.php(47): think\App->run()
#3 {main}
  thrown[/var/www/swoole-live/thinkphp/library/think/route/dispatch/Module.php:68]
[ 2018-11-19T10:46:20+08:00 ][ info ] [ LANG ] /var/www/swoole-live/thinkphp/lang/zh-cn.php
[ info ] [ LOG ] INIT File
[ 2018-11-19T10:46:20+08:00 ][ info ] [ ROUTE ] array (
)
[ 2018-11-19T10:46:20+08:00 ][ info ] [ HEADER ] array (
)
[ 2018-11-19T10:46:20+08:00 ][ info ] [ PARAM ] array (
)
[ 2018-11-19T10:46:20+08:00 ][ error ] [1]Uncaught think\exception\HttpException: module not exists:2 in /var/www/swoole-live/thinkphp/library/think/route/dispatch/Module.php:68
Stack trace:
#0 /var/www/swoole-live/thinkphp/library/think/route/dispatch/Url.php(26): think\route\dispatch\Module->run()
#1 /var/www/swoole-live/thinkphp/library/think/App.php(309): think\route\dispatch\Url->run()
#2 /var/www/swoole-live/server/http-server.php(47): think\App->run()
#3 {main}
  thrown[/var/www/swoole-live/thinkphp/library/think/route/dispatch/Module.php:68]
[ 2018-11-19T10:46:57+08:00 ][ info ] [ LANG ] /var/www/swoole-live/thinkphp/lang/zh-cn.php
[ info ] [ LOG ] INIT File
[ 2018-11-19T10:46:57+08:00 ][ info ] [ ROUTE ] array (
)
[ 2018-11-19T10:46:57+08:00 ][ info ] [ HEADER ] array (
)
[ 2018-11-19T10:46:57+08:00 ][ info ] [ PARAM ] array (
)
[ 2018-11-19T10:46:57+08:00 ][ error ] [1]Uncaught think\exception\HttpException: module not exists:2 in /var/www/swoole-live/thinkphp/library/think/route/dispatch/Module.php:68
Stack trace:
#0 /var/www/swoole-live/thinkphp/library/think/route/dispatch/Url.php(26): think\route\dispatch\Module->run()
#1 /var/www/swoole-live/thinkphp/library/think/App.php(309): think\route\dispatch\Url->run()
#2 /var/www/swoole-live/server/http-server.php(47): think\App->run()
#3 {main}
  thrown[/var/www/swoole-live/thinkphp/library/think/route/dispatch/Module.php:68]
[ 2018-11-19T10:47:13+08:00 ][ info ] [ LANG ] /var/www/swoole-live/thinkphp/lang/zh-cn.php
[ info ] [ LOG ] INIT File
[ 2018-11-19T10:47:13+08:00 ][ info ] [ ROUTE ] array (
)
[ 2018-11-19T10:47:13+08:00 ][ info ] [ HEADER ] array (
)
[ 2018-11-19T10:47:13+08:00 ][ info ] [ PARAM ] array (
)
[ 2018-11-19T10:47:13+08:00 ][ error ] [1]Uncaught think\exception\HttpException: module not exists:2 in /var/www/swoole-live/thinkphp/library/think/route/dispatch/Module.php:68
Stack trace:
#0 /var/www/swoole-live/thinkphp/library/think/route/dispatch/Url.php(26): think\route\dispatch\Module->run()
#1 /var/www/swoole-live/thinkphp/library/think/App.php(309): think\route\dispatch\Url->run()
#2 /var/www/swoole-live/server/http-server.php(47): think\App->run()
#3 {main}
  thrown[/var/www/swoole-live/thinkphp/library/think/route/dispatch/Module.php:68]
[ 2018-11-19T10:47:26+08:00 ][ info ] [ LANG ] /var/www/swoole-live/thinkphp/lang/zh-cn.php
[ info ] [ LOG ] INIT File
[ 2018-11-19T10:47:26+08:00 ][ info ] [ ROUTE ] array (
)
[ 2018-11-19T10:47:26+08:00 ][ info ] [ HEADER ] array (
)
[ 2018-11-19T10:47:26+08:00 ][ info ] [ PARAM ] array (
)
[ 2018-11-19T10:47:27+08:00 ][ info ] [ LANG ] /var/www/swoole-live/thinkphp/lang/zh-cn.php
[ 2018-11-19T10:47:27+08:00 ][ info ] [ ROUTE ] array (
)
[ 2018-11-19T10:47:27+08:00 ][ info ] [ HEADER ] array (
)
[ 2018-11-19T10:47:27+08:00 ][ info ] [ PARAM ] array (
)
[ 2018-11-19T10:47:31+08:00 ][ info ] [ LANG ] /var/www/swoole-live/thinkphp/lang/zh-cn.php
[ 2018-11-19T10:47:31+08:00 ][ info ] [ ROUTE ] array (
)
[ 2018-11-19T10:47:31+08:00 ][ info ] [ HEADER ] array (
)
[ 2018-11-19T10:47:31+08:00 ][ info ] [ PARAM ] array (
)
[ 2018-11-19T10:47:32+08:00 ][ info ] [ LANG ] /var/www/swoole-live/thinkphp/lang/zh-cn.php
[ 2018-11-19T10:47:32+08:00 ][ info ] [ ROUTE ] array (
)
[ 2018-11-19T10:47:32+08:00 ][ info ] [ HEADER ] array (
)
[ 2018-11-19T10:47:32+08:00 ][ info ] [ PARAM ] array (
)
[ 2018-11-19T10:47:35+08:00 ][ info ] [ LANG ] /var/www/swoole-live/thinkphp/lang/zh-cn.php
[ 2018-11-19T10:47:35+08:00 ][ info ] [ ROUTE ] array (
)
[ 2018-11-19T10:47:35+08:00 ][ info ] [ HEADER ] array (
)
[ 2018-11-19T10:47:35+08:00 ][ info ] [ PARAM ] array (
)
[ 2018-11-19T10:47:37+08:00 ][ info ] [ LANG ] /var/www/swoole-live/thinkphp/lang/zh-cn.php
[ 2018-11-19T10:47:37+08:00 ][ info ] [ ROUTE ] array (
)
[ 2018-11-19T10:47:37+08:00 ][ info ] [ HEADER ] array (
)
[ 2018-11-19T10:47:37+08:00 ][ info ] [ PARAM ] array (
)
[ 2018-11-19T10:48:18+08:00 ][ info ] [ LANG ] /var/www/swoole-live/thinkphp/lang/zh-cn.php
[ info ] [ LOG ] INIT File
[ 2018-11-19T10:48:18+08:00 ][ info ] [ ROUTE ] array (
)
[ 2018-11-19T10:48:18+08:00 ][ info ] [ HEADER ] array (
)
[ 2018-11-19T10:48:18+08:00 ][ info ] [ PARAM ] array (
)
[ 2018-11-19T10:48:19+08:00 ][ info ] [ LANG ] /var/www/swoole-live/thinkphp/lang/zh-cn.php
[ 2018-11-19T10:48:19+08:00 ][ info ] [ ROUTE ] array (
)
[ 2018-11-19T10:48:19+08:00 ][ info ] [ HEADER ] array (
)
[ 2018-11-19T10:48:19+08:00 ][ info ] [ PARAM ] array (
)
[ 2018-11-19T10:48:23+08:00 ][ info ] [ LANG ] /var/www/swoole-live/thinkphp/lang/zh-cn.php
[ 2018-11-19T10:48:23+08:00 ][ info ] [ ROUTE ] array (
)
[ 2018-11-19T10:48:23+08:00 ][ info ] [ HEADER ] array (
)
[ 2018-11-19T10:48:23+08:00 ][ info ] [ PARAM ] array (
)
[ 2018-11-19T10:48:25+08:00 ][ info ] [ LANG ] /var/www/swoole-live/thinkphp/lang/zh-cn.php
[ 2018-11-19T10:48:25+08:00 ][ info ] [ ROUTE ] array (
)
[ 2018-11-19T10:48:25+08:00 ][ info ] [ HEADER ] array (
)
[ 2018-11-19T10:48:25+08:00 ][ info ] [ PARAM ] array (
)
[ 2018-11-19T11:16:16+08:00 ][ info ] [ LANG ] /var/www/swoole-live/thinkphp/lang/zh-cn.php
[ info ] [ LOG ] INIT File
[ 2018-11-19T11:16:16+08:00 ][ info ] [ ROUTE ] array (
)
[ 2018-11-19T11:16:16+08:00 ][ info ] [ HEADER ] array (
)
[ 2018-11-19T11:16:16+08:00 ][ info ] [ PARAM ] array (
)
[ 2018-11-19T11:16:17+08:00 ][ info ] [ LANG ] /var/www/swoole-live/thinkphp/lang/zh-cn.php
[ 2018-11-19T11:16:17+08:00 ][ info ] [ ROUTE ] array (
)
[ 2018-11-19T11:16:17+08:00 ][ info ] [ HEADER ] array (
)
[ 2018-11-19T11:16:17+08:00 ][ info ] [ PARAM ] array (
)
[ 2018-11-19T14:33:13+08:00 ][ info ] [ LANG ] /var/www/swoole-live/thinkphp/lang/zh-cn.php
[ 2018-11-19T14:33:13+08:00 ][ info ] [ ROUTE ] array (
)
[ 2018-11-19T14:33:13+08:00 ][ info ] [ HEADER ] array (
)
[ 2018-11-19T14:33:13+08:00 ][ info ] [ PARAM ] array (
  'phone_num' => '',
)
[ 2018-11-19T17:11:33+08:00 ][ info ] [ LANG ] /var/www/swoole-live/thinkphp/lang/zh-cn.php
[ info ] [ LOG ] INIT File
[ 2018-11-19T17:11:33+08:00 ][ info ] [ LANG ] /var/www/swoole-live/thinkphp/lang/zh-cn.php
[ info ] [ LOG ] INIT File
[ 2018-11-19T17:11:33+08:00 ][ info ] [ LANG ] /var/www/swoole-live/thinkphp/lang/zh-cn.php
[ info ] [ LOG ] INIT File
[ 2018-11-19T17:11:33+08:00 ][ info ] [ LANG ] /var/www/swoole-live/thinkphp/lang/zh-cn.php
[ info ] [ LOG ] INIT File
[ 2018-11-19T17:11:33+08:00 ][ info ] [ LANG ] /var/www/swoole-live/thinkphp/lang/zh-cn.php
[ info ] [ LOG ] INIT File
[ 2018-11-19T17:11:33+08:00 ][ info ] [ LANG ] /var/www/swoole-live/thinkphp/lang/zh-cn.php
[ info ] [ LOG ] INIT File
[ 2018-11-19T17:11:33+08:00 ][ info ] [ LANG ] /var/www/swoole-live/thinkphp/lang/zh-cn.php
[ info ] [ LOG ] INIT File
[ 2018-11-19T17:11:33+08:00 ][ info ] [ ROUTE ] array (
)
[ 2018-11-19T17:11:33+08:00 ][ info ] [ HEADER ] array (
)
[ 2018-11-19T17:11:33+08:00 ][ info ] [ PARAM ] array (
)
[ 2018-11-19T17:11:33+08:00 ][ info ] [ ROUTE ] array (
)
[ 2018-11-19T17:11:33+08:00 ][ info ] [ HEADER ] array (
)
[ 2018-11-19T17:11:33+08:00 ][ info ] [ PARAM ] array (
)
[ 2018-11-19T17:11:33+08:00 ][ info ] [ ROUTE ] array (
)
[ 2018-11-19T17:11:33+08:00 ][ info ] [ HEADER ] array (
)
[ 2018-11-19T17:11:33+08:00 ][ info ] [ PARAM ] array (
)
[ 2018-11-19T17:11:33+08:00 ][ info ] [ ROUTE ] array (
)
[ 2018-11-19T17:11:33+08:00 ][ info ] [ HEADER ] array (
)
[ 2018-11-19T17:11:33+08:00 ][ info ] [ PARAM ] array (
)
[ 2018-11-19T17:11:33+08:00 ][ info ] [ ROUTE ] array (
)
[ 2018-11-19T17:11:33+08:00 ][ info ] [ HEADER ] array (
)
[ 2018-11-19T17:11:33+08:00 ][ info ] [ PARAM ] array (
)
[ 2018-11-19T17:11:33+08:00 ][ info ] [ LANG ] /var/www/swoole-live/thinkphp/lang/zh-cn.php
[ info ] [ LOG ] INIT File
[ 2018-11-19T17:11:33+08:00 ][ info ] [ ROUTE ] array (
)
[ 2018-11-19T17:11:33+08:00 ][ info ] [ HEADER ] array (
)
[ 2018-11-19T17:11:33+08:00 ][ info ] [ PARAM ] array (
)
[ 2018-11-19T17:11:33+08:00 ][ info ] [ ROUTE ] array (
)
[ 2018-11-19T17:11:33+08:00 ][ info ] [ HEADER ] array (
)
[ 2018-11-19T17:11:33+08:00 ][ info ] [ PARAM ] array (
)
[ 2018-11-19T17:11:33+08:00 ][ info ] [ ROUTE ] array (
)
[ 2018-11-19T17:11:33+08:00 ][ info ] [ HEADER ] array (
)
[ 2018-11-19T17:11:33+08:00 ][ info ] [ PARAM ] array (
)
[ 2018-11-19T17:12:41+08:00 ][ info ] [ LANG ] /var/www/swoole-live/thinkphp/lang/zh-cn.php
[ info ] [ LOG ] INIT File
[ 2018-11-19T17:12:41+08:00 ][ info ] [ LANG ] /var/www/swoole-live/thinkphp/lang/zh-cn.php
[ info ] [ LOG ] INIT File
[ 2018-11-19T17:12:41+08:00 ][ info ] [ LANG ] /var/www/swoole-live/thinkphp/lang/zh-cn.php
[ info ] [ LOG ] INIT File
[ 2018-11-19T17:12:41+08:00 ][ info ] [ LANG ] /var/www/swoole-live/thinkphp/lang/zh-cn.php
[ info ] [ LOG ] INIT File
[ 2018-11-19T17:12:41+08:00 ][ info ] [ LANG ] /var/www/swoole-live/thinkphp/lang/zh-cn.php
[ info ] [ LOG ] INIT File
[ 2018-11-19T17:12:41+08:00 ][ info ] [ ROUTE ] array (
)
[ 2018-11-19T17:12:41+08:00 ][ info ] [ HEADER ] array (
)
[ 2018-11-19T17:12:41+08:00 ][ info ] [ PARAM ] array (
)
[ 2018-11-19T17:12:41+08:00 ][ info ] [ LANG ] /var/www/swoole-live/thinkphp/lang/zh-cn.php
[ info ] [ LOG ] INIT File
[ 2018-11-19T17:12:41+08:00 ][ info ] [ ROUTE ] array (
)
[ 2018-11-19T17:12:41+08:00 ][ info ] [ HEADER ] array (
)
[ 2018-11-19T17:12:41+08:00 ][ info ] [ PARAM ] array (
)
[ 2018-11-19T17:12:41+08:00 ][ info ] [ LANG ] /var/www/swoole-live/thinkphp/lang/zh-cn.php
[ info ] [ LOG ] INIT File
[ 2018-11-19T17:12:41+08:00 ][ info ] [ ROUTE ] array (
)
[ 2018-11-19T17:12:41+08:00 ][ info ] [ HEADER ] array (
)
[ 2018-11-19T17:12:41+08:00 ][ info ] [ PARAM ] array (
)
[ 2018-11-19T17:12:41+08:00 ][ info ] [ ROUTE ] array (
)
[ 2018-11-19T17:12:41+08:00 ][ info ] [ HEADER ] array (
)
[ 2018-11-19T17:12:41+08:00 ][ info ] [ PARAM ] array (
)
[ 2018-11-19T17:12:41+08:00 ][ info ] [ LANG ] /var/www/swoole-live/thinkphp/lang/zh-cn.php
[ info ] [ LOG ] INIT File
[ 2018-11-19T17:12:41+08:00 ][ info ] [ ROUTE ] array (
)
[ 2018-11-19T17:12:41+08:00 ][ info ] [ HEADER ] array (
)
[ 2018-11-19T17:12:41+08:00 ][ info ] [ PARAM ] array (
)
[ 2018-11-19T17:12:41+08:00 ][ info ] [ ROUTE ] array (
)
[ 2018-11-19T17:12:41+08:00 ][ info ] [ HEADER ] array (
)
[ 2018-11-19T17:12:41+08:00 ][ info ] [ PARAM ] array (
)
[ 2018-11-19T17:12:41+08:00 ][ info ] [ ROUTE ] array (
)
[ 2018-11-19T17:12:41+08:00 ][ info ] [ HEADER ] array (
)
[ 2018-11-19T17:12:41+08:00 ][ info ] [ PARAM ] array (
)
[ 2018-11-19T17:12:41+08:00 ][ info ] [ ROUTE ] array (
)
[ 2018-11-19T17:12:41+08:00 ][ info ] [ HEADER ] array (
)
[ 2018-11-19T17:12:41+08:00 ][ info ] [ PARAM ] array (
)
[ 2018-11-19T17:12:48+08:00 ][ info ] [ LANG ] /var/www/swoole-live/thinkphp/lang/zh-cn.php
[ info ] [ LOG ] INIT File
[ 2018-11-19T17:12:48+08:00 ][ info ] [ LANG ] /var/www/swoole-live/thinkphp/lang/zh-cn.php
[ info ] [ LOG ] INIT File
[ 2018-11-19T17:12:48+08:00 ][ info ] [ LANG ] /var/www/swoole-live/thinkphp/lang/zh-cn.php
[ info ] [ LOG ] INIT File
[ 2018-11-19T17:12:48+08:00 ][ info ] [ LANG ] /var/www/swoole-live/thinkphp/lang/zh-cn.php
[ info ] [ LOG ] INIT File
[ 2018-11-19T17:12:48+08:00 ][ info ] [ ROUTE ] array (
)
[ 2018-11-19T17:12:48+08:00 ][ info ] [ HEADER ] array (
)
[ 2018-11-19T17:12:48+08:00 ][ info ] [ PARAM ] array (
)
[ 2018-11-19T17:12:48+08:00 ][ info ] [ LANG ] /var/www/swoole-live/thinkphp/lang/zh-cn.php
[ info ] [ LOG ] INIT File
[ 2018-11-19T17:12:48+08:00 ][ info ] [ ROUTE ] array (
)
[ 2018-11-19T17:12:48+08:00 ][ info ] [ HEADER ] array (
)
[ 2018-11-19T17:12:48+08:00 ][ info ] [ PARAM ] array (
)
[ 2018-11-19T17:12:48+08:00 ][ info ] [ LANG ] /var/www/swoole-live/thinkphp/lang/zh-cn.php
[ info ] [ LOG ] INIT File
[ 2018-11-19T17:12:48+08:00 ][ info ] [ ROUTE ] array (
)
[ 2018-11-19T17:12:48+08:00 ][ info ] [ HEADER ] array (
)
[ 2018-11-19T17:12:48+08:00 ][ info ] [ PARAM ] array (
)
[ 2018-11-19T17:12:48+08:00 ][ info ] [ ROUTE ] array (
)
[ 2018-11-19T17:12:48+08:00 ][ info ] [ HEADER ] array (
)
[ 2018-11-19T17:12:48+08:00 ][ info ] [ PARAM ] array (
)
[ 2018-11-19T17:12:48+08:00 ][ info ] [ LANG ] /var/www/swoole-live/thinkphp/lang/zh-cn.php
[ info ] [ LOG ] INIT File
[ 2018-11-19T17:12:48+08:00 ][ info ] [ ROUTE ] array (
)
[ 2018-11-19T17:12:48+08:00 ][ info ] [ HEADER ] array (
)
[ 2018-11-19T17:12:48+08:00 ][ info ] [ PARAM ] array (
)
[ 2018-11-19T17:12:48+08:00 ][ info ] [ ROUTE ] array (
)
[ 2018-11-19T17:12:48+08:00 ][ info ] [ HEADER ] array (
)
[ 2018-11-19T17:12:48+08:00 ][ info ] [ PARAM ] array (
)
[ 2018-11-19T17:12:48+08:00 ][ info ] [ ROUTE ] array (
)
[ 2018-11-19T17:12:48+08:00 ][ info ] [ LANG ] /var/www/swoole-live/thinkphp/lang/zh-cn.php
[ info ] [ LOG ] INIT File
[ 2018-11-19T17:12:48+08:00 ][ info ] [ ROUTE ] array (
)
[ 2018-11-19T17:12:48+08:00 ][ info ] [ HEADER ] array (
)
[ 2018-11-19T17:12:48+08:00 ][ info ] [ PARAM ] array (
)
[ 2018-11-19T17:12:48+08:00 ][ info ] [ HEADER ] array (
)
[ 2018-11-19T17:12:48+08:00 ][ info ] [ PARAM ] array (
)
[ 2018-11-19T17:13:08+08:00 ][ info ] [ LANG ] /var/www/swoole-live/thinkphp/lang/zh-cn.php
[ 2018-11-19T17:13:08+08:00 ][ info ] [ ROUTE ] array (
)
[ 2018-11-19T17:13:08+08:00 ][ info ] [ HEADER ] array (
)
[ 2018-11-19T17:13:08+08:00 ][ info ] [ PARAM ] array (
)
[ 2018-11-19T17:13:11+08:00 ][ info ] [ LANG ] /var/www/swoole-live/thinkphp/lang/zh-cn.php
[ 2018-11-19T17:13:11+08:00 ][ info ] [ ROUTE ] array (
)
[ 2018-11-19T17:13:11+08:00 ][ info ] [ HEADER ] array (
)
[ 2018-11-19T17:13:11+08:00 ][ info ] [ PARAM ] array (
)
[ 2018-11-19T17:13:14+08:00 ][ info ] [ LANG ] /var/www/swoole-live/thinkphp/lang/zh-cn.php
[ 2018-11-19T17:13:14+08:00 ][ info ] [ ROUTE ] array (
)
[ 2018-11-19T17:13:14+08:00 ][ info ] [ HEADER ] array (
)
[ 2018-11-19T17:13:14+08:00 ][ info ] [ PARAM ] array (
)
[ 2018-11-19T17:13:32+08:00 ][ info ] [ LANG ] /var/www/swoole-live/thinkphp/lang/zh-cn.php
[ 2018-11-19T17:13:32+08:00 ][ info ] [ ROUTE ] array (
)
[ 2018-11-19T17:13:32+08:00 ][ info ] [ HEADER ] array (
)
[ 2018-11-19T17:13:32+08:00 ][ info ] [ PARAM ] array (
)
[ 2018-11-19T17:13:33+08:00 ][ info ] [ LANG ] /var/www/swoole-live/thinkphp/lang/zh-cn.php
[ 2018-11-19T17:13:33+08:00 ][ info ] [ ROUTE ] array (
)
[ 2018-11-19T17:13:33+08:00 ][ info ] [ HEADER ] array (
)
[ 2018-11-19T17:13:33+08:00 ][ info ] [ PARAM ] array (
)
[ 2018-11-19T17:16:51+08:00 ][ info ] [ LANG ] /var/www/swoole-live/thinkphp/lang/zh-cn.php
[ info ] [ LOG ] INIT File
[ 2018-11-19T17:16:51+08:00 ][ info ] [ LANG ] /var/www/swoole-live/thinkphp/lang/zh-cn.php
[ info ] [ LOG ] INIT File
[ 2018-11-19T17:16:51+08:00 ][ info ] [ LANG ] /var/www/swoole-live/thinkphp/lang/zh-cn.php
[ info ] [ LOG ] INIT File
[ 2018-11-19T17:16:51+08:00 ][ info ] [ LANG ] /var/www/swoole-live/thinkphp/lang/zh-cn.php
[ info ] [ LOG ] INIT File
[ 2018-11-19T17:16:51+08:00 ][ info ] [ ROUTE ] array (
)
[ 2018-11-19T17:16:51+08:00 ][ info ] [ HEADER ] array (
)
[ 2018-11-19T17:16:51+08:00 ][ info ] [ PARAM ] array (
)
[ 2018-11-19T17:16:51+08:00 ][ info ] [ LANG ] /var/www/swoole-live/thinkphp/lang/zh-cn.php
[ info ] [ LOG ] INIT File
[ 2018-11-19T17:16:51+08:00 ][ info ] [ ROUTE ] array (
)
[ 2018-11-19T17:16:51+08:00 ][ info ] [ HEADER ] array (
)
[ 2018-11-19T17:16:51+08:00 ][ info ] [ PARAM ] array (
)
[ 2018-11-19T17:16:51+08:00 ][ info ] [ ROUTE ] array (
)
[ 2018-11-19T17:16:51+08:00 ][ info ] [ HEADER ] array (
)
[ 2018-11-19T17:16:51+08:00 ][ info ] [ PARAM ] array (
)
[ 2018-11-19T17:16:51+08:00 ][ info ] [ LANG ] /var/www/swoole-live/thinkphp/lang/zh-cn.php
[ info ] [ LOG ] INIT File
[ 2018-11-19T17:16:51+08:00 ][ info ] [ ROUTE ] array (
)
[ 2018-11-19T17:16:51+08:00 ][ info ] [ HEADER ] array (
)
[ 2018-11-19T17:16:51+08:00 ][ info ] [ PARAM ] array (
)
[ 2018-11-19T17:16:51+08:00 ][ info ] [ LANG ] /var/www/swoole-live/thinkphp/lang/zh-cn.php
[ info ] [ LOG ] INIT File
[ 2018-11-19T17:16:51+08:00 ][ info ] [ ROUTE ] array (
)
[ 2018-11-19T17:16:51+08:00 ][ info ] [ HEADER ] array (
)
[ 2018-11-19T17:16:51+08:00 ][ info ] [ PARAM ] array (
)
[ 2018-11-19T17:16:51+08:00 ][ info ] [ LANG ] /var/www/swoole-live/thinkphp/lang/zh-cn.php
[ info ] [ LOG ] INIT File
[ 2018-11-19T17:16:51+08:00 ][ info ] [ ROUTE ] array (
)
[ 2018-11-19T17:16:51+08:00 ][ info ] [ HEADER ] array (
)
[ 2018-11-19T17:16:51+08:00 ][ info ] [ PARAM ] array (
)
[ 2018-11-19T17:16:51+08:00 ][ info ] [ ROUTE ] array (
)
[ 2018-11-19T17:16:51+08:00 ][ info ] [ HEADER ] array (
)
[ 2018-11-19T17:16:51+08:00 ][ info ] [ PARAM ] array (
)
[ 2018-11-19T17:16:51+08:00 ][ info ] [ ROUTE ] array (
)
[ 2018-11-19T17:16:51+08:00 ][ info ] [ HEADER ] array (
)
[ 2018-11-19T17:16:51+08:00 ][ info ] [ PARAM ] array (
)
