[ 2018-11-21T11:54:11+08:00 ][ info ] [ LANG ] /var/www/html/swoole-live/thinkphp/lang/zh-cn.php
[ info ] [ LOG ] INIT File
[ 2018-11-21T11:54:11+08:00 ][ info ] [ LANG ] /var/www/html/swoole-live/thinkphp/lang/zh-cn.php
[ info ] [ LOG ] INIT File
[ 2018-11-21T11:54:11+08:00 ][ info ] [ LANG ] /var/www/html/swoole-live/thinkphp/lang/zh-cn.php
[ info ] [ LOG ] INIT File
[ 2018-11-21T11:54:11+08:00 ][ info ] [ LANG ] /var/www/html/swoole-live/thinkphp/lang/zh-cn.php
[ info ] [ LOG ] INIT File
[ 2018-11-21T11:54:11+08:00 ][ info ] [ LANG ] /var/www/html/swoole-live/thinkphp/lang/zh-cn.php
[ info ] [ LOG ] INIT File
[ 2018-11-21T11:54:11+08:00 ][ info ] [ LANG ] /var/www/html/swoole-live/thinkphp/lang/zh-cn.php
[ info ] [ LOG ] INIT File
[ 2018-11-21T11:54:11+08:00 ][ info ] [ LANG ] /var/www/html/swoole-live/thinkphp/lang/zh-cn.php
[ info ] [ LOG ] INIT File
[ 2018-11-21T11:54:11+08:00 ][ info ] [ LANG ] /var/www/html/swoole-live/thinkphp/lang/zh-cn.php
[ info ] [ LOG ] INIT File
[ 2018-11-21T11:54:12+08:00 ][ info ] [ ROUTE ] array (
)
[ 2018-11-21T11:54:12+08:00 ][ info ] [ HEADER ] array (
)
[ 2018-11-21T11:54:12+08:00 ][ info ] [ PARAM ] array (
)
[ 2018-11-21T11:54:12+08:00 ][ info ] [ ROUTE ] array (
)
[ 2018-11-21T11:54:12+08:00 ][ info ] [ HEADER ] array (
)
[ 2018-11-21T11:54:12+08:00 ][ info ] [ PARAM ] array (
)
[ 2018-11-21T11:54:12+08:00 ][ info ] [ ROUTE ] array (
)
[ 2018-11-21T11:54:12+08:00 ][ info ] [ HEADER ] array (
)
[ 2018-11-21T11:54:12+08:00 ][ info ] [ PARAM ] array (
)
[ 2018-11-21T11:54:12+08:00 ][ info ] [ ROUTE ] array (
)
[ 2018-11-21T11:54:12+08:00 ][ info ] [ HEADER ] array (
)
[ 2018-11-21T11:54:12+08:00 ][ info ] [ PARAM ] array (
)
[ 2018-11-21T11:54:12+08:00 ][ info ] [ ROUTE ] array (
)
[ 2018-11-21T11:54:12+08:00 ][ info ] [ HEADER ] array (
)
[ 2018-11-21T11:54:12+08:00 ][ info ] [ PARAM ] array (
)
[ 2018-11-21T11:54:12+08:00 ][ info ] [ ROUTE ] array (
)
[ 2018-11-21T11:54:12+08:00 ][ info ] [ HEADER ] array (
)
[ 2018-11-21T11:54:12+08:00 ][ info ] [ PARAM ] array (
)
[ 2018-11-21T11:54:12+08:00 ][ info ] [ ROUTE ] array (
)
[ 2018-11-21T11:54:12+08:00 ][ info ] [ HEADER ] array (
)
[ 2018-11-21T11:54:12+08:00 ][ info ] [ PARAM ] array (
)
[ 2018-11-21T11:54:12+08:00 ][ info ] [ ROUTE ] array (
)
[ 2018-11-21T11:54:12+08:00 ][ info ] [ HEADER ] array (
)
[ 2018-11-21T11:54:12+08:00 ][ info ] [ PARAM ] array (
)
[ 2018-11-21T11:54:18+08:00 ][ info ] [ LANG ] /var/www/html/swoole-live/thinkphp/lang/zh-cn.php
[ 2018-11-21T11:54:18+08:00 ][ info ] [ ROUTE ] array (
)
[ 2018-11-21T11:54:18+08:00 ][ info ] [ HEADER ] array (
)
[ 2018-11-21T11:54:18+08:00 ][ info ] [ PARAM ] array (
)
[ 2018-11-21T11:54:43+08:00 ][ info ] [ LANG ] /var/www/html/swoole-live/thinkphp/lang/zh-cn.php
[ info ] [ LOG ] INIT File
[ 2018-11-21T11:54:43+08:00 ][ info ] [ LANG ] /var/www/html/swoole-live/thinkphp/lang/zh-cn.php
[ info ] [ LOG ] INIT File
[ 2018-11-21T11:54:43+08:00 ][ info ] [ LANG ] /var/www/html/swoole-live/thinkphp/lang/zh-cn.php
[ info ] [ LOG ] INIT File
[ 2018-11-21T11:54:43+08:00 ][ info ] [ LANG ] /var/www/html/swoole-live/thinkphp/lang/zh-cn.php
[ info ] [ LOG ] INIT File
[ 2018-11-21T11:54:43+08:00 ][ info ] [ ROUTE ] array (
)
[ 2018-11-21T11:54:43+08:00 ][ info ] [ HEADER ] array (
)
[ 2018-11-21T11:54:43+08:00 ][ info ] [ PARAM ] array (
)
[ 2018-11-21T11:54:43+08:00 ][ info ] [ LANG ] /var/www/html/swoole-live/thinkphp/lang/zh-cn.php
[ info ] [ LOG ] INIT File
[ 2018-11-21T11:54:43+08:00 ][ info ] [ ROUTE ] array (
)
[ 2018-11-21T11:54:43+08:00 ][ info ] [ HEADER ] array (
)
[ 2018-11-21T11:54:43+08:00 ][ info ] [ PARAM ] array (
)
[ 2018-11-21T11:54:43+08:00 ][ info ] [ LANG ] /var/www/html/swoole-live/thinkphp/lang/zh-cn.php
[ info ] [ LOG ] INIT File
[ 2018-11-21T11:54:43+08:00 ][ info ] [ ROUTE ] array (
)
[ 2018-11-21T11:54:43+08:00 ][ info ] [ HEADER ] array (
)
[ 2018-11-21T11:54:43+08:00 ][ info ] [ PARAM ] array (
)
[ 2018-11-21T11:54:43+08:00 ][ info ] [ ROUTE ] array (
)
[ 2018-11-21T11:54:43+08:00 ][ info ] [ HEADER ] array (
)
[ 2018-11-21T11:54:43+08:00 ][ info ] [ PARAM ] array (
)
[ 2018-11-21T11:54:43+08:00 ][ info ] [ LANG ] /var/www/html/swoole-live/thinkphp/lang/zh-cn.php
[ info ] [ LOG ] INIT File
[ 2018-11-21T11:54:43+08:00 ][ info ] [ ROUTE ] array (
)
[ 2018-11-21T11:54:43+08:00 ][ info ] [ HEADER ] array (
)
[ 2018-11-21T11:54:43+08:00 ][ info ] [ PARAM ] array (
)
[ 2018-11-21T11:54:43+08:00 ][ info ] [ LANG ] /var/www/html/swoole-live/thinkphp/lang/zh-cn.php
[ info ] [ LOG ] INIT File
[ 2018-11-21T11:54:43+08:00 ][ info ] [ ROUTE ] array (
)
[ 2018-11-21T11:54:43+08:00 ][ info ] [ HEADER ] array (
)
[ 2018-11-21T11:54:43+08:00 ][ info ] [ PARAM ] array (
)
[ 2018-11-21T11:54:43+08:00 ][ info ] [ ROUTE ] array (
)
[ 2018-11-21T11:54:43+08:00 ][ info ] [ HEADER ] array (
)
[ 2018-11-21T11:54:43+08:00 ][ info ] [ PARAM ] array (
)
[ 2018-11-21T11:54:43+08:00 ][ info ] [ ROUTE ] array (
)
[ 2018-11-21T11:54:43+08:00 ][ info ] [ HEADER ] array (
)
[ 2018-11-21T11:54:43+08:00 ][ info ] [ PARAM ] array (
)
[ 2018-11-21T11:54:45+08:00 ][ info ] [ LANG ] /var/www/html/swoole-live/thinkphp/lang/zh-cn.php
[ 2018-11-21T11:54:45+08:00 ][ info ] [ ROUTE ] array (
)
[ 2018-11-21T11:54:45+08:00 ][ info ] [ HEADER ] array (
)
[ 2018-11-21T11:54:45+08:00 ][ info ] [ PARAM ] array (
)
[ 2018-11-21T11:55:05+08:00 ][ info ] [ LANG ] /var/www/html/swoole-live/thinkphp/lang/zh-cn.php
[ 2018-11-21T11:55:05+08:00 ][ info ] [ ROUTE ] array (
)
[ 2018-11-21T11:55:05+08:00 ][ info ] [ HEADER ] array (
)
[ 2018-11-21T11:55:05+08:00 ][ info ] [ PARAM ] array (
  'type' => '1',
  'team_id' => '1',
  'content' => '',
)
[ 2018-11-21T11:55:24+08:00 ][ info ] [ LANG ] /var/www/html/swoole-live/thinkphp/lang/zh-cn.php
[ 2018-11-21T11:55:24+08:00 ][ info ] [ ROUTE ] array (
)
[ 2018-11-21T11:55:24+08:00 ][ info ] [ HEADER ] array (
)
[ 2018-11-21T11:55:24+08:00 ][ info ] [ PARAM ] array (
  'type' => '1',
  'team_id' => '1',
  'content' => '',
)
[ 2018-11-21T11:57:01+08:00 ][ info ] [ LANG ] /var/www/html/swoole-live/thinkphp/lang/zh-cn.php
[ 2018-11-21T11:57:01+08:00 ][ info ] [ ROUTE ] array (
)
[ 2018-11-21T11:57:01+08:00 ][ info ] [ HEADER ] array (
)
[ 2018-11-21T11:57:01+08:00 ][ info ] [ PARAM ] array (
  'type' => '1',
  'team_id' => '1',
  'content' => '',
)
[ 2018-11-21T11:57:12+08:00 ][ info ] [ LANG ] /var/www/html/swoole-live/thinkphp/lang/zh-cn.php
[ info ] [ LOG ] INIT File
[ 2018-11-21T11:57:12+08:00 ][ info ] [ LANG ] /var/www/html/swoole-live/thinkphp/lang/zh-cn.php
[ info ] [ LOG ] INIT File
[ 2018-11-21T11:57:12+08:00 ][ info ] [ LANG ] /var/www/html/swoole-live/thinkphp/lang/zh-cn.php
[ info ] [ LOG ] INIT File
[ 2018-11-21T11:57:12+08:00 ][ info ] [ LANG ] /var/www/html/swoole-live/thinkphp/lang/zh-cn.php
[ info ] [ LOG ] INIT File
[ 2018-11-21T11:57:12+08:00 ][ info ] [ LANG ] /var/www/html/swoole-live/thinkphp/lang/zh-cn.php
[ info ] [ LOG ] INIT File
[ 2018-11-21T11:57:12+08:00 ][ info ] [ ROUTE ] array (
)
[ 2018-11-21T11:57:12+08:00 ][ info ] [ HEADER ] array (
)
[ 2018-11-21T11:57:12+08:00 ][ info ] [ PARAM ] array (
)
[ 2018-11-21T11:57:12+08:00 ][ info ] [ LANG ] /var/www/html/swoole-live/thinkphp/lang/zh-cn.php
[ info ] [ LOG ] INIT File
[ 2018-11-21T11:57:12+08:00 ][ info ] [ ROUTE ] array (
)
[ 2018-11-21T11:57:12+08:00 ][ info ] [ ROUTE ] array (
)
[ 2018-11-21T11:57:12+08:00 ][ info ] [ HEADER ] array (
)
[ 2018-11-21T11:57:12+08:00 ][ info ] [ PARAM ] array (
)
[ 2018-11-21T11:57:12+08:00 ][ info ] [ ROUTE ] array (
)
[ 2018-11-21T11:57:12+08:00 ][ info ] [ HEADER ] array (
)
[ 2018-11-21T11:57:12+08:00 ][ info ] [ PARAM ] array (
)
[ 2018-11-21T11:57:12+08:00 ][ info ] [ ROUTE ] array (
)
[ 2018-11-21T11:57:12+08:00 ][ info ] [ HEADER ] array (
)
[ 2018-11-21T11:57:12+08:00 ][ info ] [ PARAM ] array (
)
[ 2018-11-21T11:57:12+08:00 ][ info ] [ HEADER ] array (
)
[ 2018-11-21T11:57:12+08:00 ][ info ] [ PARAM ] array (
)
[ 2018-11-21T11:57:12+08:00 ][ info ] [ ROUTE ] array (
)
[ 2018-11-21T11:57:12+08:00 ][ info ] [ HEADER ] array (
)
[ 2018-11-21T11:57:12+08:00 ][ info ] [ PARAM ] array (
)
[ 2018-11-21T11:57:12+08:00 ][ info ] [ LANG ] /var/www/html/swoole-live/thinkphp/lang/zh-cn.php
[ info ] [ LOG ] INIT File
[ 2018-11-21T11:57:12+08:00 ][ info ] [ ROUTE ] array (
)
[ 2018-11-21T11:57:12+08:00 ][ info ] [ HEADER ] array (
)
[ 2018-11-21T11:57:12+08:00 ][ info ] [ PARAM ] array (
)
[ 2018-11-21T11:57:12+08:00 ][ info ] [ LANG ] /var/www/html/swoole-live/thinkphp/lang/zh-cn.php
[ info ] [ LOG ] INIT File
[ 2018-11-21T11:57:12+08:00 ][ info ] [ ROUTE ] array (
)
[ 2018-11-21T11:57:12+08:00 ][ info ] [ HEADER ] array (
)
[ 2018-11-21T11:57:12+08:00 ][ info ] [ PARAM ] array (
)
[ 2018-11-21T11:57:14+08:00 ][ info ] [ LANG ] /var/www/html/swoole-live/thinkphp/lang/zh-cn.php
[ 2018-11-21T11:57:14+08:00 ][ info ] [ ROUTE ] array (
)
[ 2018-11-21T11:57:14+08:00 ][ info ] [ HEADER ] array (
)
[ 2018-11-21T11:57:14+08:00 ][ info ] [ PARAM ] array (
)
[ 2018-11-21T11:57:19+08:00 ][ info ] [ LANG ] /var/www/html/swoole-live/thinkphp/lang/zh-cn.php
[ 2018-11-21T11:57:19+08:00 ][ info ] [ ROUTE ] array (
)
[ 2018-11-21T11:57:19+08:00 ][ info ] [ HEADER ] array (
)
[ 2018-11-21T11:57:19+08:00 ][ info ] [ PARAM ] array (
)
[ 2018-11-21T11:57:22+08:00 ][ info ] [ LANG ] /var/www/html/swoole-live/thinkphp/lang/zh-cn.php
[ 2018-11-21T11:57:22+08:00 ][ info ] [ ROUTE ] array (
)
[ 2018-11-21T11:57:22+08:00 ][ info ] [ HEADER ] array (
)
[ 2018-11-21T11:57:22+08:00 ][ info ] [ PARAM ] array (
  'type' => '1',
  'team_id' => '0',
  'content' => '',
)
[ 2018-11-21T11:57:29+08:00 ][ info ] [ LANG ] /var/www/html/swoole-live/thinkphp/lang/zh-cn.php
[ 2018-11-21T11:57:29+08:00 ][ info ] [ ROUTE ] array (
)
[ 2018-11-21T11:57:29+08:00 ][ info ] [ HEADER ] array (
)
[ 2018-11-21T11:57:29+08:00 ][ info ] [ PARAM ] array (
  'type' => '1',
  'team_id' => '0',
  'content' => '',
)
[ 2018-11-21T11:57:30+08:00 ][ info ] [ LANG ] /var/www/html/swoole-live/thinkphp/lang/zh-cn.php
[ 2018-11-21T11:57:30+08:00 ][ info ] [ ROUTE ] array (
)
[ 2018-11-21T11:57:30+08:00 ][ info ] [ HEADER ] array (
)
[ 2018-11-21T11:57:30+08:00 ][ info ] [ PARAM ] array (
  'type' => '1',
  'team_id' => '0',
  'content' => '',
)
[ 2018-11-21T11:57:30+08:00 ][ info ] [ LANG ] /var/www/html/swoole-live/thinkphp/lang/zh-cn.php
[ 2018-11-21T11:57:30+08:00 ][ info ] [ ROUTE ] array (
)
[ 2018-11-21T11:57:30+08:00 ][ info ] [ HEADER ] array (
)
[ 2018-11-21T11:57:30+08:00 ][ info ] [ PARAM ] array (
  'type' => '1',
  'team_id' => '0',
  'content' => '',
)
[ 2018-11-21T11:57:36+08:00 ][ info ] [ LANG ] /var/www/html/swoole-live/thinkphp/lang/zh-cn.php
[ 2018-11-21T11:57:36+08:00 ][ info ] [ ROUTE ] array (
)
[ 2018-11-21T11:57:36+08:00 ][ info ] [ HEADER ] array (
)
[ 2018-11-21T11:57:36+08:00 ][ info ] [ PARAM ] array (
  'type' => '1',
  'team_id' => '0',
  'content' => '',
)
[ 2018-11-21T11:58:59+08:00 ][ info ] [ LANG ] /var/www/html/swoole-live/thinkphp/lang/zh-cn.php
[ info ] [ LOG ] INIT File
[ 2018-11-21T11:58:59+08:00 ][ info ] [ LANG ] /var/www/html/swoole-live/thinkphp/lang/zh-cn.php
[ info ] [ LOG ] INIT File
[ 2018-11-21T11:58:59+08:00 ][ info ] [ ROUTE ] array (
)
[ 2018-11-21T11:58:59+08:00 ][ info ] [ HEADER ] array (
)
[ 2018-11-21T11:58:59+08:00 ][ info ] [ PARAM ] array (
)
[ 2018-11-21T11:58:59+08:00 ][ info ] [ LANG ] /var/www/html/swoole-live/thinkphp/lang/zh-cn.php
[ info ] [ LOG ] INIT File
[ 2018-11-21T11:58:59+08:00 ][ info ] [ ROUTE ] array (
)
[ 2018-11-21T11:58:59+08:00 ][ info ] [ HEADER ] array (
)
[ 2018-11-21T11:58:59+08:00 ][ info ] [ PARAM ] array (
)
[ 2018-11-21T11:58:59+08:00 ][ info ] [ LANG ] /var/www/html/swoole-live/thinkphp/lang/zh-cn.php
[ info ] [ LOG ] INIT File
[ 2018-11-21T11:58:59+08:00 ][ info ] [ ROUTE ] array (
)
[ 2018-11-21T11:58:59+08:00 ][ info ] [ HEADER ] array (
)
[ 2018-11-21T11:58:59+08:00 ][ info ] [ PARAM ] array (
)
[ 2018-11-21T11:58:59+08:00 ][ info ] [ LANG ] /var/www/html/swoole-live/thinkphp/lang/zh-cn.php
[ info ] [ LOG ] INIT File
[ 2018-11-21T11:58:59+08:00 ][ info ] [ ROUTE ] array (
)
[ 2018-11-21T11:58:59+08:00 ][ info ] [ HEADER ] array (
)
[ 2018-11-21T11:58:59+08:00 ][ info ] [ PARAM ] array (
)
[ 2018-11-21T11:58:59+08:00 ][ info ] [ LANG ] /var/www/html/swoole-live/thinkphp/lang/zh-cn.php
[ info ] [ LOG ] INIT File
[ 2018-11-21T11:58:59+08:00 ][ info ] [ ROUTE ] array (
)
[ 2018-11-21T11:58:59+08:00 ][ info ] [ HEADER ] array (
)
[ 2018-11-21T11:58:59+08:00 ][ info ] [ PARAM ] array (
)
[ 2018-11-21T11:58:59+08:00 ][ info ] [ LANG ] /var/www/html/swoole-live/thinkphp/lang/zh-cn.php
[ info ] [ LOG ] INIT File
[ 2018-11-21T11:58:59+08:00 ][ info ] [ ROUTE ] array (
)
[ 2018-11-21T11:58:59+08:00 ][ info ] [ HEADER ] array (
)
[ 2018-11-21T11:58:59+08:00 ][ info ] [ PARAM ] array (
)
[ 2018-11-21T11:58:59+08:00 ][ info ] [ LANG ] /var/www/html/swoole-live/thinkphp/lang/zh-cn.php
[ info ] [ LOG ] INIT File
[ 2018-11-21T11:58:59+08:00 ][ info ] [ ROUTE ] array (
)
[ 2018-11-21T11:58:59+08:00 ][ info ] [ HEADER ] array (
)
[ 2018-11-21T11:58:59+08:00 ][ info ] [ PARAM ] array (
)
[ 2018-11-21T11:58:59+08:00 ][ info ] [ ROUTE ] array (
)
[ 2018-11-21T11:58:59+08:00 ][ info ] [ HEADER ] array (
)
[ 2018-11-21T11:58:59+08:00 ][ info ] [ PARAM ] array (
)
[ 2018-11-21T11:59:49+08:00 ][ info ] [ LANG ] /var/www/html/swoole-live/thinkphp/lang/zh-cn.php
[ 2018-11-21T11:59:49+08:00 ][ info ] [ ROUTE ] array (
)
[ 2018-11-21T11:59:49+08:00 ][ info ] [ HEADER ] array (
)
[ 2018-11-21T11:59:49+08:00 ][ info ] [ PARAM ] array (
)
[ 2018-11-21T12:00:31+08:00 ][ info ] [ LANG ] /var/www/html/swoole-live/thinkphp/lang/zh-cn.php
[ info ] [ LOG ] INIT File
[ 2018-11-21T12:00:31+08:00 ][ info ] [ LANG ] /var/www/html/swoole-live/thinkphp/lang/zh-cn.php
[ info ] [ LOG ] INIT File
[ 2018-11-21T12:00:31+08:00 ][ info ] [ LANG ] /var/www/html/swoole-live/thinkphp/lang/zh-cn.php
[ info ] [ LOG ] INIT File
[ 2018-11-21T12:00:31+08:00 ][ info ] [ ROUTE ] array (
)
[ 2018-11-21T12:00:31+08:00 ][ info ] [ LANG ] /var/www/html/swoole-live/thinkphp/lang/zh-cn.php
[ info ] [ LOG ] INIT File
[ 2018-11-21T12:00:31+08:00 ][ info ] [ ROUTE ] array (
)
[ 2018-11-21T12:00:31+08:00 ][ info ] [ HEADER ] array (
)
[ 2018-11-21T12:00:31+08:00 ][ info ] [ PARAM ] array (
)
[ 2018-11-21T12:00:31+08:00 ][ info ] [ LANG ] /var/www/html/swoole-live/thinkphp/lang/zh-cn.php
[ info ] [ LOG ] INIT File
[ 2018-11-21T12:00:31+08:00 ][ info ] [ LANG ] /var/www/html/swoole-live/thinkphp/lang/zh-cn.php
[ info ] [ LOG ] INIT File
[ 2018-11-21T12:00:31+08:00 ][ info ] [ ROUTE ] array (
)
[ 2018-11-21T12:00:31+08:00 ][ info ] [ HEADER ] array (
)
[ 2018-11-21T12:00:31+08:00 ][ info ] [ PARAM ] array (
)
[ 2018-11-21T12:00:31+08:00 ][ info ] [ ROUTE ] array (
)
[ 2018-11-21T12:00:31+08:00 ][ info ] [ HEADER ] array (
)
[ 2018-11-21T12:00:31+08:00 ][ info ] [ PARAM ] array (
)
[ 2018-11-21T12:00:31+08:00 ][ info ] [ LANG ] /var/www/html/swoole-live/thinkphp/lang/zh-cn.php
[ info ] [ LOG ] INIT File
[ 2018-11-21T12:00:31+08:00 ][ info ] [ ROUTE ] array (
)
[ 2018-11-21T12:00:31+08:00 ][ info ] [ HEADER ] array (
)
[ 2018-11-21T12:00:31+08:00 ][ info ] [ PARAM ] array (
)
[ 2018-11-21T12:00:31+08:00 ][ info ] [ LANG ] /var/www/html/swoole-live/thinkphp/lang/zh-cn.php
[ info ] [ LOG ] INIT File
[ 2018-11-21T12:00:31+08:00 ][ info ] [ ROUTE ] array (
)
[ 2018-11-21T12:00:31+08:00 ][ info ] [ HEADER ] array (
)
[ 2018-11-21T12:00:31+08:00 ][ info ] [ PARAM ] array (
)
[ 2018-11-21T12:00:31+08:00 ][ info ] [ ROUTE ] array (
)
[ 2018-11-21T12:00:31+08:00 ][ info ] [ HEADER ] array (
)
[ 2018-11-21T12:00:31+08:00 ][ info ] [ PARAM ] array (
)
[ 2018-11-21T12:00:31+08:00 ][ info ] [ ROUTE ] array (
)
[ 2018-11-21T12:00:31+08:00 ][ info ] [ HEADER ] array (
)
[ 2018-11-21T12:00:31+08:00 ][ info ] [ PARAM ] array (
)
[ 2018-11-21T12:00:31+08:00 ][ info ] [ HEADER ] array (
)
[ 2018-11-21T12:00:31+08:00 ][ info ] [ PARAM ] array (
)
[ 2018-11-21T12:00:34+08:00 ][ info ] [ LANG ] /var/www/html/swoole-live/thinkphp/lang/zh-cn.php
[ 2018-11-21T12:00:34+08:00 ][ info ] [ ROUTE ] array (
)
[ 2018-11-21T12:00:34+08:00 ][ info ] [ HEADER ] array (
)
[ 2018-11-21T12:00:34+08:00 ][ info ] [ PARAM ] array (
)
[ 2018-11-21T12:00:43+08:00 ][ info ] [ LANG ] /var/www/html/swoole-live/thinkphp/lang/zh-cn.php
[ 2018-11-21T12:00:43+08:00 ][ info ] [ ROUTE ] array (
)
[ 2018-11-21T12:00:43+08:00 ][ info ] [ HEADER ] array (
)
[ 2018-11-21T12:00:43+08:00 ][ info ] [ PARAM ] array (
  'type' => '1',
  'team_id' => '1',
  'content' => '2',
)
[ 2018-11-21T12:04:57+08:00 ][ info ] [ LANG ] /var/www/html/swoole-live/thinkphp/lang/zh-cn.php
[ info ] [ LOG ] INIT File
[ 2018-11-21T12:04:57+08:00 ][ info ] [ LANG ] /var/www/html/swoole-live/thinkphp/lang/zh-cn.php
[ info ] [ LOG ] INIT File
[ 2018-11-21T12:04:57+08:00 ][ info ] [ LANG ] /var/www/html/swoole-live/thinkphp/lang/zh-cn.php
[ info ] [ LOG ] INIT File
[ 2018-11-21T12:04:57+08:00 ][ info ] [ LANG ] /var/www/html/swoole-live/thinkphp/lang/zh-cn.php
[ info ] [ LOG ] INIT File
[ 2018-11-21T12:04:57+08:00 ][ info ] [ ROUTE ] array (
)
[ 2018-11-21T12:04:57+08:00 ][ info ] [ HEADER ] array (
)
[ 2018-11-21T12:04:57+08:00 ][ info ] [ PARAM ] array (
)
[ 2018-11-21T12:04:57+08:00 ][ info ] [ LANG ] /var/www/html/swoole-live/thinkphp/lang/zh-cn.php
[ info ] [ LOG ] INIT File
[ 2018-11-21T12:04:57+08:00 ][ info ] [ ROUTE ] array (
)
[ 2018-11-21T12:04:57+08:00 ][ info ] [ HEADER ] array (
)
[ 2018-11-21T12:04:57+08:00 ][ info ] [ PARAM ] array (
)
[ 2018-11-21T12:04:57+08:00 ][ info ] [ LANG ] /var/www/html/swoole-live/thinkphp/lang/zh-cn.php
[ info ] [ LOG ] INIT File
[ 2018-11-21T12:04:57+08:00 ][ info ] [ ROUTE ] array (
)
[ 2018-11-21T12:04:57+08:00 ][ info ] [ HEADER ] array (
)
[ 2018-11-21T12:04:57+08:00 ][ info ] [ PARAM ] array (
)
[ 2018-11-21T12:04:57+08:00 ][ info ] [ ROUTE ] array (
)
[ 2018-11-21T12:04:57+08:00 ][ info ] [ HEADER ] array (
)
[ 2018-11-21T12:04:57+08:00 ][ info ] [ PARAM ] array (
)
[ 2018-11-21T12:04:57+08:00 ][ info ] [ LANG ] /var/www/html/swoole-live/thinkphp/lang/zh-cn.php
[ info ] [ LOG ] INIT File
[ 2018-11-21T12:04:57+08:00 ][ info ] [ LANG ] /var/www/html/swoole-live/thinkphp/lang/zh-cn.php
[ info ] [ LOG ] INIT File
[ 2018-11-21T12:04:57+08:00 ][ info ] [ ROUTE ] array (
)
[ 2018-11-21T12:04:57+08:00 ][ info ] [ HEADER ] array (
)
[ 2018-11-21T12:04:57+08:00 ][ info ] [ PARAM ] array (
)
[ 2018-11-21T12:04:57+08:00 ][ info ] [ ROUTE ] array (
)
[ 2018-11-21T12:04:57+08:00 ][ info ] [ HEADER ] array (
)
[ 2018-11-21T12:04:57+08:00 ][ info ] [ PARAM ] array (
)
[ 2018-11-21T12:04:57+08:00 ][ info ] [ ROUTE ] array (
)
[ 2018-11-21T12:04:57+08:00 ][ info ] [ HEADER ] array (
)
[ 2018-11-21T12:04:57+08:00 ][ info ] [ PARAM ] array (
)
[ 2018-11-21T12:04:57+08:00 ][ info ] [ ROUTE ] array (
)
[ 2018-11-21T12:04:57+08:00 ][ info ] [ HEADER ] array (
)
[ 2018-11-21T12:04:57+08:00 ][ info ] [ PARAM ] array (
)
[ 2018-11-21T12:05:01+08:00 ][ info ] [ LANG ] /var/www/html/swoole-live/thinkphp/lang/zh-cn.php
[ 2018-11-21T12:05:01+08:00 ][ info ] [ ROUTE ] array (
)
[ 2018-11-21T12:05:01+08:00 ][ info ] [ HEADER ] array (
)
[ 2018-11-21T12:05:01+08:00 ][ info ] [ PARAM ] array (
)
[ 2018-11-21T12:05:04+08:00 ][ info ] [ LANG ] /var/www/html/swoole-live/thinkphp/lang/zh-cn.php
[ 2018-11-21T12:05:04+08:00 ][ info ] [ ROUTE ] array (
)
[ 2018-11-21T12:05:04+08:00 ][ info ] [ HEADER ] array (
)
[ 2018-11-21T12:05:04+08:00 ][ info ] [ PARAM ] array (
  'type' => '1',
  'team_id' => '0',
  'content' => '4214',
)
[ 2018-11-21T12:05:40+08:00 ][ info ] [ LANG ] /var/www/html/swoole-live/thinkphp/lang/zh-cn.php
[ 2018-11-21T12:05:40+08:00 ][ info ] [ ROUTE ] array (
)
[ 2018-11-21T12:05:40+08:00 ][ info ] [ HEADER ] array (
)
[ 2018-11-21T12:05:40+08:00 ][ info ] [ PARAM ] array (
  'type' => '1',
  'team_id' => '0',
  'content' => '4214',
)
[ 2018-11-21T12:06:29+08:00 ][ info ] [ LANG ] /var/www/html/swoole-live/thinkphp/lang/zh-cn.php
[ info ] [ LOG ] INIT File
[ 2018-11-21T12:06:29+08:00 ][ info ] [ LANG ] /var/www/html/swoole-live/thinkphp/lang/zh-cn.php
[ info ] [ LOG ] INIT File
[ 2018-11-21T12:06:29+08:00 ][ info ] [ LANG ] /var/www/html/swoole-live/thinkphp/lang/zh-cn.php
[ info ] [ LOG ] INIT File
[ 2018-11-21T12:06:29+08:00 ][ info ] [ ROUTE ] array (
)
[ 2018-11-21T12:06:29+08:00 ][ info ] [ HEADER ] array (
)
[ 2018-11-21T12:06:29+08:00 ][ info ] [ PARAM ] array (
)
[ 2018-11-21T12:06:29+08:00 ][ info ] [ LANG ] /var/www/html/swoole-live/thinkphp/lang/zh-cn.php
[ info ] [ LOG ] INIT File
[ 2018-11-21T12:06:29+08:00 ][ info ] [ ROUTE ] array (
)
[ 2018-11-21T12:06:29+08:00 ][ info ] [ HEADER ] array (
)
[ 2018-11-21T12:06:29+08:00 ][ info ] [ PARAM ] array (
)
[ 2018-11-21T12:06:29+08:00 ][ info ] [ LANG ] /var/www/html/swoole-live/thinkphp/lang/zh-cn.php
[ info ] [ LOG ] INIT File
[ 2018-11-21T12:06:29+08:00 ][ info ] [ LANG ] /var/www/html/swoole-live/thinkphp/lang/zh-cn.php
[ info ] [ LOG ] INIT File
[ 2018-11-21T12:06:29+08:00 ][ info ] [ ROUTE ] array (
)
[ 2018-11-21T12:06:29+08:00 ][ info ] [ HEADER ] array (
)
[ 2018-11-21T12:06:29+08:00 ][ info ] [ PARAM ] array (
)
[ 2018-11-21T12:06:29+08:00 ][ info ] [ LANG ] /var/www/html/swoole-live/thinkphp/lang/zh-cn.php
[ info ] [ LOG ] INIT File
[ 2018-11-21T12:06:29+08:00 ][ info ] [ ROUTE ] array (
)
[ 2018-11-21T12:06:29+08:00 ][ info ] [ HEADER ] array (
)
[ 2018-11-21T12:06:29+08:00 ][ info ] [ PARAM ] array (
)
[ 2018-11-21T12:06:29+08:00 ][ info ] [ ROUTE ] array (
)
[ 2018-11-21T12:06:29+08:00 ][ info ] [ HEADER ] array (
)
[ 2018-11-21T12:06:29+08:00 ][ info ] [ PARAM ] array (
)
[ 2018-11-21T12:06:29+08:00 ][ info ] [ LANG ] /var/www/html/swoole-live/thinkphp/lang/zh-cn.php
[ info ] [ LOG ] INIT File
[ 2018-11-21T12:06:29+08:00 ][ info ] [ ROUTE ] array (
)
[ 2018-11-21T12:06:29+08:00 ][ info ] [ HEADER ] array (
)
[ 2018-11-21T12:06:29+08:00 ][ info ] [ PARAM ] array (
)
[ 2018-11-21T12:06:29+08:00 ][ info ] [ ROUTE ] array (
)
[ 2018-11-21T12:06:29+08:00 ][ info ] [ HEADER ] array (
)
[ 2018-11-21T12:06:29+08:00 ][ info ] [ PARAM ] array (
)
[ 2018-11-21T12:06:29+08:00 ][ info ] [ ROUTE ] array (
)
[ 2018-11-21T12:06:29+08:00 ][ info ] [ HEADER ] array (
)
[ 2018-11-21T12:06:29+08:00 ][ info ] [ PARAM ] array (
)
[ 2018-11-21T12:06:35+08:00 ][ info ] [ LANG ] /var/www/html/swoole-live/thinkphp/lang/zh-cn.php
[ 2018-11-21T12:06:35+08:00 ][ info ] [ ROUTE ] array (
)
[ 2018-11-21T12:06:35+08:00 ][ info ] [ HEADER ] array (
)
[ 2018-11-21T12:06:35+08:00 ][ info ] [ PARAM ] array (
)
[ 2018-11-21T12:06:48+08:00 ][ info ] [ LANG ] /var/www/html/swoole-live/thinkphp/lang/zh-cn.php
[ info ] [ LOG ] INIT File
[ 2018-11-21T12:06:48+08:00 ][ info ] [ LANG ] /var/www/html/swoole-live/thinkphp/lang/zh-cn.php
[ info ] [ LOG ] INIT File
[ 2018-11-21T12:06:48+08:00 ][ info ] [ ROUTE ] array (
)
[ 2018-11-21T12:06:48+08:00 ][ info ] [ HEADER ] array (
)
[ 2018-11-21T12:06:48+08:00 ][ info ] [ PARAM ] array (
)
[ 2018-11-21T12:06:48+08:00 ][ info ] [ LANG ] /var/www/html/swoole-live/thinkphp/lang/zh-cn.php
[ info ] [ LOG ] INIT File
[ 2018-11-21T12:06:48+08:00 ][ info ] [ ROUTE ] array (
)
[ 2018-11-21T12:06:48+08:00 ][ info ] [ HEADER ] array (
)
[ 2018-11-21T12:06:48+08:00 ][ info ] [ PARAM ] array (
)
[ 2018-11-21T12:06:48+08:00 ][ info ] [ LANG ] /var/www/html/swoole-live/thinkphp/lang/zh-cn.php
[ info ] [ LOG ] INIT File
[ 2018-11-21T12:06:48+08:00 ][ info ] [ ROUTE ] array (
)
[ 2018-11-21T12:06:48+08:00 ][ info ] [ HEADER ] array (
)
[ 2018-11-21T12:06:48+08:00 ][ info ] [ PARAM ] array (
)
[ 2018-11-21T12:06:48+08:00 ][ info ] [ LANG ] /var/www/html/swoole-live/thinkphp/lang/zh-cn.php
[ info ] [ LOG ] INIT File
[ 2018-11-21T12:06:48+08:00 ][ info ] [ ROUTE ] array (
)
[ 2018-11-21T12:06:48+08:00 ][ info ] [ HEADER ] array (
)
[ 2018-11-21T12:06:48+08:00 ][ info ] [ PARAM ] array (
)
[ 2018-11-21T12:06:48+08:00 ][ info ] [ LANG ] /var/www/html/swoole-live/thinkphp/lang/zh-cn.php
[ info ] [ LOG ] INIT File
[ 2018-11-21T12:06:48+08:00 ][ info ] [ ROUTE ] array (
)
[ 2018-11-21T12:06:48+08:00 ][ info ] [ HEADER ] array (
)
[ 2018-11-21T12:06:48+08:00 ][ info ] [ PARAM ] array (
)
[ 2018-11-21T12:06:48+08:00 ][ info ] [ LANG ] /var/www/html/swoole-live/thinkphp/lang/zh-cn.php
[ info ] [ LOG ] INIT File
[ 2018-11-21T12:06:48+08:00 ][ info ] [ ROUTE ] array (
)
[ 2018-11-21T12:06:48+08:00 ][ info ] [ HEADER ] array (
)
[ 2018-11-21T12:06:48+08:00 ][ info ] [ PARAM ] array (
)
[ 2018-11-21T12:06:48+08:00 ][ info ] [ LANG ] /var/www/html/swoole-live/thinkphp/lang/zh-cn.php
[ info ] [ LOG ] INIT File
[ 2018-11-21T12:06:48+08:00 ][ info ] [ ROUTE ] array (
)
[ 2018-11-21T12:06:48+08:00 ][ info ] [ HEADER ] array (
)
[ 2018-11-21T12:06:48+08:00 ][ info ] [ PARAM ] array (
)
[ 2018-11-21T12:06:48+08:00 ][ info ] [ ROUTE ] array (
)
[ 2018-11-21T12:06:48+08:00 ][ info ] [ HEADER ] array (
)
[ 2018-11-21T12:06:48+08:00 ][ info ] [ PARAM ] array (
)
[ 2018-11-21T12:07:31+08:00 ][ info ] [ LANG ] /var/www/html/swoole-live/thinkphp/lang/zh-cn.php
[ info ] [ LOG ] INIT File
[ 2018-11-21T12:07:31+08:00 ][ info ] [ LANG ] /var/www/html/swoole-live/thinkphp/lang/zh-cn.php
[ info ] [ LOG ] INIT File
[ 2018-11-21T12:07:31+08:00 ][ info ] [ LANG ] /var/www/html/swoole-live/thinkphp/lang/zh-cn.php
[ info ] [ LOG ] INIT File
[ 2018-11-21T12:07:31+08:00 ][ info ] [ ROUTE ] array (
)
[ 2018-11-21T12:07:31+08:00 ][ info ] [ HEADER ] array (
)
[ 2018-11-21T12:07:31+08:00 ][ info ] [ PARAM ] array (
)
[ 2018-11-21T12:07:31+08:00 ][ info ] [ LANG ] /var/www/html/swoole-live/thinkphp/lang/zh-cn.php
[ info ] [ LOG ] INIT File
[ 2018-11-21T12:07:31+08:00 ][ info ] [ ROUTE ] array (
)
[ 2018-11-21T12:07:31+08:00 ][ info ] [ HEADER ] array (
)
[ 2018-11-21T12:07:31+08:00 ][ info ] [ PARAM ] array (
)
[ 2018-11-21T12:07:31+08:00 ][ info ] [ LANG ] /var/www/html/swoole-live/thinkphp/lang/zh-cn.php
[ info ] [ LOG ] INIT File
[ 2018-11-21T12:07:31+08:00 ][ info ] [ ROUTE ] array (
)
[ 2018-11-21T12:07:31+08:00 ][ info ] [ HEADER ] array (
)
[ 2018-11-21T12:07:31+08:00 ][ info ] [ PARAM ] array (
)
[ 2018-11-21T12:07:31+08:00 ][ info ] [ LANG ] /var/www/html/swoole-live/thinkphp/lang/zh-cn.php
[ info ] [ LOG ] INIT File
[ 2018-11-21T12:07:31+08:00 ][ info ] [ ROUTE ] array (
)
[ 2018-11-21T12:07:31+08:00 ][ info ] [ HEADER ] array (
)
[ 2018-11-21T12:07:31+08:00 ][ info ] [ PARAM ] array (
)
[ 2018-11-21T12:07:31+08:00 ][ info ] [ LANG ] /var/www/html/swoole-live/thinkphp/lang/zh-cn.php
[ info ] [ LOG ] INIT File
[ 2018-11-21T12:07:31+08:00 ][ info ] [ ROUTE ] array (
)
[ 2018-11-21T12:07:31+08:00 ][ info ] [ HEADER ] array (
)
[ 2018-11-21T12:07:31+08:00 ][ info ] [ PARAM ] array (
)
[ 2018-11-21T12:07:31+08:00 ][ info ] [ LANG ] /var/www/html/swoole-live/thinkphp/lang/zh-cn.php
[ info ] [ LOG ] INIT File
[ 2018-11-21T12:07:31+08:00 ][ info ] [ ROUTE ] array (
)
[ 2018-11-21T12:07:31+08:00 ][ info ] [ HEADER ] array (
)
[ 2018-11-21T12:07:31+08:00 ][ info ] [ PARAM ] array (
)
[ 2018-11-21T12:07:31+08:00 ][ info ] [ ROUTE ] array (
)
[ 2018-11-21T12:07:31+08:00 ][ info ] [ HEADER ] array (
)
[ 2018-11-21T12:07:31+08:00 ][ info ] [ PARAM ] array (
)
[ 2018-11-21T12:07:31+08:00 ][ info ] [ ROUTE ] array (
)
[ 2018-11-21T12:07:31+08:00 ][ info ] [ HEADER ] array (
)
[ 2018-11-21T12:07:31+08:00 ][ info ] [ PARAM ] array (
)
[ 2018-11-21T12:07:46+08:00 ][ info ] [ LANG ] /var/www/html/swoole-live/thinkphp/lang/zh-cn.php
[ info ] [ LOG ] INIT File
[ 2018-11-21T12:07:46+08:00 ][ info ] [ LANG ] /var/www/html/swoole-live/thinkphp/lang/zh-cn.php
[ info ] [ LOG ] INIT File
[ 2018-11-21T12:07:46+08:00 ][ info ] [ LANG ] /var/www/html/swoole-live/thinkphp/lang/zh-cn.php
[ info ] [ LOG ] INIT File
[ 2018-11-21T12:07:46+08:00 ][ info ] [ LANG ] /var/www/html/swoole-live/thinkphp/lang/zh-cn.php
[ info ] [ LOG ] INIT File
[ 2018-11-21T12:07:46+08:00 ][ info ] [ LANG ] /var/www/html/swoole-live/thinkphp/lang/zh-cn.php
[ info ] [ LOG ] INIT File
[ 2018-11-21T12:07:46+08:00 ][ info ] [ ROUTE ] array (
)
[ 2018-11-21T12:07:46+08:00 ][ info ] [ HEADER ] array (
)
[ 2018-11-21T12:07:46+08:00 ][ info ] [ PARAM ] array (
)
[ 2018-11-21T12:07:46+08:00 ][ info ] [ LANG ] /var/www/html/swoole-live/thinkphp/lang/zh-cn.php
[ info ] [ LOG ] INIT File
[ 2018-11-21T12:07:46+08:00 ][ info ] [ ROUTE ] array (
)
[ 2018-11-21T12:07:46+08:00 ][ info ] [ HEADER ] array (
)
[ 2018-11-21T12:07:46+08:00 ][ info ] [ PARAM ] array (
)
[ 2018-11-21T12:07:46+08:00 ][ info ] [ LANG ] /var/www/html/swoole-live/thinkphp/lang/zh-cn.php
[ info ] [ LOG ] INIT File
[ 2018-11-21T12:07:46+08:00 ][ info ] [ ROUTE ] array (
)
[ 2018-11-21T12:07:46+08:00 ][ info ] [ HEADER ] array (
)
[ 2018-11-21T12:07:46+08:00 ][ info ] [ PARAM ] array (
)
[ 2018-11-21T12:07:46+08:00 ][ info ] [ LANG ] /var/www/html/swoole-live/thinkphp/lang/zh-cn.php
[ info ] [ LOG ] INIT File
[ 2018-11-21T12:07:46+08:00 ][ info ] [ ROUTE ] array (
)
[ 2018-11-21T12:07:46+08:00 ][ info ] [ HEADER ] array (
)
[ 2018-11-21T12:07:46+08:00 ][ info ] [ PARAM ] array (
)
[ 2018-11-21T12:07:46+08:00 ][ info ] [ ROUTE ] array (
)
[ 2018-11-21T12:07:46+08:00 ][ info ] [ HEADER ] array (
)
[ 2018-11-21T12:07:46+08:00 ][ info ] [ PARAM ] array (
)
[ 2018-11-21T12:07:46+08:00 ][ info ] [ ROUTE ] array (
)
[ 2018-11-21T12:07:46+08:00 ][ info ] [ HEADER ] array (
)
[ 2018-11-21T12:07:46+08:00 ][ info ] [ PARAM ] array (
)
[ 2018-11-21T12:07:46+08:00 ][ info ] [ ROUTE ] array (
)
[ 2018-11-21T12:07:46+08:00 ][ info ] [ HEADER ] array (
)
[ 2018-11-21T12:07:46+08:00 ][ info ] [ PARAM ] array (
)
[ 2018-11-21T12:07:46+08:00 ][ info ] [ ROUTE ] array (
)
[ 2018-11-21T12:07:46+08:00 ][ info ] [ HEADER ] array (
)
[ 2018-11-21T12:07:46+08:00 ][ info ] [ PARAM ] array (
)
[ 2018-11-21T12:07:53+08:00 ][ info ] [ LANG ] /var/www/html/swoole-live/thinkphp/lang/zh-cn.php
[ 2018-11-21T12:07:53+08:00 ][ info ] [ ROUTE ] array (
)
[ 2018-11-21T12:07:53+08:00 ][ info ] [ HEADER ] array (
)
[ 2018-11-21T12:07:53+08:00 ][ info ] [ PARAM ] array (
  'type' => '1',
  'team_id' => '0',
  'content' => '3',
)
[ 2018-11-21T12:19:51+08:00 ][ info ] [ LANG ] /var/www/html/swoole-live/thinkphp/lang/zh-cn.php
[ info ] [ LOG ] INIT File
[ 2018-11-21T12:19:51+08:00 ][ info ] [ LANG ] /var/www/html/swoole-live/thinkphp/lang/zh-cn.php
[ info ] [ LOG ] INIT File
[ 2018-11-21T12:19:51+08:00 ][ info ] [ LANG ] /var/www/html/swoole-live/thinkphp/lang/zh-cn.php
[ info ] [ LOG ] INIT File
[ 2018-11-21T12:19:51+08:00 ][ info ] [ LANG ] /var/www/html/swoole-live/thinkphp/lang/zh-cn.php
[ info ] [ LOG ] INIT File
[ 2018-11-21T12:19:51+08:00 ][ info ] [ LANG ] /var/www/html/swoole-live/thinkphp/lang/zh-cn.php
[ info ] [ LOG ] INIT File
[ 2018-11-21T12:19:51+08:00 ][ info ] [ LANG ] /var/www/html/swoole-live/thinkphp/lang/zh-cn.php
[ info ] [ LOG ] INIT File
[ 2018-11-21T12:19:51+08:00 ][ info ] [ LANG ] /var/www/html/swoole-live/thinkphp/lang/zh-cn.php
[ info ] [ LOG ] INIT File
[ 2018-11-21T12:19:51+08:00 ][ info ] [ LANG ] /var/www/html/swoole-live/thinkphp/lang/zh-cn.php
[ info ] [ LOG ] INIT File
[ 2018-11-21T12:19:51+08:00 ][ info ] [ ROUTE ] array (
)
[ 2018-11-21T12:19:51+08:00 ][ info ] [ HEADER ] array (
)
[ 2018-11-21T12:19:51+08:00 ][ info ] [ PARAM ] array (
)
[ 2018-11-21T12:19:51+08:00 ][ info ] [ ROUTE ] array (
)
[ 2018-11-21T12:19:51+08:00 ][ info ] [ HEADER ] array (
)
[ 2018-11-21T12:19:51+08:00 ][ info ] [ PARAM ] array (
)
[ 2018-11-21T12:19:51+08:00 ][ info ] [ ROUTE ] array (
)
[ 2018-11-21T12:19:51+08:00 ][ info ] [ HEADER ] array (
)
[ 2018-11-21T12:19:51+08:00 ][ info ] [ PARAM ] array (
)
[ 2018-11-21T12:19:51+08:00 ][ info ] [ ROUTE ] array (
)
[ 2018-11-21T12:19:51+08:00 ][ info ] [ HEADER ] array (
)
[ 2018-11-21T12:19:51+08:00 ][ info ] [ PARAM ] array (
)
[ 2018-11-21T12:19:51+08:00 ][ info ] [ ROUTE ] array (
)
[ 2018-11-21T12:19:51+08:00 ][ info ] [ ROUTE ] array (
)
[ 2018-11-21T12:19:51+08:00 ][ info ] [ HEADER ] array (
)
[ 2018-11-21T12:19:51+08:00 ][ info ] [ PARAM ] array (
)
[ 2018-11-21T12:19:51+08:00 ][ info ] [ HEADER ] array (
)
[ 2018-11-21T12:19:51+08:00 ][ info ] [ PARAM ] array (
)
[ 2018-11-21T12:19:51+08:00 ][ info ] [ ROUTE ] array (
)
[ 2018-11-21T12:19:51+08:00 ][ info ] [ HEADER ] array (
)
[ 2018-11-21T12:19:51+08:00 ][ info ] [ PARAM ] array (
)
[ 2018-11-21T12:19:51+08:00 ][ info ] [ ROUTE ] array (
)
[ 2018-11-21T12:19:51+08:00 ][ info ] [ HEADER ] array (
)
[ 2018-11-21T12:19:51+08:00 ][ info ] [ PARAM ] array (
)
[ 2018-11-21T12:19:55+08:00 ][ error ] [1]Uncaught Error: Call to undefined method app\common\lib\redis\Predis::redis() in /var/www/html/swoole-live/application/common/lib/redis/Predis.php:63
Stack trace:
#0 /var/www/html/swoole-live/server/ws.php(42): app\common\lib\redis\Predis->sadd('live_game_key', 3)
#1 {main}
  thrown[/var/www/html/swoole-live/application/common/lib/redis/Predis.php:63]
[ 2018-11-21T12:19:55+08:00 ][ info ] [ LANG ] /var/www/html/swoole-live/thinkphp/lang/zh-cn.php
[ info ] [ LOG ] INIT File
[ 2018-11-21T12:19:55+08:00 ][ info ] [ ROUTE ] array (
)
[ 2018-11-21T12:19:55+08:00 ][ info ] [ HEADER ] array (
)
[ 2018-11-21T12:19:55+08:00 ][ info ] [ PARAM ] array (
)
[ 2018-11-21T12:19:56+08:00 ][ info ] [ LANG ] /var/www/html/swoole-live/thinkphp/lang/zh-cn.php
[ 2018-11-21T12:19:56+08:00 ][ info ] [ ROUTE ] array (
)
[ 2018-11-21T12:19:56+08:00 ][ info ] [ HEADER ] array (
)
[ 2018-11-21T12:19:56+08:00 ][ info ] [ PARAM ] array (
)
[ 2018-11-21T12:21:02+08:00 ][ info ] [ LANG ] /var/www/html/swoole-live/thinkphp/lang/zh-cn.php
[ info ] [ LOG ] INIT File
[ 2018-11-21T12:21:02+08:00 ][ info ] [ LANG ] /var/www/html/swoole-live/thinkphp/lang/zh-cn.php
[ info ] [ LOG ] INIT File
[ 2018-11-21T12:21:02+08:00 ][ info ] [ LANG ] /var/www/html/swoole-live/thinkphp/lang/zh-cn.php
[ info ] [ LOG ] INIT File
[ 2018-11-21T12:21:02+08:00 ][ info ] [ LANG ] /var/www/html/swoole-live/thinkphp/lang/zh-cn.php
[ info ] [ LOG ] INIT File
[ 2018-11-21T12:21:02+08:00 ][ info ] [ LANG ] /var/www/html/swoole-live/thinkphp/lang/zh-cn.php
[ info ] [ LOG ] INIT File
[ 2018-11-21T12:21:02+08:00 ][ info ] [ ROUTE ] array (
)
[ 2018-11-21T12:21:02+08:00 ][ info ] [ HEADER ] array (
)
[ 2018-11-21T12:21:02+08:00 ][ info ] [ PARAM ] array (
)
[ 2018-11-21T12:21:02+08:00 ][ info ] [ LANG ] /var/www/html/swoole-live/thinkphp/lang/zh-cn.php
[ info ] [ LOG ] INIT File
[ 2018-11-21T12:21:02+08:00 ][ info ] [ ROUTE ] array (
)
[ 2018-11-21T12:21:02+08:00 ][ info ] [ HEADER ] array (
)
[ 2018-11-21T12:21:02+08:00 ][ info ] [ PARAM ] array (
)
[ 2018-11-21T12:21:02+08:00 ][ info ] [ LANG ] /var/www/html/swoole-live/thinkphp/lang/zh-cn.php
[ info ] [ LOG ] INIT File
[ 2018-11-21T12:21:02+08:00 ][ info ] [ ROUTE ] array (
)
[ 2018-11-21T12:21:02+08:00 ][ info ] [ HEADER ] array (
)
[ 2018-11-21T12:21:02+08:00 ][ info ] [ PARAM ] array (
)
[ 2018-11-21T12:21:02+08:00 ][ info ] [ LANG ] /var/www/html/swoole-live/thinkphp/lang/zh-cn.php
[ info ] [ LOG ] INIT File
[ 2018-11-21T12:21:02+08:00 ][ info ] [ ROUTE ] array (
)
[ 2018-11-21T12:21:02+08:00 ][ info ] [ HEADER ] array (
)
[ 2018-11-21T12:21:02+08:00 ][ info ] [ PARAM ] array (
)
[ 2018-11-21T12:21:02+08:00 ][ info ] [ ROUTE ] array (
)
[ 2018-11-21T12:21:02+08:00 ][ info ] [ HEADER ] array (
)
[ 2018-11-21T12:21:02+08:00 ][ info ] [ PARAM ] array (
)
[ 2018-11-21T12:21:02+08:00 ][ info ] [ ROUTE ] array (
)
[ 2018-11-21T12:21:02+08:00 ][ info ] [ HEADER ] array (
)
[ 2018-11-21T12:21:02+08:00 ][ info ] [ PARAM ] array (
)
[ 2018-11-21T12:21:02+08:00 ][ info ] [ ROUTE ] array (
)
[ 2018-11-21T12:21:02+08:00 ][ info ] [ HEADER ] array (
)
[ 2018-11-21T12:21:02+08:00 ][ info ] [ PARAM ] array (
)
[ 2018-11-21T12:21:02+08:00 ][ info ] [ ROUTE ] array (
)
[ 2018-11-21T12:21:02+08:00 ][ info ] [ HEADER ] array (
)
[ 2018-11-21T12:21:02+08:00 ][ info ] [ PARAM ] array (
)
[ 2018-11-21T12:21:06+08:00 ][ info ] [ LANG ] /var/www/html/swoole-live/thinkphp/lang/zh-cn.php
[ 2018-11-21T12:21:06+08:00 ][ info ] [ ROUTE ] array (
)
[ 2018-11-21T12:21:06+08:00 ][ info ] [ HEADER ] array (
)
[ 2018-11-21T12:21:06+08:00 ][ info ] [ PARAM ] array (
)
[ 2018-11-21T12:26:14+08:00 ][ info ] [ LANG ] /var/www/html/swoole-live/thinkphp/lang/zh-cn.php
[ info ] [ LOG ] INIT File
[ 2018-11-21T12:26:14+08:00 ][ info ] [ LANG ] /var/www/html/swoole-live/thinkphp/lang/zh-cn.php
[ info ] [ LOG ] INIT File
[ 2018-11-21T12:26:14+08:00 ][ info ] [ LANG ] /var/www/html/swoole-live/thinkphp/lang/zh-cn.php
[ info ] [ LOG ] INIT File
[ 2018-11-21T12:26:14+08:00 ][ info ] [ LANG ] /var/www/html/swoole-live/thinkphp/lang/zh-cn.php
[ info ] [ LOG ] INIT File
[ 2018-11-21T12:26:14+08:00 ][ info ] [ LANG ] /var/www/html/swoole-live/thinkphp/lang/zh-cn.php
[ info ] [ LOG ] INIT File
[ 2018-11-21T12:26:14+08:00 ][ info ] [ LANG ] /var/www/html/swoole-live/thinkphp/lang/zh-cn.php
[ info ] [ LOG ] INIT File
[ 2018-11-21T12:26:14+08:00 ][ info ] [ ROUTE ] array (
)
[ 2018-11-21T12:26:14+08:00 ][ info ] [ HEADER ] array (
)
[ 2018-11-21T12:26:14+08:00 ][ info ] [ PARAM ] array (
)
[ 2018-11-21T12:26:14+08:00 ][ info ] [ LANG ] /var/www/html/swoole-live/thinkphp/lang/zh-cn.php
[ info ] [ LOG ] INIT File
[ 2018-11-21T12:26:14+08:00 ][ info ] [ ROUTE ] array (
)
[ 2018-11-21T12:26:14+08:00 ][ info ] [ HEADER ] array (
)
[ 2018-11-21T12:26:14+08:00 ][ info ] [ PARAM ] array (
)
[ 2018-11-21T12:26:14+08:00 ][ info ] [ ROUTE ] array (
)
[ 2018-11-21T12:26:14+08:00 ][ info ] [ HEADER ] array (
)
[ 2018-11-21T12:26:14+08:00 ][ info ] [ PARAM ] array (
)
[ 2018-11-21T12:26:14+08:00 ][ info ] [ LANG ] /var/www/html/swoole-live/thinkphp/lang/zh-cn.php
[ info ] [ LOG ] INIT File
[ 2018-11-21T12:26:14+08:00 ][ info ] [ ROUTE ] array (
)
[ 2018-11-21T12:26:14+08:00 ][ info ] [ HEADER ] array (
)
[ 2018-11-21T12:26:14+08:00 ][ info ] [ PARAM ] array (
)
[ 2018-11-21T12:26:14+08:00 ][ info ] [ ROUTE ] array (
)
[ 2018-11-21T12:26:14+08:00 ][ info ] [ HEADER ] array (
)
[ 2018-11-21T12:26:14+08:00 ][ info ] [ PARAM ] array (
)
[ 2018-11-21T12:26:14+08:00 ][ info ] [ ROUTE ] array (
)
[ 2018-11-21T12:26:14+08:00 ][ info ] [ HEADER ] array (
)
[ 2018-11-21T12:26:14+08:00 ][ info ] [ PARAM ] array (
)
[ 2018-11-21T12:26:14+08:00 ][ info ] [ ROUTE ] array (
)
[ 2018-11-21T12:26:14+08:00 ][ info ] [ HEADER ] array (
)
[ 2018-11-21T12:26:14+08:00 ][ info ] [ PARAM ] array (
)
[ 2018-11-21T12:26:14+08:00 ][ info ] [ ROUTE ] array (
)
[ 2018-11-21T12:26:14+08:00 ][ info ] [ HEADER ] array (
)
[ 2018-11-21T12:26:14+08:00 ][ info ] [ PARAM ] array (
)
[ 2018-11-21T12:26:41+08:00 ][ info ] [ LANG ] /var/www/html/swoole-live/thinkphp/lang/zh-cn.php
[ info ] [ LOG ] INIT File
[ 2018-11-21T12:26:41+08:00 ][ info ] [ LANG ] /var/www/html/swoole-live/thinkphp/lang/zh-cn.php
[ info ] [ LOG ] INIT File
[ 2018-11-21T12:26:41+08:00 ][ info ] [ LANG ] /var/www/html/swoole-live/thinkphp/lang/zh-cn.php
[ info ] [ LOG ] INIT File
[ 2018-11-21T12:26:41+08:00 ][ info ] [ LANG ] /var/www/html/swoole-live/thinkphp/lang/zh-cn.php
[ info ] [ LOG ] INIT File
[ 2018-11-21T12:26:41+08:00 ][ info ] [ ROUTE ] array (
)
[ 2018-11-21T12:26:41+08:00 ][ info ] [ HEADER ] array (
)
[ 2018-11-21T12:26:41+08:00 ][ info ] [ PARAM ] array (
)
[ 2018-11-21T12:26:41+08:00 ][ info ] [ LANG ] /var/www/html/swoole-live/thinkphp/lang/zh-cn.php
[ info ] [ LOG ] INIT File
[ 2018-11-21T12:26:41+08:00 ][ info ] [ ROUTE ] array (
)
[ 2018-11-21T12:26:41+08:00 ][ info ] [ HEADER ] array (
)
[ 2018-11-21T12:26:41+08:00 ][ info ] [ PARAM ] array (
)
[ 2018-11-21T12:26:41+08:00 ][ info ] [ LANG ] /var/www/html/swoole-live/thinkphp/lang/zh-cn.php
[ info ] [ LOG ] INIT File
[ 2018-11-21T12:26:41+08:00 ][ info ] [ ROUTE ] array (
)
[ 2018-11-21T12:26:41+08:00 ][ info ] [ HEADER ] array (
)
[ 2018-11-21T12:26:41+08:00 ][ info ] [ PARAM ] array (
)
[ 2018-11-21T12:26:41+08:00 ][ info ] [ ROUTE ] array (
)
[ 2018-11-21T12:26:41+08:00 ][ info ] [ HEADER ] array (
)
[ 2018-11-21T12:26:41+08:00 ][ info ] [ PARAM ] array (
)
[ 2018-11-21T12:26:41+08:00 ][ info ] [ LANG ] /var/www/html/swoole-live/thinkphp/lang/zh-cn.php
[ info ] [ LOG ] INIT File
[ 2018-11-21T12:26:41+08:00 ][ info ] [ ROUTE ] array (
)
[ 2018-11-21T12:26:41+08:00 ][ info ] [ HEADER ] array (
)
[ 2018-11-21T12:26:41+08:00 ][ info ] [ PARAM ] array (
)
[ 2018-11-21T12:26:41+08:00 ][ info ] [ ROUTE ] array (
)
[ 2018-11-21T12:26:41+08:00 ][ info ] [ HEADER ] array (
)
[ 2018-11-21T12:26:41+08:00 ][ info ] [ PARAM ] array (
)
[ 2018-11-21T12:26:41+08:00 ][ info ] [ LANG ] /var/www/html/swoole-live/thinkphp/lang/zh-cn.php
[ info ] [ LOG ] INIT File
[ 2018-11-21T12:26:41+08:00 ][ info ] [ ROUTE ] array (
)
[ 2018-11-21T12:26:41+08:00 ][ info ] [ HEADER ] array (
)
[ 2018-11-21T12:26:41+08:00 ][ info ] [ PARAM ] array (
)
[ 2018-11-21T12:26:41+08:00 ][ info ] [ ROUTE ] array (
)
[ 2018-11-21T12:26:41+08:00 ][ info ] [ HEADER ] array (
)
[ 2018-11-21T12:26:41+08:00 ][ info ] [ PARAM ] array (
)
[ 2018-11-21T12:27:20+08:00 ][ info ] [ LANG ] /var/www/html/swoole-live/thinkphp/lang/zh-cn.php
[ 2018-11-21T12:27:20+08:00 ][ info ] [ ROUTE ] array (
)
[ 2018-11-21T12:27:20+08:00 ][ info ] [ HEADER ] array (
)
[ 2018-11-21T12:27:20+08:00 ][ info ] [ PARAM ] array (
)
[ 2018-11-21T12:27:24+08:00 ][ info ] [ LANG ] /var/www/html/swoole-live/thinkphp/lang/zh-cn.php
[ 2018-11-21T12:27:24+08:00 ][ info ] [ ROUTE ] array (
)
[ 2018-11-21T12:27:24+08:00 ][ info ] [ HEADER ] array (
)
[ 2018-11-21T12:27:24+08:00 ][ info ] [ PARAM ] array (
)
[ 2018-11-21T12:27:48+08:00 ][ info ] [ LANG ] /var/www/html/swoole-live/thinkphp/lang/zh-cn.php
[ 2018-11-21T12:27:48+08:00 ][ info ] [ ROUTE ] array (
)
[ 2018-11-21T12:27:48+08:00 ][ info ] [ HEADER ] array (
)
[ 2018-11-21T12:27:48+08:00 ][ info ] [ PARAM ] array (
)
[ 2018-11-21T12:27:51+08:00 ][ info ] [ LANG ] /var/www/html/swoole-live/thinkphp/lang/zh-cn.php
[ 2018-11-21T12:27:51+08:00 ][ info ] [ ROUTE ] array (
)
[ 2018-11-21T12:27:51+08:00 ][ info ] [ HEADER ] array (
)
[ 2018-11-21T12:27:51+08:00 ][ info ] [ PARAM ] array (
)
[ 2018-11-21T12:28:56+08:00 ][ info ] [ LANG ] /var/www/html/swoole-live/thinkphp/lang/zh-cn.php
[ info ] [ LOG ] INIT File
[ 2018-11-21T12:28:56+08:00 ][ info ] [ LANG ] /var/www/html/swoole-live/thinkphp/lang/zh-cn.php
[ info ] [ LOG ] INIT File
[ 2018-11-21T12:28:56+08:00 ][ info ] [ LANG ] /var/www/html/swoole-live/thinkphp/lang/zh-cn.php
[ info ] [ LOG ] INIT File
[ 2018-11-21T12:28:56+08:00 ][ info ] [ ROUTE ] array (
)
[ 2018-11-21T12:28:56+08:00 ][ info ] [ HEADER ] array (
)
[ 2018-11-21T12:28:56+08:00 ][ info ] [ PARAM ] array (
)
[ 2018-11-21T12:28:56+08:00 ][ info ] [ LANG ] /var/www/html/swoole-live/thinkphp/lang/zh-cn.php
[ info ] [ LOG ] INIT File
[ 2018-11-21T12:28:56+08:00 ][ info ] [ ROUTE ] array (
)
[ 2018-11-21T12:28:56+08:00 ][ info ] [ HEADER ] array (
)
[ 2018-11-21T12:28:56+08:00 ][ info ] [ PARAM ] array (
)
[ 2018-11-21T12:28:56+08:00 ][ info ] [ LANG ] /var/www/html/swoole-live/thinkphp/lang/zh-cn.php
[ info ] [ LOG ] INIT File
[ 2018-11-21T12:28:56+08:00 ][ info ] [ LANG ] /var/www/html/swoole-live/thinkphp/lang/zh-cn.php
[ info ] [ LOG ] INIT File
[ 2018-11-21T12:28:56+08:00 ][ info ] [ ROUTE ] array (
)
[ 2018-11-21T12:28:56+08:00 ][ info ] [ HEADER ] array (
)
[ 2018-11-21T12:28:56+08:00 ][ info ] [ PARAM ] array (
)
[ 2018-11-21T12:28:56+08:00 ][ info ] [ LANG ] /var/www/html/swoole-live/thinkphp/lang/zh-cn.php
[ info ] [ LOG ] INIT File
[ 2018-11-21T12:28:56+08:00 ][ info ] [ ROUTE ] array (
)
[ 2018-11-21T12:28:56+08:00 ][ info ] [ HEADER ] array (
)
[ 2018-11-21T12:28:56+08:00 ][ info ] [ PARAM ] array (
)
[ 2018-11-21T12:28:56+08:00 ][ info ] [ ROUTE ] array (
)
[ 2018-11-21T12:28:56+08:00 ][ info ] [ HEADER ] array (
)
[ 2018-11-21T12:28:56+08:00 ][ info ] [ PARAM ] array (
)
[ 2018-11-21T12:28:56+08:00 ][ info ] [ LANG ] /var/www/html/swoole-live/thinkphp/lang/zh-cn.php
[ info ] [ LOG ] INIT File
[ 2018-11-21T12:28:56+08:00 ][ info ] [ ROUTE ] array (
)
[ 2018-11-21T12:28:56+08:00 ][ info ] [ HEADER ] array (
)
[ 2018-11-21T12:28:56+08:00 ][ info ] [ PARAM ] array (
)
[ 2018-11-21T12:28:56+08:00 ][ info ] [ ROUTE ] array (
)
[ 2018-11-21T12:28:56+08:00 ][ info ] [ HEADER ] array (
)
[ 2018-11-21T12:28:56+08:00 ][ info ] [ PARAM ] array (
)
[ 2018-11-21T12:28:56+08:00 ][ info ] [ ROUTE ] array (
)
[ 2018-11-21T12:28:56+08:00 ][ info ] [ HEADER ] array (
)
[ 2018-11-21T12:28:56+08:00 ][ info ] [ PARAM ] array (
)
[ 2018-11-21T12:31:55+08:00 ][ info ] [ LANG ] /var/www/html/swoole-live/thinkphp/lang/zh-cn.php
[ info ] [ LOG ] INIT File
[ 2018-11-21T12:31:55+08:00 ][ info ] [ LANG ] /var/www/html/swoole-live/thinkphp/lang/zh-cn.php
[ info ] [ LOG ] INIT File
[ 2018-11-21T12:31:55+08:00 ][ info ] [ LANG ] /var/www/html/swoole-live/thinkphp/lang/zh-cn.php
[ info ] [ LOG ] INIT File
[ 2018-11-21T12:31:55+08:00 ][ info ] [ LANG ] /var/www/html/swoole-live/thinkphp/lang/zh-cn.php
[ info ] [ LOG ] INIT File
[ 2018-11-21T12:31:55+08:00 ][ info ] [ ROUTE ] array (
)
[ 2018-11-21T12:31:55+08:00 ][ info ] [ HEADER ] array (
)
[ 2018-11-21T12:31:55+08:00 ][ info ] [ PARAM ] array (
)
[ 2018-11-21T12:31:55+08:00 ][ info ] [ LANG ] /var/www/html/swoole-live/thinkphp/lang/zh-cn.php
[ info ] [ LOG ] INIT File
[ 2018-11-21T12:31:55+08:00 ][ info ] [ ROUTE ] array (
)
[ 2018-11-21T12:31:55+08:00 ][ info ] [ HEADER ] array (
)
[ 2018-11-21T12:31:55+08:00 ][ info ] [ PARAM ] array (
)
[ 2018-11-21T12:31:55+08:00 ][ info ] [ LANG ] /var/www/html/swoole-live/thinkphp/lang/zh-cn.php
[ info ] [ LOG ] INIT File
[ 2018-11-21T12:31:55+08:00 ][ info ] [ ROUTE ] array (
)
[ 2018-11-21T12:31:55+08:00 ][ info ] [ HEADER ] array (
)
[ 2018-11-21T12:31:55+08:00 ][ info ] [ PARAM ] array (
)
[ 2018-11-21T12:31:55+08:00 ][ info ] [ LANG ] /var/www/html/swoole-live/thinkphp/lang/zh-cn.php
[ info ] [ LOG ] INIT File
[ 2018-11-21T12:31:55+08:00 ][ info ] [ ROUTE ] array (
)
[ 2018-11-21T12:31:55+08:00 ][ info ] [ HEADER ] array (
)
[ 2018-11-21T12:31:55+08:00 ][ info ] [ PARAM ] array (
)
[ 2018-11-21T12:31:55+08:00 ][ info ] [ ROUTE ] array (
)
[ 2018-11-21T12:31:55+08:00 ][ info ] [ HEADER ] array (
)
[ 2018-11-21T12:31:55+08:00 ][ info ] [ PARAM ] array (
)
[ 2018-11-21T12:31:55+08:00 ][ info ] [ ROUTE ] array (
)
[ 2018-11-21T12:31:55+08:00 ][ info ] [ HEADER ] array (
)
[ 2018-11-21T12:31:55+08:00 ][ info ] [ PARAM ] array (
)
[ 2018-11-21T12:31:55+08:00 ][ info ] [ LANG ] /var/www/html/swoole-live/thinkphp/lang/zh-cn.php
[ info ] [ LOG ] INIT File
[ 2018-11-21T12:31:55+08:00 ][ info ] [ ROUTE ] array (
)
[ 2018-11-21T12:31:55+08:00 ][ info ] [ ROUTE ] array (
)
[ 2018-11-21T12:31:55+08:00 ][ info ] [ HEADER ] array (
)
[ 2018-11-21T12:31:55+08:00 ][ info ] [ PARAM ] array (
)
[ 2018-11-21T12:31:55+08:00 ][ info ] [ HEADER ] array (
)
[ 2018-11-21T12:31:55+08:00 ][ info ] [ PARAM ] array (
)
[ 2018-11-21T12:32:15+08:00 ][ info ] [ LANG ] /var/www/html/swoole-live/thinkphp/lang/zh-cn.php
[ 2018-11-21T12:32:15+08:00 ][ info ] [ ROUTE ] array (
)
[ 2018-11-21T12:32:15+08:00 ][ info ] [ HEADER ] array (
)
[ 2018-11-21T12:32:15+08:00 ][ info ] [ PARAM ] array (
  'type' => '1',
  'team_id' => '0',
  'content' => '',
)
[ 2018-11-21T12:32:35+08:00 ][ info ] [ LANG ] /var/www/html/swoole-live/thinkphp/lang/zh-cn.php
[ 2018-11-21T12:32:35+08:00 ][ info ] [ ROUTE ] array (
)
[ 2018-11-21T12:32:35+08:00 ][ info ] [ HEADER ] array (
)
[ 2018-11-21T12:32:35+08:00 ][ info ] [ PARAM ] array (
  'type' => '1',
  'team_id' => '0',
  'content' => '',
)
[ 2018-11-21T12:32:49+08:00 ][ info ] [ LANG ] /var/www/html/swoole-live/thinkphp/lang/zh-cn.php
[ 2018-11-21T12:32:49+08:00 ][ info ] [ ROUTE ] array (
)
[ 2018-11-21T12:32:49+08:00 ][ info ] [ HEADER ] array (
)
[ 2018-11-21T12:32:49+08:00 ][ info ] [ PARAM ] array (
  'type' => '1',
  'team_id' => '0',
  'content' => '',
)
[ 2018-11-21T12:32:49+08:00 ][ info ] [ LANG ] /var/www/html/swoole-live/thinkphp/lang/zh-cn.php
[ 2018-11-21T12:32:49+08:00 ][ info ] [ ROUTE ] array (
)
[ 2018-11-21T12:32:49+08:00 ][ info ] [ HEADER ] array (
)
[ 2018-11-21T12:32:49+08:00 ][ info ] [ PARAM ] array (
  'type' => '1',
  'team_id' => '0',
  'content' => '',
)
[ 2018-11-21T12:32:56+08:00 ][ info ] [ LANG ] /var/www/html/swoole-live/thinkphp/lang/zh-cn.php
[ 2018-11-21T12:32:56+08:00 ][ info ] [ ROUTE ] array (
)
[ 2018-11-21T12:32:56+08:00 ][ info ] [ HEADER ] array (
)
[ 2018-11-21T12:32:56+08:00 ][ info ] [ PARAM ] array (
  'type' => '1',
  'team_id' => '0',
  'content' => '',
)
[ 2018-11-21T12:36:44+08:00 ][ info ] [ LANG ] /var/www/html/swoole-live/thinkphp/lang/zh-cn.php
[ info ] [ LOG ] INIT File
[ 2018-11-21T12:36:44+08:00 ][ info ] [ LANG ] /var/www/html/swoole-live/thinkphp/lang/zh-cn.php
[ info ] [ LOG ] INIT File
[ 2018-11-21T12:36:44+08:00 ][ info ] [ LANG ] /var/www/html/swoole-live/thinkphp/lang/zh-cn.php
[ info ] [ LOG ] INIT File
[ 2018-11-21T12:36:44+08:00 ][ info ] [ ROUTE ] array (
)
[ 2018-11-21T12:36:44+08:00 ][ info ] [ HEADER ] array (
)
[ 2018-11-21T12:36:44+08:00 ][ info ] [ PARAM ] array (
)
[ 2018-11-21T12:36:44+08:00 ][ info ] [ LANG ] /var/www/html/swoole-live/thinkphp/lang/zh-cn.php
[ info ] [ LOG ] INIT File
[ 2018-11-21T12:36:44+08:00 ][ info ] [ ROUTE ] array (
)
[ 2018-11-21T12:36:44+08:00 ][ info ] [ HEADER ] array (
)
[ 2018-11-21T12:36:44+08:00 ][ info ] [ PARAM ] array (
)
[ 2018-11-21T12:36:44+08:00 ][ info ] [ LANG ] /var/www/html/swoole-live/thinkphp/lang/zh-cn.php
[ info ] [ LOG ] INIT File
[ 2018-11-21T12:36:44+08:00 ][ info ] [ ROUTE ] array (
)
[ 2018-11-21T12:36:44+08:00 ][ info ] [ HEADER ] array (
)
[ 2018-11-21T12:36:44+08:00 ][ info ] [ PARAM ] array (
)
[ 2018-11-21T12:36:44+08:00 ][ info ] [ LANG ] /var/www/html/swoole-live/thinkphp/lang/zh-cn.php
[ info ] [ LOG ] INIT File
[ 2018-11-21T12:36:44+08:00 ][ info ] [ ROUTE ] array (
)
[ 2018-11-21T12:36:44+08:00 ][ info ] [ HEADER ] array (
)
[ 2018-11-21T12:36:44+08:00 ][ info ] [ PARAM ] array (
)
[ 2018-11-21T12:36:44+08:00 ][ info ] [ LANG ] /var/www/html/swoole-live/thinkphp/lang/zh-cn.php
[ info ] [ LOG ] INIT File
[ 2018-11-21T12:36:44+08:00 ][ info ] [ ROUTE ] array (
)
[ 2018-11-21T12:36:44+08:00 ][ info ] [ HEADER ] array (
)
[ 2018-11-21T12:36:44+08:00 ][ info ] [ PARAM ] array (
)
[ 2018-11-21T12:36:44+08:00 ][ info ] [ LANG ] /var/www/html/swoole-live/thinkphp/lang/zh-cn.php
[ info ] [ LOG ] INIT File
[ 2018-11-21T12:36:44+08:00 ][ info ] [ ROUTE ] array (
)
[ 2018-11-21T12:36:44+08:00 ][ info ] [ HEADER ] array (
)
[ 2018-11-21T12:36:44+08:00 ][ info ] [ PARAM ] array (
)
[ 2018-11-21T12:36:44+08:00 ][ info ] [ ROUTE ] array (
)
[ 2018-11-21T12:36:44+08:00 ][ info ] [ HEADER ] array (
)
[ 2018-11-21T12:36:44+08:00 ][ info ] [ ROUTE ] array (
)
[ 2018-11-21T12:36:44+08:00 ][ info ] [ HEADER ] array (
)
[ 2018-11-21T12:36:44+08:00 ][ info ] [ PARAM ] array (
)
[ 2018-11-21T12:36:44+08:00 ][ info ] [ PARAM ] array (
)
[ 2018-11-21T12:36:55+08:00 ][ info ] [ LANG ] /var/www/html/swoole-live/thinkphp/lang/zh-cn.php
[ 2018-11-21T12:36:55+08:00 ][ info ] [ ROUTE ] array (
)
[ 2018-11-21T12:36:55+08:00 ][ info ] [ HEADER ] array (
)
[ 2018-11-21T12:36:55+08:00 ][ info ] [ PARAM ] array (
)
[ 2018-11-21T12:37:07+08:00 ][ info ] [ LANG ] /var/www/html/swoole-live/thinkphp/lang/zh-cn.php
[ 2018-11-21T12:37:07+08:00 ][ info ] [ ROUTE ] array (
)
[ 2018-11-21T12:37:07+08:00 ][ info ] [ HEADER ] array (
)
[ 2018-11-21T12:37:07+08:00 ][ info ] [ PARAM ] array (
  'type' => '1',
  'team_id' => '0',
  'content' => '',
)
[ 2018-11-21T14:05:13+08:00 ][ info ] [ LANG ] /var/www/html/swoole-live/thinkphp/lang/zh-cn.php
[ info ] [ LOG ] INIT File
[ 2018-11-21T14:05:13+08:00 ][ info ] [ LANG ] /var/www/html/swoole-live/thinkphp/lang/zh-cn.php
[ info ] [ LOG ] INIT File
[ 2018-11-21T14:05:13+08:00 ][ info ] [ LANG ] /var/www/html/swoole-live/thinkphp/lang/zh-cn.php
[ info ] [ LOG ] INIT File
[ 2018-11-21T14:05:13+08:00 ][ info ] [ LANG ] /var/www/html/swoole-live/thinkphp/lang/zh-cn.php
[ info ] [ LOG ] INIT File
[ 2018-11-21T14:05:13+08:00 ][ info ] [ ROUTE ] array (
)
[ 2018-11-21T14:05:13+08:00 ][ info ] [ HEADER ] array (
)
[ 2018-11-21T14:05:13+08:00 ][ info ] [ PARAM ] array (
)
[ 2018-11-21T14:05:13+08:00 ][ info ] [ LANG ] /var/www/html/swoole-live/thinkphp/lang/zh-cn.php
[ info ] [ LOG ] INIT File
[ 2018-11-21T14:05:13+08:00 ][ info ] [ ROUTE ] array (
)
[ 2018-11-21T14:05:13+08:00 ][ info ] [ HEADER ] array (
)
[ 2018-11-21T14:05:13+08:00 ][ info ] [ PARAM ] array (
)
[ 2018-11-21T14:05:13+08:00 ][ info ] [ LANG ] /var/www/html/swoole-live/thinkphp/lang/zh-cn.php
[ info ] [ LOG ] INIT File
[ 2018-11-21T14:05:13+08:00 ][ info ] [ ROUTE ] array (
)
[ 2018-11-21T14:05:13+08:00 ][ info ] [ HEADER ] array (
)
[ 2018-11-21T14:05:13+08:00 ][ info ] [ PARAM ] array (
)
[ 2018-11-21T14:05:13+08:00 ][ info ] [ ROUTE ] array (
)
[ 2018-11-21T14:05:13+08:00 ][ info ] [ HEADER ] array (
)
[ 2018-11-21T14:05:13+08:00 ][ info ] [ PARAM ] array (
)
[ 2018-11-21T14:05:13+08:00 ][ info ] [ LANG ] /var/www/html/swoole-live/thinkphp/lang/zh-cn.php
[ info ] [ LOG ] INIT File
[ 2018-11-21T14:05:13+08:00 ][ info ] [ ROUTE ] array (
)
[ 2018-11-21T14:05:13+08:00 ][ info ] [ HEADER ] array (
)
[ 2018-11-21T14:05:13+08:00 ][ info ] [ PARAM ] array (
)
[ 2018-11-21T14:05:13+08:00 ][ info ] [ ROUTE ] array (
)
[ 2018-11-21T14:05:13+08:00 ][ info ] [ HEADER ] array (
)
[ 2018-11-21T14:05:13+08:00 ][ info ] [ PARAM ] array (
)
[ 2018-11-21T14:05:13+08:00 ][ info ] [ LANG ] /var/www/html/swoole-live/thinkphp/lang/zh-cn.php
[ info ] [ LOG ] INIT File
[ 2018-11-21T14:05:13+08:00 ][ info ] [ ROUTE ] array (
)
[ 2018-11-21T14:05:13+08:00 ][ info ] [ HEADER ] array (
)
[ 2018-11-21T14:05:13+08:00 ][ info ] [ PARAM ] array (
)
[ 2018-11-21T14:05:13+08:00 ][ info ] [ ROUTE ] array (
)
[ 2018-11-21T14:05:13+08:00 ][ info ] [ HEADER ] array (
)
[ 2018-11-21T14:05:13+08:00 ][ info ] [ PARAM ] array (
)
[ 2018-11-21T14:06:07+08:00 ][ info ] [ LANG ] /var/www/html/swoole-live/thinkphp/lang/zh-cn.php
[ 2018-11-21T14:06:07+08:00 ][ info ] [ ROUTE ] array (
)
[ 2018-11-21T14:06:07+08:00 ][ info ] [ HEADER ] array (
)
[ 2018-11-21T14:06:07+08:00 ][ info ] [ PARAM ] array (
)
