[ 2018-11-23T00:00:01+08:00 ][ info ] [ LANG ] /var/www/html/swoole-live/thinkphp/lang/zh-cn.php
[ info ] [ LOG ] INIT File
[ 2018-11-23T00:00:01+08:00 ][ info ] [ LANG ] /var/www/html/swoole-live/thinkphp/lang/zh-cn.php
[ info ] [ LOG ] INIT File
[ 2018-11-23T00:00:01+08:00 ][ info ] [ LANG ] /var/www/html/swoole-live/thinkphp/lang/zh-cn.php
[ info ] [ LOG ] INIT File
[ 2018-11-23T00:00:01+08:00 ][ info ] [ LANG ] /var/www/html/swoole-live/thinkphp/lang/zh-cn.php
[ info ] [ LOG ] INIT File
[ 2018-11-23T00:00:01+08:00 ][ info ] [ LANG ] /var/www/html/swoole-live/thinkphp/lang/zh-cn.php
[ info ] [ LOG ] INIT File
[ 2018-11-23T00:00:01+08:00 ][ info ] [ LANG ] /var/www/html/swoole-live/thinkphp/lang/zh-cn.php
[ info ] [ LOG ] INIT File
[ 2018-11-23T00:00:01+08:00 ][ info ] [ LANG ] /var/www/html/swoole-live/thinkphp/lang/zh-cn.php
[ info ] [ LOG ] INIT File
[ 2018-11-23T00:00:01+08:00 ][ info ] [ LANG ] /var/www/html/swoole-live/thinkphp/lang/zh-cn.php
[ info ] [ LOG ] INIT File
[ 2018-11-23T00:00:01+08:00 ][ info ] [ ROUTE ] array (
)
[ 2018-11-23T00:00:01+08:00 ][ info ] [ HEADER ] array (
)
[ 2018-11-23T00:00:01+08:00 ][ info ] [ PARAM ] array (
)
[ 2018-11-23T00:00:01+08:00 ][ info ] [ ROUTE ] array (
)
[ 2018-11-23T00:00:01+08:00 ][ info ] [ HEADER ] array (
)
[ 2018-11-23T00:00:01+08:00 ][ info ] [ PARAM ] array (
)
[ 2018-11-23T00:00:01+08:00 ][ info ] [ ROUTE ] array (
)
[ 2018-11-23T00:00:01+08:00 ][ info ] [ HEADER ] array (
)
[ 2018-11-23T00:00:01+08:00 ][ info ] [ PARAM ] array (
)
[ 2018-11-23T00:00:01+08:00 ][ info ] [ ROUTE ] array (
)
[ 2018-11-23T00:00:01+08:00 ][ info ] [ HEADER ] array (
)
[ 2018-11-23T00:00:01+08:00 ][ info ] [ PARAM ] array (
)
[ 2018-11-23T00:00:01+08:00 ][ info ] [ ROUTE ] array (
)
[ 2018-11-23T00:00:01+08:00 ][ info ] [ HEADER ] array (
)
[ 2018-11-23T00:00:01+08:00 ][ info ] [ PARAM ] array (
)
[ 2018-11-23T00:00:01+08:00 ][ info ] [ ROUTE ] array (
)
[ 2018-11-23T00:00:01+08:00 ][ info ] [ HEADER ] array (
)
[ 2018-11-23T00:00:01+08:00 ][ info ] [ PARAM ] array (
)
[ 2018-11-23T00:00:01+08:00 ][ info ] [ ROUTE ] array (
)
[ 2018-11-23T00:00:01+08:00 ][ info ] [ HEADER ] array (
)
[ 2018-11-23T00:00:01+08:00 ][ info ] [ PARAM ] array (
)
[ 2018-11-23T00:00:01+08:00 ][ info ] [ ROUTE ] array (
)
[ 2018-11-23T00:00:01+08:00 ][ info ] [ HEADER ] array (
)
[ 2018-11-23T00:00:01+08:00 ][ info ] [ PARAM ] array (
)
[ 2018-11-23T00:00:10+08:00 ][ info ] [ LANG ] /var/www/html/swoole-live/thinkphp/lang/zh-cn.php
[ 2018-11-23T00:00:10+08:00 ][ info ] [ ROUTE ] array (
)
[ 2018-11-23T00:00:10+08:00 ][ info ] [ HEADER ] array (
)
[ 2018-11-23T00:00:10+08:00 ][ info ] [ PARAM ] array (
)
[ 2018-11-23T00:00:18+08:00 ][ info ] [ LANG ] /var/www/html/swoole-live/thinkphp/lang/zh-cn.php
[ 2018-11-23T00:00:18+08:00 ][ info ] [ ROUTE ] array (
)
[ 2018-11-23T00:00:18+08:00 ][ info ] [ HEADER ] array (
)
[ 2018-11-23T00:00:18+08:00 ][ info ] [ PARAM ] array (
  'type' => '1',
  'team_id' => '1',
  'content' => '2',
)
[ 2018-11-23T00:00:18+08:00 ][ error ] [1]Uncaught think\exception\ErrorException: Swoole\WebSocket\Server::push(): the connected client of connection[6] is not a websocket client. in /var/www/html/swoole-live/application/common/lib/task/Task.php:45
Stack trace:
#0 [internal function]: think\Error::appError(2, 'Swoole\\WebSocke...', '/var/www/html/s...', 45, Array)
#1 /var/www/html/swoole-live/application/common/lib/task/Task.php(45): Swoole\WebSocket\Server->push('6', '{"type":1,"titl...')
#2 /var/www/html/swoole-live/server/ws.php(118): app\common\lib\task\Task->pushLive(Array, Object(Swoole\WebSocket\Server))
#3 [internal function]: Ws->onTask(Object(Swoole\WebSocket\Server), 0, 3, Array)
#4 /var/www/html/swoole-live/server/ws.php(40): Swoole\Http\Server->start()
#5 /var/www/html/swoole-live/server/ws.php(144): Ws->__construct()
#6 {main}
  thrown[/var/www/html/swoole-live/application/common/lib/task/Task.php:45]
[ 2018-11-23T00:00:18+08:00 ][ info ] [ LANG ] /var/www/html/swoole-live/thinkphp/lang/zh-cn.php
[ info ] [ LOG ] INIT File
[ 2018-11-23T00:00:18+08:00 ][ info ] [ ROUTE ] array (
)
[ 2018-11-23T00:00:18+08:00 ][ info ] [ HEADER ] array (
)
[ 2018-11-23T00:00:18+08:00 ][ info ] [ PARAM ] array (
)
[ 2018-11-23T00:00:40+08:00 ][ info ] [ LANG ] /var/www/html/swoole-live/thinkphp/lang/zh-cn.php
[ 2018-11-23T00:00:40+08:00 ][ info ] [ ROUTE ] array (
)
[ 2018-11-23T00:00:40+08:00 ][ info ] [ HEADER ] array (
)
[ 2018-11-23T00:00:40+08:00 ][ info ] [ PARAM ] array (
  'type' => '1',
  'team_id' => '1',
  'content' => '2',
)
[ 2018-11-23T00:00:40+08:00 ][ error ] [1]Uncaught think\exception\ErrorException: Swoole\WebSocket\Server::push(): the connected client of connection[6] is not a websocket client. in /var/www/html/swoole-live/application/common/lib/task/Task.php:45
Stack trace:
#0 [internal function]: think\Error::appError(2, 'Swoole\\WebSocke...', '/var/www/html/s...', 45, Array)
#1 /var/www/html/swoole-live/application/common/lib/task/Task.php(45): Swoole\WebSocket\Server->push('6', '{"type":1,"titl...')
#2 /var/www/html/swoole-live/server/ws.php(118): app\common\lib\task\Task->pushLive(Array, Object(Swoole\WebSocket\Server))
#3 [internal function]: Ws->onTask(Object(Swoole\WebSocket\Server), 1, 3, Array)
#4 /var/www/html/swoole-live/server/ws.php(40): Swoole\Http\Server->start()
#5 /var/www/html/swoole-live/server/ws.php(144): Ws->__construct()
#6 {main}
  thrown[/var/www/html/swoole-live/application/common/lib/task/Task.php:45]
[ 2018-11-23T00:00:40+08:00 ][ info ] [ LANG ] /var/www/html/swoole-live/thinkphp/lang/zh-cn.php
[ info ] [ LOG ] INIT File
[ 2018-11-23T00:00:40+08:00 ][ info ] [ ROUTE ] array (
)
[ 2018-11-23T00:00:40+08:00 ][ info ] [ HEADER ] array (
)
[ 2018-11-23T00:00:40+08:00 ][ info ] [ PARAM ] array (
)
[ 2018-11-23T00:01:10+08:00 ][ info ] [ LANG ] /var/www/html/swoole-live/thinkphp/lang/zh-cn.php
[ info ] [ LOG ] INIT File
[ 2018-11-23T00:01:10+08:00 ][ info ] [ LANG ] /var/www/html/swoole-live/thinkphp/lang/zh-cn.php
[ info ] [ LOG ] INIT File
[ 2018-11-23T00:01:10+08:00 ][ info ] [ LANG ] /var/www/html/swoole-live/thinkphp/lang/zh-cn.php
[ info ] [ LOG ] INIT File
[ 2018-11-23T00:01:10+08:00 ][ info ] [ LANG ] /var/www/html/swoole-live/thinkphp/lang/zh-cn.php
[ info ] [ LOG ] INIT File
[ 2018-11-23T00:01:10+08:00 ][ info ] [ ROUTE ] array (
)
[ 2018-11-23T00:01:10+08:00 ][ info ] [ HEADER ] array (
)
[ 2018-11-23T00:01:10+08:00 ][ info ] [ PARAM ] array (
)
[ 2018-11-23T00:01:10+08:00 ][ info ] [ ROUTE ] array (
)
[ 2018-11-23T00:01:10+08:00 ][ info ] [ HEADER ] array (
)
[ 2018-11-23T00:01:10+08:00 ][ info ] [ PARAM ] array (
)
[ 2018-11-23T00:01:10+08:00 ][ info ] [ LANG ] /var/www/html/swoole-live/thinkphp/lang/zh-cn.php
[ info ] [ LOG ] INIT File
[ 2018-11-23T00:01:10+08:00 ][ info ] [ ROUTE ] array (
)
[ 2018-11-23T00:01:10+08:00 ][ info ] [ HEADER ] array (
)
[ 2018-11-23T00:01:10+08:00 ][ info ] [ PARAM ] array (
)
[ 2018-11-23T00:01:10+08:00 ][ info ] [ LANG ] /var/www/html/swoole-live/thinkphp/lang/zh-cn.php
[ info ] [ LOG ] INIT File
[ 2018-11-23T00:01:10+08:00 ][ info ] [ ROUTE ] array (
)
[ 2018-11-23T00:01:10+08:00 ][ info ] [ HEADER ] array (
)
[ 2018-11-23T00:01:10+08:00 ][ info ] [ PARAM ] array (
)
[ 2018-11-23T00:01:10+08:00 ][ info ] [ ROUTE ] array (
)
[ 2018-11-23T00:01:10+08:00 ][ info ] [ HEADER ] array (
)
[ 2018-11-23T00:01:10+08:00 ][ info ] [ PARAM ] array (
)
[ 2018-11-23T00:01:10+08:00 ][ info ] [ LANG ] /var/www/html/swoole-live/thinkphp/lang/zh-cn.php
[ info ] [ LOG ] INIT File
[ 2018-11-23T00:01:10+08:00 ][ info ] [ ROUTE ] array (
)
[ 2018-11-23T00:01:10+08:00 ][ info ] [ HEADER ] array (
)
[ 2018-11-23T00:01:10+08:00 ][ info ] [ PARAM ] array (
)
[ 2018-11-23T00:01:10+08:00 ][ info ] [ LANG ] /var/www/html/swoole-live/thinkphp/lang/zh-cn.php
[ info ] [ LOG ] INIT File
[ 2018-11-23T00:01:10+08:00 ][ info ] [ ROUTE ] array (
)
[ 2018-11-23T00:01:10+08:00 ][ info ] [ HEADER ] array (
)
[ 2018-11-23T00:01:10+08:00 ][ info ] [ PARAM ] array (
)
[ 2018-11-23T00:01:10+08:00 ][ info ] [ ROUTE ] array (
)
[ 2018-11-23T00:01:10+08:00 ][ info ] [ HEADER ] array (
)
[ 2018-11-23T00:01:10+08:00 ][ info ] [ PARAM ] array (
)
[ 2018-11-23T00:01:37+08:00 ][ info ] [ LANG ] /var/www/html/swoole-live/thinkphp/lang/zh-cn.php
[ info ] [ LOG ] INIT File
[ 2018-11-23T00:01:37+08:00 ][ info ] [ LANG ] /var/www/html/swoole-live/thinkphp/lang/zh-cn.php
[ info ] [ LOG ] INIT File
[ 2018-11-23T00:01:37+08:00 ][ info ] [ LANG ] /var/www/html/swoole-live/thinkphp/lang/zh-cn.php
[ info ] [ LOG ] INIT File
[ 2018-11-23T00:01:37+08:00 ][ info ] [ LANG ] /var/www/html/swoole-live/thinkphp/lang/zh-cn.php
[ info ] [ LOG ] INIT File
[ 2018-11-23T00:01:37+08:00 ][ info ] [ LANG ] /var/www/html/swoole-live/thinkphp/lang/zh-cn.php
[ info ] [ LOG ] INIT File
[ 2018-11-23T00:01:37+08:00 ][ info ] [ LANG ] /var/www/html/swoole-live/thinkphp/lang/zh-cn.php
[ info ] [ LOG ] INIT File
[ 2018-11-23T00:01:37+08:00 ][ info ] [ LANG ] /var/www/html/swoole-live/thinkphp/lang/zh-cn.php
[ info ] [ LOG ] INIT File
[ 2018-11-23T00:01:37+08:00 ][ info ] [ ROUTE ] array (
)
[ 2018-11-23T00:01:37+08:00 ][ info ] [ HEADER ] array (
)
[ 2018-11-23T00:01:37+08:00 ][ info ] [ PARAM ] array (
)
[ 2018-11-23T00:01:37+08:00 ][ info ] [ ROUTE ] array (
)
[ 2018-11-23T00:01:37+08:00 ][ info ] [ HEADER ] array (
)
[ 2018-11-23T00:01:37+08:00 ][ info ] [ PARAM ] array (
)
[ 2018-11-23T00:01:37+08:00 ][ info ] [ LANG ] /var/www/html/swoole-live/thinkphp/lang/zh-cn.php
[ info ] [ LOG ] INIT File
[ 2018-11-23T00:01:37+08:00 ][ info ] [ ROUTE ] array (
)
[ 2018-11-23T00:01:37+08:00 ][ info ] [ HEADER ] array (
)
[ 2018-11-23T00:01:37+08:00 ][ info ] [ PARAM ] array (
)
[ 2018-11-23T00:01:37+08:00 ][ info ] [ ROUTE ] array (
)
[ 2018-11-23T00:01:37+08:00 ][ info ] [ HEADER ] array (
)
[ 2018-11-23T00:01:37+08:00 ][ info ] [ PARAM ] array (
)
[ 2018-11-23T00:01:37+08:00 ][ info ] [ ROUTE ] array (
)
[ 2018-11-23T00:01:37+08:00 ][ info ] [ HEADER ] array (
)
[ 2018-11-23T00:01:37+08:00 ][ info ] [ PARAM ] array (
)
[ 2018-11-23T00:01:37+08:00 ][ info ] [ ROUTE ] array (
)
[ 2018-11-23T00:01:37+08:00 ][ info ] [ HEADER ] array (
)
[ 2018-11-23T00:01:37+08:00 ][ info ] [ PARAM ] array (
)
[ 2018-11-23T00:01:37+08:00 ][ info ] [ ROUTE ] array (
)
[ 2018-11-23T00:01:37+08:00 ][ info ] [ HEADER ] array (
)
[ 2018-11-23T00:01:37+08:00 ][ info ] [ PARAM ] array (
)
[ 2018-11-23T00:01:37+08:00 ][ info ] [ ROUTE ] array (
)
[ 2018-11-23T00:01:37+08:00 ][ info ] [ HEADER ] array (
)
[ 2018-11-23T00:01:37+08:00 ][ info ] [ PARAM ] array (
)
[ 2018-11-23T00:01:41+08:00 ][ info ] [ LANG ] /var/www/html/swoole-live/thinkphp/lang/zh-cn.php
[ 2018-11-23T00:01:41+08:00 ][ info ] [ ROUTE ] array (
)
[ 2018-11-23T00:01:41+08:00 ][ info ] [ HEADER ] array (
)
[ 2018-11-23T00:01:41+08:00 ][ info ] [ PARAM ] array (
)
[ 2018-11-23T00:02:20+08:00 ][ info ] [ LANG ] /var/www/html/swoole-live/thinkphp/lang/zh-cn.php
[ info ] [ LOG ] INIT File
[ 2018-11-23T00:02:20+08:00 ][ info ] [ LANG ] /var/www/html/swoole-live/thinkphp/lang/zh-cn.php
[ info ] [ LOG ] INIT File
[ 2018-11-23T00:02:20+08:00 ][ info ] [ LANG ] /var/www/html/swoole-live/thinkphp/lang/zh-cn.php
[ info ] [ LOG ] INIT File
[ 2018-11-23T00:02:20+08:00 ][ info ] [ LANG ] /var/www/html/swoole-live/thinkphp/lang/zh-cn.php
[ info ] [ LOG ] INIT File
[ 2018-11-23T00:02:20+08:00 ][ info ] [ ROUTE ] array (
)
[ 2018-11-23T00:02:20+08:00 ][ info ] [ HEADER ] array (
)
[ 2018-11-23T00:02:20+08:00 ][ info ] [ PARAM ] array (
)
[ 2018-11-23T00:02:20+08:00 ][ info ] [ LANG ] /var/www/html/swoole-live/thinkphp/lang/zh-cn.php
[ info ] [ LOG ] INIT File
[ 2018-11-23T00:02:20+08:00 ][ info ] [ ROUTE ] array (
)
[ 2018-11-23T00:02:20+08:00 ][ info ] [ HEADER ] array (
)
[ 2018-11-23T00:02:20+08:00 ][ info ] [ PARAM ] array (
)
[ 2018-11-23T00:02:20+08:00 ][ info ] [ LANG ] /var/www/html/swoole-live/thinkphp/lang/zh-cn.php
[ info ] [ LOG ] INIT File
[ 2018-11-23T00:02:20+08:00 ][ info ] [ ROUTE ] array (
)
[ 2018-11-23T00:02:20+08:00 ][ info ] [ HEADER ] array (
)
[ 2018-11-23T00:02:20+08:00 ][ info ] [ PARAM ] array (
)
[ 2018-11-23T00:02:20+08:00 ][ info ] [ LANG ] /var/www/html/swoole-live/thinkphp/lang/zh-cn.php
[ info ] [ LOG ] INIT File
[ 2018-11-23T00:02:20+08:00 ][ info ] [ ROUTE ] array (
)
[ 2018-11-23T00:02:20+08:00 ][ info ] [ HEADER ] array (
)
[ 2018-11-23T00:02:20+08:00 ][ info ] [ PARAM ] array (
)
[ 2018-11-23T00:02:20+08:00 ][ info ] [ ROUTE ] array (
)
[ 2018-11-23T00:02:20+08:00 ][ info ] [ HEADER ] array (
)
[ 2018-11-23T00:02:20+08:00 ][ info ] [ PARAM ] array (
)
[ 2018-11-23T00:02:20+08:00 ][ info ] [ ROUTE ] array (
)
[ 2018-11-23T00:02:20+08:00 ][ info ] [ HEADER ] array (
)
[ 2018-11-23T00:02:20+08:00 ][ info ] [ PARAM ] array (
)
[ 2018-11-23T00:02:20+08:00 ][ info ] [ LANG ] /var/www/html/swoole-live/thinkphp/lang/zh-cn.php
[ info ] [ LOG ] INIT File
[ 2018-11-23T00:02:20+08:00 ][ info ] [ ROUTE ] array (
)
[ 2018-11-23T00:02:20+08:00 ][ info ] [ HEADER ] array (
)
[ 2018-11-23T00:02:20+08:00 ][ info ] [ PARAM ] array (
)
[ 2018-11-23T00:02:20+08:00 ][ info ] [ ROUTE ] array (
)
[ 2018-11-23T00:02:20+08:00 ][ info ] [ HEADER ] array (
)
[ 2018-11-23T00:02:20+08:00 ][ info ] [ PARAM ] array (
)
[ 2018-11-23T00:02:39+08:00 ][ info ] [ LANG ] /var/www/html/swoole-live/thinkphp/lang/zh-cn.php
[ 2018-11-23T00:02:39+08:00 ][ info ] [ ROUTE ] array (
)
[ 2018-11-23T00:02:39+08:00 ][ info ] [ HEADER ] array (
)
[ 2018-11-23T00:02:39+08:00 ][ info ] [ PARAM ] array (
  'type' => '1',
  'team_id' => '0',
  'content' => '',
)
[ 2018-11-23T00:06:39+08:00 ][ info ] [ LANG ] /var/www/html/swoole-live/thinkphp/lang/zh-cn.php
[ info ] [ LOG ] INIT File
[ 2018-11-23T00:06:39+08:00 ][ info ] [ LANG ] /var/www/html/swoole-live/thinkphp/lang/zh-cn.php
[ info ] [ LOG ] INIT File
[ 2018-11-23T00:06:39+08:00 ][ info ] [ ROUTE ] array (
)
[ 2018-11-23T00:06:39+08:00 ][ info ] [ HEADER ] array (
)
[ 2018-11-23T00:06:39+08:00 ][ info ] [ PARAM ] array (
)
[ 2018-11-23T00:06:39+08:00 ][ info ] [ LANG ] /var/www/html/swoole-live/thinkphp/lang/zh-cn.php
[ info ] [ LOG ] INIT File
[ 2018-11-23T00:06:39+08:00 ][ info ] [ ROUTE ] array (
)
[ 2018-11-23T00:06:39+08:00 ][ info ] [ HEADER ] array (
)
[ 2018-11-23T00:06:39+08:00 ][ info ] [ PARAM ] array (
)
[ 2018-11-23T00:06:39+08:00 ][ info ] [ LANG ] /var/www/html/swoole-live/thinkphp/lang/zh-cn.php
[ info ] [ LOG ] INIT File
[ 2018-11-23T00:06:39+08:00 ][ info ] [ ROUTE ] array (
)
[ 2018-11-23T00:06:39+08:00 ][ info ] [ HEADER ] array (
)
[ 2018-11-23T00:06:39+08:00 ][ info ] [ PARAM ] array (
)
[ 2018-11-23T00:06:39+08:00 ][ info ] [ LANG ] /var/www/html/swoole-live/thinkphp/lang/zh-cn.php
[ info ] [ LOG ] INIT File
[ 2018-11-23T00:06:39+08:00 ][ info ] [ ROUTE ] array (
)
[ 2018-11-23T00:06:39+08:00 ][ info ] [ HEADER ] array (
)
[ 2018-11-23T00:06:39+08:00 ][ info ] [ PARAM ] array (
)
[ 2018-11-23T00:06:39+08:00 ][ info ] [ LANG ] /var/www/html/swoole-live/thinkphp/lang/zh-cn.php
[ info ] [ LOG ] INIT File
[ 2018-11-23T00:06:39+08:00 ][ info ] [ ROUTE ] array (
)
[ 2018-11-23T00:06:39+08:00 ][ info ] [ HEADER ] array (
)
[ 2018-11-23T00:06:39+08:00 ][ info ] [ PARAM ] array (
)
[ 2018-11-23T00:06:39+08:00 ][ info ] [ LANG ] /var/www/html/swoole-live/thinkphp/lang/zh-cn.php
[ info ] [ LOG ] INIT File
[ 2018-11-23T00:06:39+08:00 ][ info ] [ ROUTE ] array (
)
[ 2018-11-23T00:06:39+08:00 ][ info ] [ HEADER ] array (
)
[ 2018-11-23T00:06:39+08:00 ][ info ] [ PARAM ] array (
)
[ 2018-11-23T00:06:39+08:00 ][ info ] [ LANG ] /var/www/html/swoole-live/thinkphp/lang/zh-cn.php
[ info ] [ LOG ] INIT File
[ 2018-11-23T00:06:39+08:00 ][ info ] [ ROUTE ] array (
)
[ 2018-11-23T00:06:39+08:00 ][ info ] [ HEADER ] array (
)
[ 2018-11-23T00:06:39+08:00 ][ info ] [ PARAM ] array (
)
[ 2018-11-23T00:06:39+08:00 ][ info ] [ ROUTE ] array (
)
[ 2018-11-23T00:06:39+08:00 ][ info ] [ HEADER ] array (
)
[ 2018-11-23T00:06:39+08:00 ][ info ] [ PARAM ] array (
)
[ 2018-11-23T00:06:45+08:00 ][ info ] [ LANG ] /var/www/html/swoole-live/thinkphp/lang/zh-cn.php
[ info ] [ LOG ] INIT File
[ 2018-11-23T00:06:45+08:00 ][ info ] [ LANG ] /var/www/html/swoole-live/thinkphp/lang/zh-cn.php
[ info ] [ LOG ] INIT File
[ 2018-11-23T00:06:45+08:00 ][ info ] [ ROUTE ] array (
)
[ 2018-11-23T00:06:45+08:00 ][ info ] [ HEADER ] array (
)
[ 2018-11-23T00:06:45+08:00 ][ info ] [ PARAM ] array (
)
[ 2018-11-23T00:06:45+08:00 ][ info ] [ LANG ] /var/www/html/swoole-live/thinkphp/lang/zh-cn.php
[ info ] [ LOG ] INIT File
[ 2018-11-23T00:06:45+08:00 ][ info ] [ ROUTE ] array (
)
[ 2018-11-23T00:06:45+08:00 ][ info ] [ HEADER ] array (
)
[ 2018-11-23T00:06:45+08:00 ][ info ] [ PARAM ] array (
)
[ 2018-11-23T00:06:45+08:00 ][ info ] [ LANG ] /var/www/html/swoole-live/thinkphp/lang/zh-cn.php
[ info ] [ LOG ] INIT File
[ 2018-11-23T00:06:45+08:00 ][ info ] [ ROUTE ] array (
)
[ 2018-11-23T00:06:45+08:00 ][ info ] [ HEADER ] array (
)
[ 2018-11-23T00:06:45+08:00 ][ info ] [ PARAM ] array (
)
[ 2018-11-23T00:06:45+08:00 ][ info ] [ LANG ] /var/www/html/swoole-live/thinkphp/lang/zh-cn.php
[ info ] [ LOG ] INIT File
[ 2018-11-23T00:06:45+08:00 ][ info ] [ ROUTE ] array (
)
[ 2018-11-23T00:06:45+08:00 ][ info ] [ HEADER ] array (
)
[ 2018-11-23T00:06:45+08:00 ][ info ] [ PARAM ] array (
)
[ 2018-11-23T00:06:45+08:00 ][ info ] [ LANG ] /var/www/html/swoole-live/thinkphp/lang/zh-cn.php
[ info ] [ LOG ] INIT File
[ 2018-11-23T00:06:45+08:00 ][ info ] [ ROUTE ] array (
)
[ 2018-11-23T00:06:45+08:00 ][ info ] [ HEADER ] array (
)
[ 2018-11-23T00:06:45+08:00 ][ info ] [ PARAM ] array (
)
[ 2018-11-23T00:06:45+08:00 ][ info ] [ LANG ] /var/www/html/swoole-live/thinkphp/lang/zh-cn.php
[ info ] [ LOG ] INIT File
[ 2018-11-23T00:06:45+08:00 ][ info ] [ ROUTE ] array (
)
[ 2018-11-23T00:06:45+08:00 ][ info ] [ HEADER ] array (
)
[ 2018-11-23T00:06:45+08:00 ][ info ] [ PARAM ] array (
)
[ 2018-11-23T00:06:45+08:00 ][ info ] [ LANG ] /var/www/html/swoole-live/thinkphp/lang/zh-cn.php
[ info ] [ LOG ] INIT File
[ 2018-11-23T00:06:45+08:00 ][ info ] [ ROUTE ] array (
)
[ 2018-11-23T00:06:45+08:00 ][ info ] [ HEADER ] array (
)
[ 2018-11-23T00:06:45+08:00 ][ info ] [ PARAM ] array (
)
[ 2018-11-23T00:06:45+08:00 ][ info ] [ ROUTE ] array (
)
[ 2018-11-23T00:06:45+08:00 ][ info ] [ HEADER ] array (
)
[ 2018-11-23T00:06:45+08:00 ][ info ] [ PARAM ] array (
)
[ 2018-11-23T00:06:47+08:00 ][ info ] [ LANG ] /var/www/html/swoole-live/thinkphp/lang/zh-cn.php
[ info ] [ LOG ] INIT File
[ 2018-11-23T00:06:47+08:00 ][ info ] [ LANG ] /var/www/html/swoole-live/thinkphp/lang/zh-cn.php
[ info ] [ LOG ] INIT File
[ 2018-11-23T00:06:47+08:00 ][ info ] [ LANG ] /var/www/html/swoole-live/thinkphp/lang/zh-cn.php
[ info ] [ LOG ] INIT File
[ 2018-11-23T00:06:47+08:00 ][ info ] [ LANG ] /var/www/html/swoole-live/thinkphp/lang/zh-cn.php
[ info ] [ LOG ] INIT File
[ 2018-11-23T00:06:47+08:00 ][ info ] [ LANG ] /var/www/html/swoole-live/thinkphp/lang/zh-cn.php
[ info ] [ LOG ] INIT File
[ 2018-11-23T00:06:47+08:00 ][ info ] [ LANG ] /var/www/html/swoole-live/thinkphp/lang/zh-cn.php
[ info ] [ LOG ] INIT File
[ 2018-11-23T00:06:47+08:00 ][ info ] [ ROUTE ] array (
)
[ 2018-11-23T00:06:47+08:00 ][ info ] [ HEADER ] array (
)
[ 2018-11-23T00:06:47+08:00 ][ info ] [ PARAM ] array (
)
[ 2018-11-23T00:06:47+08:00 ][ info ] [ LANG ] /var/www/html/swoole-live/thinkphp/lang/zh-cn.php
[ info ] [ LOG ] INIT File
[ 2018-11-23T00:06:47+08:00 ][ info ] [ ROUTE ] array (
)
[ 2018-11-23T00:06:47+08:00 ][ info ] [ HEADER ] array (
)
[ 2018-11-23T00:06:47+08:00 ][ info ] [ PARAM ] array (
)
[ 2018-11-23T00:06:47+08:00 ][ info ] [ ROUTE ] array (
)
[ 2018-11-23T00:06:47+08:00 ][ info ] [ HEADER ] array (
)
[ 2018-11-23T00:06:47+08:00 ][ info ] [ PARAM ] array (
)
[ 2018-11-23T00:06:47+08:00 ][ info ] [ ROUTE ] array (
)
[ 2018-11-23T00:06:47+08:00 ][ info ] [ HEADER ] array (
)
[ 2018-11-23T00:06:47+08:00 ][ info ] [ PARAM ] array (
)
[ 2018-11-23T00:06:47+08:00 ][ info ] [ LANG ] /var/www/html/swoole-live/thinkphp/lang/zh-cn.php
[ info ] [ LOG ] INIT File
[ 2018-11-23T00:06:47+08:00 ][ info ] [ ROUTE ] array (
)
[ 2018-11-23T00:06:47+08:00 ][ info ] [ HEADER ] array (
)
[ 2018-11-23T00:06:47+08:00 ][ info ] [ PARAM ] array (
)
[ 2018-11-23T00:06:47+08:00 ][ info ] [ ROUTE ] array (
)
[ 2018-11-23T00:06:47+08:00 ][ info ] [ HEADER ] array (
)
[ 2018-11-23T00:06:47+08:00 ][ info ] [ PARAM ] array (
)
[ 2018-11-23T00:06:47+08:00 ][ info ] [ ROUTE ] array (
)
[ 2018-11-23T00:06:47+08:00 ][ info ] [ HEADER ] array (
)
[ 2018-11-23T00:06:47+08:00 ][ info ] [ PARAM ] array (
)
[ 2018-11-23T00:06:47+08:00 ][ info ] [ ROUTE ] array (
)
[ 2018-11-23T00:06:47+08:00 ][ info ] [ HEADER ] array (
)
[ 2018-11-23T00:06:47+08:00 ][ info ] [ PARAM ] array (
)
[ 2018-11-23T00:09:51+08:00 ][ info ] [ LANG ] /var/www/html/swoole-live/thinkphp/lang/zh-cn.php
[ info ] [ LOG ] INIT File
[ 2018-11-23T00:09:51+08:00 ][ info ] [ LANG ] /var/www/html/swoole-live/thinkphp/lang/zh-cn.php
[ info ] [ LOG ] INIT File
[ 2018-11-23T00:09:51+08:00 ][ info ] [ LANG ] /var/www/html/swoole-live/thinkphp/lang/zh-cn.php
[ info ] [ LOG ] INIT File
[ 2018-11-23T00:09:51+08:00 ][ info ] [ LANG ] /var/www/html/swoole-live/thinkphp/lang/zh-cn.php
[ info ] [ LOG ] INIT File
[ 2018-11-23T00:09:51+08:00 ][ info ] [ ROUTE ] array (
)
[ 2018-11-23T00:09:51+08:00 ][ info ] [ HEADER ] array (
)
[ 2018-11-23T00:09:51+08:00 ][ info ] [ PARAM ] array (
)
[ 2018-11-23T00:09:51+08:00 ][ info ] [ LANG ] /var/www/html/swoole-live/thinkphp/lang/zh-cn.php
[ info ] [ LOG ] INIT File
[ 2018-11-23T00:09:51+08:00 ][ info ] [ ROUTE ] array (
)
[ 2018-11-23T00:09:51+08:00 ][ info ] [ HEADER ] array (
)
[ 2018-11-23T00:09:51+08:00 ][ info ] [ PARAM ] array (
)
[ 2018-11-23T00:09:51+08:00 ][ info ] [ LANG ] /var/www/html/swoole-live/thinkphp/lang/zh-cn.php
[ info ] [ LOG ] INIT File
[ 2018-11-23T00:09:51+08:00 ][ info ] [ ROUTE ] array (
)
[ 2018-11-23T00:09:51+08:00 ][ info ] [ HEADER ] array (
)
[ 2018-11-23T00:09:51+08:00 ][ info ] [ PARAM ] array (
)
[ 2018-11-23T00:09:51+08:00 ][ info ] [ LANG ] /var/www/html/swoole-live/thinkphp/lang/zh-cn.php
[ info ] [ LOG ] INIT File
[ 2018-11-23T00:09:51+08:00 ][ info ] [ ROUTE ] array (
)
[ 2018-11-23T00:09:51+08:00 ][ info ] [ HEADER ] array (
)
[ 2018-11-23T00:09:51+08:00 ][ info ] [ PARAM ] array (
)
[ 2018-11-23T00:09:51+08:00 ][ info ] [ ROUTE ] array (
)
[ 2018-11-23T00:09:51+08:00 ][ info ] [ HEADER ] array (
)
[ 2018-11-23T00:09:51+08:00 ][ info ] [ PARAM ] array (
)
[ 2018-11-23T00:09:51+08:00 ][ info ] [ ROUTE ] array (
)
[ 2018-11-23T00:09:51+08:00 ][ info ] [ HEADER ] array (
)
[ 2018-11-23T00:09:51+08:00 ][ info ] [ PARAM ] array (
)
[ 2018-11-23T00:09:51+08:00 ][ info ] [ LANG ] /var/www/html/swoole-live/thinkphp/lang/zh-cn.php
[ info ] [ LOG ] INIT File
[ 2018-11-23T00:09:51+08:00 ][ info ] [ ROUTE ] array (
)
[ 2018-11-23T00:09:51+08:00 ][ info ] [ HEADER ] array (
)
[ 2018-11-23T00:09:51+08:00 ][ info ] [ PARAM ] array (
)
[ 2018-11-23T00:09:51+08:00 ][ info ] [ ROUTE ] array (
)
[ 2018-11-23T00:09:51+08:00 ][ info ] [ HEADER ] array (
)
[ 2018-11-23T00:09:51+08:00 ][ info ] [ PARAM ] array (
)
[ 2018-11-23T00:10:04+08:00 ][ info ] [ LANG ] /var/www/html/swoole-live/thinkphp/lang/zh-cn.php
[ 2018-11-23T00:10:04+08:00 ][ info ] [ ROUTE ] array (
)
[ 2018-11-23T00:10:04+08:00 ][ info ] [ HEADER ] array (
)
[ 2018-11-23T00:10:04+08:00 ][ info ] [ PARAM ] array (
  'type' => '1',
  'team_id' => '1',
  'content' => '123123',
)
[ 2018-11-23T09:14:00+08:00 ][ info ] [ LANG ] /var/www/html/swoole-live/thinkphp/lang/zh-cn.php
[ 2018-11-23T09:14:00+08:00 ][ info ] [ ROUTE ] array (
)
[ 2018-11-23T09:14:00+08:00 ][ info ] [ HEADER ] array (
)
[ 2018-11-23T09:14:00+08:00 ][ info ] [ PARAM ] array (
)
[ 2018-11-23T09:14:03+08:00 ][ info ] [ LANG ] /var/www/html/swoole-live/thinkphp/lang/zh-cn.php
[ info ] [ LOG ] INIT File
[ 2018-11-23T09:14:03+08:00 ][ info ] [ LANG ] /var/www/html/swoole-live/thinkphp/lang/zh-cn.php
[ info ] [ LOG ] INIT File
[ 2018-11-23T09:14:03+08:00 ][ info ] [ LANG ] /var/www/html/swoole-live/thinkphp/lang/zh-cn.php
[ info ] [ LOG ] INIT File
[ 2018-11-23T09:14:03+08:00 ][ info ] [ ROUTE ] array (
)
[ 2018-11-23T09:14:03+08:00 ][ info ] [ HEADER ] array (
)
[ 2018-11-23T09:14:03+08:00 ][ info ] [ PARAM ] array (
)
[ 2018-11-23T09:14:03+08:00 ][ info ] [ LANG ] /var/www/html/swoole-live/thinkphp/lang/zh-cn.php
[ info ] [ LOG ] INIT File
[ 2018-11-23T09:14:03+08:00 ][ info ] [ ROUTE ] array (
)
[ 2018-11-23T09:14:03+08:00 ][ info ] [ HEADER ] array (
)
[ 2018-11-23T09:14:03+08:00 ][ info ] [ PARAM ] array (
)
[ 2018-11-23T09:14:03+08:00 ][ info ] [ ROUTE ] array (
)
[ 2018-11-23T09:14:03+08:00 ][ info ] [ HEADER ] array (
)
[ 2018-11-23T09:14:03+08:00 ][ info ] [ PARAM ] array (
)
[ 2018-11-23T09:14:03+08:00 ][ info ] [ ROUTE ] array (
)
[ 2018-11-23T09:14:03+08:00 ][ info ] [ HEADER ] array (
)
[ 2018-11-23T09:14:03+08:00 ][ info ] [ PARAM ] array (
)
[ 2018-11-23T09:14:03+08:00 ][ info ] [ LANG ] /var/www/html/swoole-live/thinkphp/lang/zh-cn.php
[ info ] [ LOG ] INIT File
[ 2018-11-23T09:14:03+08:00 ][ info ] [ ROUTE ] array (
)
[ 2018-11-23T09:14:03+08:00 ][ info ] [ HEADER ] array (
)
[ 2018-11-23T09:14:03+08:00 ][ info ] [ PARAM ] array (
)
[ 2018-11-23T09:14:03+08:00 ][ info ] [ LANG ] /var/www/html/swoole-live/thinkphp/lang/zh-cn.php
[ info ] [ LOG ] INIT File
[ 2018-11-23T09:14:03+08:00 ][ info ] [ ROUTE ] array (
)
[ 2018-11-23T09:14:03+08:00 ][ info ] [ HEADER ] array (
)
[ 2018-11-23T09:14:03+08:00 ][ info ] [ PARAM ] array (
)
[ 2018-11-23T09:14:06+08:00 ][ info ] [ LANG ] /var/www/html/swoole-live/thinkphp/lang/zh-cn.php
[ info ] [ LOG ] INIT File
[ 2018-11-23T09:14:06+08:00 ][ info ] [ ROUTE ] array (
)
[ 2018-11-23T09:14:06+08:00 ][ info ] [ HEADER ] array (
)
[ 2018-11-23T09:14:06+08:00 ][ info ] [ PARAM ] array (
)
[ 2018-11-23T09:14:07+08:00 ][ info ] [ LANG ] /var/www/html/swoole-live/thinkphp/lang/zh-cn.php
[ info ] [ LOG ] INIT File
[ 2018-11-23T09:14:07+08:00 ][ info ] [ ROUTE ] array (
)
[ 2018-11-23T09:14:07+08:00 ][ info ] [ HEADER ] array (
)
[ 2018-11-23T09:14:07+08:00 ][ info ] [ PARAM ] array (
)
[ 2018-11-23T09:14:12+08:00 ][ info ] [ LANG ] /var/www/html/swoole-live/thinkphp/lang/zh-cn.php
[ info ] [ LOG ] INIT File
[ 2018-11-23T09:14:12+08:00 ][ info ] [ ROUTE ] array (
)
[ 2018-11-23T09:14:12+08:00 ][ info ] [ HEADER ] array (
)
[ 2018-11-23T09:14:12+08:00 ][ info ] [ PARAM ] array (
)
[ 2018-11-23T09:14:12+08:00 ][ info ] [ LANG ] /var/www/html/swoole-live/thinkphp/lang/zh-cn.php
[ info ] [ LOG ] INIT File
[ 2018-11-23T09:14:12+08:00 ][ info ] [ ROUTE ] array (
)
[ 2018-11-23T09:14:12+08:00 ][ info ] [ HEADER ] array (
)
[ 2018-11-23T09:14:12+08:00 ][ info ] [ PARAM ] array (
)
[ 2018-11-23T09:14:12+08:00 ][ info ] [ LANG ] /var/www/html/swoole-live/thinkphp/lang/zh-cn.php
[ info ] [ LOG ] INIT File
[ 2018-11-23T09:14:12+08:00 ][ info ] [ ROUTE ] array (
)
[ 2018-11-23T09:14:12+08:00 ][ info ] [ HEADER ] array (
)
[ 2018-11-23T09:14:12+08:00 ][ info ] [ PARAM ] array (
)
[ 2018-11-23T09:14:12+08:00 ][ info ] [ LANG ] /var/www/html/swoole-live/thinkphp/lang/zh-cn.php
[ info ] [ LOG ] INIT File
[ 2018-11-23T09:14:12+08:00 ][ info ] [ ROUTE ] array (
)
[ 2018-11-23T09:14:12+08:00 ][ info ] [ HEADER ] array (
)
[ 2018-11-23T09:14:12+08:00 ][ info ] [ PARAM ] array (
)
[ 2018-11-23T09:14:12+08:00 ][ info ] [ LANG ] /var/www/html/swoole-live/thinkphp/lang/zh-cn.php
[ info ] [ LOG ] INIT File
[ 2018-11-23T09:14:12+08:00 ][ info ] [ ROUTE ] array (
)
[ 2018-11-23T09:14:12+08:00 ][ info ] [ HEADER ] array (
)
[ 2018-11-23T09:14:12+08:00 ][ info ] [ PARAM ] array (
)
[ 2018-11-23T09:14:13+08:00 ][ info ] [ LANG ] /var/www/html/swoole-live/thinkphp/lang/zh-cn.php
[ info ] [ LOG ] INIT File
[ 2018-11-23T09:14:13+08:00 ][ info ] [ ROUTE ] array (
)
[ 2018-11-23T09:14:13+08:00 ][ info ] [ HEADER ] array (
)
[ 2018-11-23T09:14:13+08:00 ][ info ] [ PARAM ] array (
)
[ 2018-11-23T09:14:13+08:00 ][ info ] [ LANG ] /var/www/html/swoole-live/thinkphp/lang/zh-cn.php
[ 2018-11-23T09:14:13+08:00 ][ info ] [ ROUTE ] array (
)
[ 2018-11-23T09:14:13+08:00 ][ info ] [ HEADER ] array (
)
[ 2018-11-23T09:14:13+08:00 ][ info ] [ PARAM ] array (
  'type' => '1',
  'team_id' => '1',
  'content' => '213213213',
)
[ 2018-11-23T09:14:22+08:00 ][ info ] [ LANG ] /var/www/html/swoole-live/thinkphp/lang/zh-cn.php
[ info ] [ LOG ] INIT File
[ 2018-11-23T09:14:22+08:00 ][ info ] [ ROUTE ] array (
)
[ 2018-11-23T09:14:22+08:00 ][ info ] [ HEADER ] array (
)
[ 2018-11-23T09:14:22+08:00 ][ info ] [ PARAM ] array (
)
[ 2018-11-23T13:09:41+08:00 ][ info ] [ LANG ] /var/www/html/swoole-live/thinkphp/lang/zh-cn.php
[ info ] [ LOG ] INIT File
[ 2018-11-23T13:09:41+08:00 ][ info ] [ LANG ] /var/www/html/swoole-live/thinkphp/lang/zh-cn.php
[ info ] [ LOG ] INIT File
[ 2018-11-23T13:09:41+08:00 ][ info ] [ LANG ] /var/www/html/swoole-live/thinkphp/lang/zh-cn.php
[ info ] [ LOG ] INIT File
[ 2018-11-23T13:09:41+08:00 ][ info ] [ LANG ] /var/www/html/swoole-live/thinkphp/lang/zh-cn.php
[ info ] [ LOG ] INIT File
[ 2018-11-23T13:09:41+08:00 ][ info ] [ LANG ] /var/www/html/swoole-live/thinkphp/lang/zh-cn.php
[ info ] [ LOG ] INIT File
[ 2018-11-23T13:09:41+08:00 ][ info ] [ LANG ] /var/www/html/swoole-live/thinkphp/lang/zh-cn.php
[ info ] [ LOG ] INIT File
[ 2018-11-23T13:09:41+08:00 ][ info ] [ LANG ] /var/www/html/swoole-live/thinkphp/lang/zh-cn.php
[ info ] [ LOG ] INIT File
[ 2018-11-23T13:09:41+08:00 ][ info ] [ LANG ] /var/www/html/swoole-live/thinkphp/lang/zh-cn.php
[ info ] [ LOG ] INIT File
[ 2018-11-23T13:09:42+08:00 ][ info ] [ ROUTE ] array (
)
[ 2018-11-23T13:09:42+08:00 ][ info ] [ HEADER ] array (
)
[ 2018-11-23T13:09:42+08:00 ][ info ] [ PARAM ] array (
)
[ 2018-11-23T13:09:42+08:00 ][ info ] [ ROUTE ] array (
)
[ 2018-11-23T13:09:42+08:00 ][ info ] [ HEADER ] array (
)
[ 2018-11-23T13:09:42+08:00 ][ info ] [ PARAM ] array (
)
[ 2018-11-23T13:09:42+08:00 ][ info ] [ ROUTE ] array (
)
[ 2018-11-23T13:09:42+08:00 ][ info ] [ HEADER ] array (
)
[ 2018-11-23T13:09:42+08:00 ][ info ] [ PARAM ] array (
)
[ 2018-11-23T13:09:42+08:00 ][ info ] [ ROUTE ] array (
)
[ 2018-11-23T13:09:42+08:00 ][ info ] [ HEADER ] array (
)
[ 2018-11-23T13:09:42+08:00 ][ info ] [ PARAM ] array (
)
[ 2018-11-23T13:09:42+08:00 ][ info ] [ ROUTE ] array (
)
[ 2018-11-23T13:09:42+08:00 ][ info ] [ HEADER ] array (
)
[ 2018-11-23T13:09:42+08:00 ][ info ] [ PARAM ] array (
)
[ 2018-11-23T13:09:42+08:00 ][ info ] [ ROUTE ] array (
)
[ 2018-11-23T13:09:42+08:00 ][ info ] [ HEADER ] array (
)
[ 2018-11-23T13:09:42+08:00 ][ info ] [ PARAM ] array (
)
[ 2018-11-23T13:09:42+08:00 ][ info ] [ ROUTE ] array (
)
[ 2018-11-23T13:09:42+08:00 ][ info ] [ HEADER ] array (
)
[ 2018-11-23T13:09:42+08:00 ][ info ] [ PARAM ] array (
)
[ 2018-11-23T13:09:42+08:00 ][ info ] [ ROUTE ] array (
)
[ 2018-11-23T13:09:42+08:00 ][ info ] [ HEADER ] array (
)
[ 2018-11-23T13:09:42+08:00 ][ info ] [ PARAM ] array (
)
[ 2018-11-23T14:52:07+08:00 ][ info ] [ LANG ] /var/www/html/swoole-live/thinkphp/lang/zh-cn.php
[ 2018-11-23T14:52:07+08:00 ][ info ] [ ROUTE ] array (
)
[ 2018-11-23T14:52:07+08:00 ][ info ] [ HEADER ] array (
)
[ 2018-11-23T14:52:07+08:00 ][ info ] [ PARAM ] array (
)
[ 2018-11-23T14:52:07+08:00 ][ info ] [ LANG ] /var/www/html/swoole-live/thinkphp/lang/zh-cn.php
[ 2018-11-23T14:52:07+08:00 ][ info ] [ ROUTE ] array (
)
[ 2018-11-23T14:52:07+08:00 ][ info ] [ HEADER ] array (
)
[ 2018-11-23T14:52:07+08:00 ][ info ] [ PARAM ] array (
)
[ 2018-11-23T14:52:09+08:00 ][ info ] [ LANG ] /var/www/html/swoole-live/thinkphp/lang/zh-cn.php
[ 2018-11-23T14:52:09+08:00 ][ info ] [ ROUTE ] array (
)
[ 2018-11-23T14:52:09+08:00 ][ info ] [ HEADER ] array (
)
[ 2018-11-23T14:52:09+08:00 ][ info ] [ PARAM ] array (
)
[ 2018-11-23T14:52:10+08:00 ][ info ] [ LANG ] /var/www/html/swoole-live/thinkphp/lang/zh-cn.php
[ 2018-11-23T14:52:10+08:00 ][ info ] [ ROUTE ] array (
)
[ 2018-11-23T14:52:10+08:00 ][ info ] [ HEADER ] array (
)
[ 2018-11-23T14:52:10+08:00 ][ info ] [ PARAM ] array (
)
[ 2018-11-23T14:52:11+08:00 ][ info ] [ LANG ] /var/www/html/swoole-live/thinkphp/lang/zh-cn.php
[ 2018-11-23T14:52:11+08:00 ][ info ] [ ROUTE ] array (
)
[ 2018-11-23T14:52:11+08:00 ][ info ] [ HEADER ] array (
)
[ 2018-11-23T14:52:11+08:00 ][ info ] [ PARAM ] array (
)
[ 2018-11-23T14:52:11+08:00 ][ info ] [ LANG ] /var/www/html/swoole-live/thinkphp/lang/zh-cn.php
[ 2018-11-23T14:52:11+08:00 ][ info ] [ ROUTE ] array (
)
[ 2018-11-23T14:52:11+08:00 ][ info ] [ HEADER ] array (
)
[ 2018-11-23T14:52:11+08:00 ][ info ] [ PARAM ] array (
)
[ 2018-11-23T14:53:14+08:00 ][ error ] [1]Uncaught RedisException: read error on connection in /var/www/html/swoole-live/application/common/lib/redis/Predis.php:74
Stack trace:
#0 /var/www/html/swoole-live/application/common/lib/redis/Predis.php(74): Redis->srem('live_game_key', 4)
#1 /var/www/html/swoole-live/server/ws.php(140): app\common\lib\redis\Predis->sRem('live_game_key', 4)
#2 {main}
  thrown[/var/www/html/swoole-live/application/common/lib/redis/Predis.php:74]
[ 2018-11-23T14:53:14+08:00 ][ info ] [ LANG ] /var/www/html/swoole-live/thinkphp/lang/zh-cn.php
[ info ] [ LOG ] INIT File
[ 2018-11-23T14:53:14+08:00 ][ info ] [ ROUTE ] array (
)
[ 2018-11-23T14:53:14+08:00 ][ info ] [ HEADER ] array (
)
[ 2018-11-23T14:53:14+08:00 ][ info ] [ PARAM ] array (
)
[ 2018-11-23T15:01:45+08:00 ][ info ] [ LANG ] /var/www/html/swoole-live/thinkphp/lang/zh-cn.php
[ 2018-11-23T15:01:45+08:00 ][ info ] [ ROUTE ] array (
)
[ 2018-11-23T15:01:45+08:00 ][ info ] [ HEADER ] array (
)
[ 2018-11-23T15:01:45+08:00 ][ info ] [ PARAM ] array (
)
[ 2018-11-23T15:36:09+08:00 ][ info ] [ LANG ] /var/www/html/swoole-live/thinkphp/lang/zh-cn.php
[ info ] [ LOG ] INIT File
[ 2018-11-23T15:36:09+08:00 ][ info ] [ LANG ] /var/www/html/swoole-live/thinkphp/lang/zh-cn.php
[ info ] [ LOG ] INIT File
[ 2018-11-23T15:36:09+08:00 ][ info ] [ LANG ] /var/www/html/swoole-live/thinkphp/lang/zh-cn.php
[ info ] [ LOG ] INIT File
[ 2018-11-23T15:36:09+08:00 ][ info ] [ LANG ] /var/www/html/swoole-live/thinkphp/lang/zh-cn.php
[ info ] [ LOG ] INIT File
[ 2018-11-23T15:36:09+08:00 ][ info ] [ ROUTE ] array (
)
[ 2018-11-23T15:36:09+08:00 ][ info ] [ HEADER ] array (
)
[ 2018-11-23T15:36:09+08:00 ][ info ] [ PARAM ] array (
)
[ 2018-11-23T15:36:09+08:00 ][ info ] [ LANG ] /var/www/html/swoole-live/thinkphp/lang/zh-cn.php
[ info ] [ LOG ] INIT File
[ 2018-11-23T15:36:09+08:00 ][ info ] [ ROUTE ] array (
)
[ 2018-11-23T15:36:09+08:00 ][ info ] [ HEADER ] array (
)
[ 2018-11-23T15:36:09+08:00 ][ info ] [ PARAM ] array (
)
[ 2018-11-23T15:36:09+08:00 ][ info ] [ LANG ] /var/www/html/swoole-live/thinkphp/lang/zh-cn.php
[ info ] [ LOG ] INIT File
[ 2018-11-23T15:36:09+08:00 ][ info ] [ ROUTE ] array (
)
[ 2018-11-23T15:36:09+08:00 ][ info ] [ HEADER ] array (
)
[ 2018-11-23T15:36:09+08:00 ][ info ] [ PARAM ] array (
)
[ 2018-11-23T15:36:09+08:00 ][ info ] [ LANG ] /var/www/html/swoole-live/thinkphp/lang/zh-cn.php
[ info ] [ LOG ] INIT File
[ 2018-11-23T15:36:09+08:00 ][ info ] [ ROUTE ] array (
)
[ 2018-11-23T15:36:09+08:00 ][ info ] [ HEADER ] array (
)
[ 2018-11-23T15:36:09+08:00 ][ info ] [ PARAM ] array (
)
[ 2018-11-23T15:36:09+08:00 ][ info ] [ ROUTE ] array (
)
[ 2018-11-23T15:36:09+08:00 ][ info ] [ HEADER ] array (
)
[ 2018-11-23T15:36:09+08:00 ][ info ] [ PARAM ] array (
)
[ 2018-11-23T15:36:09+08:00 ][ info ] [ LANG ] /var/www/html/swoole-live/thinkphp/lang/zh-cn.php
[ info ] [ LOG ] INIT File
[ 2018-11-23T15:36:09+08:00 ][ info ] [ ROUTE ] array (
)
[ 2018-11-23T15:36:09+08:00 ][ info ] [ HEADER ] array (
)
[ 2018-11-23T15:36:09+08:00 ][ info ] [ PARAM ] array (
)
[ 2018-11-23T15:36:09+08:00 ][ info ] [ ROUTE ] array (
)
[ 2018-11-23T15:36:09+08:00 ][ info ] [ HEADER ] array (
)
[ 2018-11-23T15:36:09+08:00 ][ info ] [ PARAM ] array (
)
[ 2018-11-23T15:36:09+08:00 ][ info ] [ ROUTE ] array (
)
[ 2018-11-23T15:36:09+08:00 ][ info ] [ HEADER ] array (
)
[ 2018-11-23T15:36:09+08:00 ][ info ] [ PARAM ] array (
)
[ 2018-11-23T15:36:15+08:00 ][ info ] [ LANG ] /var/www/html/swoole-live/thinkphp/lang/zh-cn.php
[ 2018-11-23T15:36:15+08:00 ][ info ] [ ROUTE ] array (
)
[ 2018-11-23T15:36:15+08:00 ][ info ] [ HEADER ] array (
)
[ 2018-11-23T15:36:15+08:00 ][ info ] [ PARAM ] array (
)
[ 2018-11-23T15:36:24+08:00 ][ info ] [ LANG ] /var/www/html/swoole-live/thinkphp/lang/zh-cn.php
[ 2018-11-23T15:36:24+08:00 ][ info ] [ ROUTE ] array (
)
[ 2018-11-23T15:36:24+08:00 ][ info ] [ HEADER ] array (
)
[ 2018-11-23T15:36:24+08:00 ][ info ] [ PARAM ] array (
)
[ 2018-11-23T15:36:24+08:00 ][ info ] [ LANG ] /var/www/html/swoole-live/thinkphp/lang/zh-cn.php
[ 2018-11-23T15:36:24+08:00 ][ info ] [ ROUTE ] array (
)
[ 2018-11-23T15:36:24+08:00 ][ info ] [ HEADER ] array (
)
[ 2018-11-23T15:36:24+08:00 ][ info ] [ PARAM ] array (
)
[ 2018-11-23T15:36:32+08:00 ][ info ] [ LANG ] /var/www/html/swoole-live/thinkphp/lang/zh-cn.php
[ 2018-11-23T15:36:32+08:00 ][ info ] [ ROUTE ] array (
)
[ 2018-11-23T15:36:32+08:00 ][ info ] [ HEADER ] array (
)
[ 2018-11-23T15:36:32+08:00 ][ info ] [ PARAM ] array (
  'type' => '3',
  'team_id' => '1',
  'content' => '123',
)
[ 2018-11-23T15:36:52+08:00 ][ info ] [ LANG ] /var/www/html/swoole-live/thinkphp/lang/zh-cn.php
[ info ] [ LOG ] INIT File
[ 2018-11-23T15:36:52+08:00 ][ info ] [ LANG ] /var/www/html/swoole-live/thinkphp/lang/zh-cn.php
[ info ] [ LOG ] INIT File
[ 2018-11-23T15:36:52+08:00 ][ info ] [ LANG ] /var/www/html/swoole-live/thinkphp/lang/zh-cn.php
[ info ] [ LOG ] INIT File
[ 2018-11-23T15:36:52+08:00 ][ info ] [ LANG ] /var/www/html/swoole-live/thinkphp/lang/zh-cn.php
[ info ] [ LOG ] INIT File
[ 2018-11-23T15:36:52+08:00 ][ info ] [ LANG ] /var/www/html/swoole-live/thinkphp/lang/zh-cn.php
[ info ] [ LOG ] INIT File
[ 2018-11-23T15:36:52+08:00 ][ info ] [ LANG ] /var/www/html/swoole-live/thinkphp/lang/zh-cn.php
[ info ] [ LOG ] INIT File
[ 2018-11-23T15:36:52+08:00 ][ info ] [ ROUTE ] array (
)
[ 2018-11-23T15:36:52+08:00 ][ info ] [ HEADER ] array (
)
[ 2018-11-23T15:36:52+08:00 ][ info ] [ PARAM ] array (
)
[ 2018-11-23T15:36:52+08:00 ][ info ] [ LANG ] /var/www/html/swoole-live/thinkphp/lang/zh-cn.php
[ info ] [ LOG ] INIT File
[ 2018-11-23T15:36:52+08:00 ][ info ] [ LANG ] /var/www/html/swoole-live/thinkphp/lang/zh-cn.php
[ info ] [ LOG ] INIT File
[ 2018-11-23T15:36:52+08:00 ][ info ] [ ROUTE ] array (
)
[ 2018-11-23T15:36:52+08:00 ][ info ] [ HEADER ] array (
)
[ 2018-11-23T15:36:52+08:00 ][ info ] [ PARAM ] array (
)
[ 2018-11-23T15:36:52+08:00 ][ info ] [ ROUTE ] array (
)
[ 2018-11-23T15:36:52+08:00 ][ info ] [ HEADER ] array (
)
[ 2018-11-23T15:36:52+08:00 ][ info ] [ PARAM ] array (
)
[ 2018-11-23T15:36:52+08:00 ][ info ] [ ROUTE ] array (
)
[ 2018-11-23T15:36:52+08:00 ][ info ] [ HEADER ] array (
)
[ 2018-11-23T15:36:52+08:00 ][ info ] [ PARAM ] array (
)
[ 2018-11-23T15:36:52+08:00 ][ info ] [ ROUTE ] array (
)
[ 2018-11-23T15:36:52+08:00 ][ info ] [ HEADER ] array (
)
[ 2018-11-23T15:36:52+08:00 ][ info ] [ PARAM ] array (
)
[ 2018-11-23T15:36:52+08:00 ][ info ] [ ROUTE ] array (
)
[ 2018-11-23T15:36:52+08:00 ][ info ] [ HEADER ] array (
)
[ 2018-11-23T15:36:52+08:00 ][ info ] [ PARAM ] array (
)
[ 2018-11-23T15:36:52+08:00 ][ info ] [ ROUTE ] array (
)
[ 2018-11-23T15:36:52+08:00 ][ info ] [ HEADER ] array (
)
[ 2018-11-23T15:36:52+08:00 ][ info ] [ PARAM ] array (
)
[ 2018-11-23T15:36:52+08:00 ][ info ] [ ROUTE ] array (
)
[ 2018-11-23T15:36:52+08:00 ][ info ] [ HEADER ] array (
)
[ 2018-11-23T15:36:52+08:00 ][ info ] [ PARAM ] array (
)
[ 2018-11-23T15:44:57+08:00 ][ info ] [ LANG ] /var/www/html/swoole-live/thinkphp/lang/zh-cn.php
[ 2018-11-23T15:44:57+08:00 ][ info ] [ ROUTE ] array (
)
[ 2018-11-23T15:44:57+08:00 ][ info ] [ HEADER ] array (
)
[ 2018-11-23T15:44:57+08:00 ][ info ] [ PARAM ] array (
)
[ 2018-11-23T15:45:05+08:00 ][ info ] [ LANG ] /var/www/html/swoole-live/thinkphp/lang/zh-cn.php
[ 2018-11-23T15:45:05+08:00 ][ info ] [ ROUTE ] array (
)
[ 2018-11-23T15:45:05+08:00 ][ info ] [ HEADER ] array (
)
[ 2018-11-23T15:45:05+08:00 ][ info ] [ PARAM ] array (
)
[ 2018-11-23T15:45:08+08:00 ][ info ] [ LANG ] /var/www/html/swoole-live/thinkphp/lang/zh-cn.php
[ 2018-11-23T15:45:08+08:00 ][ info ] [ ROUTE ] array (
)
[ 2018-11-23T15:45:08+08:00 ][ info ] [ HEADER ] array (
)
[ 2018-11-23T15:45:08+08:00 ][ info ] [ PARAM ] array (
)
[ 2018-11-23T15:45:10+08:00 ][ info ] [ LANG ] /var/www/html/swoole-live/thinkphp/lang/zh-cn.php
[ 2018-11-23T15:45:10+08:00 ][ info ] [ ROUTE ] array (
)
[ 2018-11-23T15:45:10+08:00 ][ info ] [ HEADER ] array (
)
[ 2018-11-23T15:45:10+08:00 ][ info ] [ PARAM ] array (
  'type' => '1',
  'team_id' => '1',
  'content' => 'asfasdfasdf',
)
[ 2018-11-23T15:45:10+08:00 ][ error ] [1]Uncaught think\exception\ErrorException: Invalid argument supplied for foreach() in /var/www/html/swoole-live/application/common/lib/task/Task.php:44
Stack trace:
#0 /var/www/html/swoole-live/application/common/lib/task/Task.php(44): think\Error::appError(2, 'Invalid argumen...', '/var/www/html/s...', 44, Array)
#1 /var/www/html/swoole-live/server/ws.php(118): app\common\lib\task\Task->pushLive(Array, Object(Swoole\WebSocket\Server))
#2 [internal function]: Ws->onTask(Object(Swoole\WebSocket\Server), 0, 0, Array)
#3 /var/www/html/swoole-live/server/ws.php(40): Swoole\Http\Server->start()
#4 /var/www/html/swoole-live/server/ws.php(144): Ws->__construct()
#5 {main}
  thrown[/var/www/html/swoole-live/application/common/lib/task/Task.php:44]
[ 2018-11-23T15:45:10+08:00 ][ info ] [ LANG ] /var/www/html/swoole-live/thinkphp/lang/zh-cn.php
[ info ] [ LOG ] INIT File
[ 2018-11-23T15:45:10+08:00 ][ info ] [ ROUTE ] array (
)
[ 2018-11-23T15:45:10+08:00 ][ info ] [ HEADER ] array (
)
[ 2018-11-23T15:45:10+08:00 ][ info ] [ PARAM ] array (
)
[ 2018-11-23T15:45:18+08:00 ][ info ] [ LANG ] /var/www/html/swoole-live/thinkphp/lang/zh-cn.php
[ 2018-11-23T15:45:18+08:00 ][ info ] [ ROUTE ] array (
)
[ 2018-11-23T15:45:18+08:00 ][ info ] [ HEADER ] array (
)
[ 2018-11-23T15:45:18+08:00 ][ info ] [ PARAM ] array (
)
[ 2018-11-23T15:45:21+08:00 ][ info ] [ LANG ] /var/www/html/swoole-live/thinkphp/lang/zh-cn.php
[ 2018-11-23T15:45:21+08:00 ][ info ] [ ROUTE ] array (
)
[ 2018-11-23T15:45:21+08:00 ][ info ] [ HEADER ] array (
)
[ 2018-11-23T15:45:21+08:00 ][ info ] [ PARAM ] array (
  'type' => '1',
  'team_id' => '1',
  'content' => 'asfasdfasdf',
)
[ 2018-11-23T15:45:53+08:00 ][ info ] [ LANG ] /var/www/html/swoole-live/thinkphp/lang/zh-cn.php
[ 2018-11-23T15:45:53+08:00 ][ info ] [ ROUTE ] array (
)
[ 2018-11-23T15:45:53+08:00 ][ info ] [ HEADER ] array (
)
[ 2018-11-23T15:45:53+08:00 ][ info ] [ PARAM ] array (
  'type' => '1',
  'team_id' => '1',
  'content' => 'asfasdfasdf',
)
[ 2018-11-23T15:49:38+08:00 ][ info ] [ LANG ] /var/www/html/swoole-live/thinkphp/lang/zh-cn.php
[ 2018-11-23T15:49:38+08:00 ][ info ] [ ROUTE ] array (
)
[ 2018-11-23T15:49:38+08:00 ][ info ] [ HEADER ] array (
)
[ 2018-11-23T15:49:38+08:00 ][ info ] [ PARAM ] array (
  'type' => '1',
  'team_id' => '1',
  'content' => 'asfasdfasdf',
)
[ 2018-11-23T15:49:47+08:00 ][ info ] [ LANG ] /var/www/html/swoole-live/thinkphp/lang/zh-cn.php
[ 2018-11-23T15:49:47+08:00 ][ info ] [ ROUTE ] array (
)
[ 2018-11-23T15:49:47+08:00 ][ info ] [ HEADER ] array (
)
[ 2018-11-23T15:49:47+08:00 ][ info ] [ PARAM ] array (
  'type' => '1',
  'team_id' => '1',
  'content' => 'asfasdfasdf',
)
[ 2018-11-23T15:50:07+08:00 ][ info ] [ LANG ] /var/www/html/swoole-live/thinkphp/lang/zh-cn.php
[ 2018-11-23T15:50:07+08:00 ][ info ] [ ROUTE ] array (
)
[ 2018-11-23T15:50:07+08:00 ][ info ] [ HEADER ] array (
)
[ 2018-11-23T15:50:07+08:00 ][ info ] [ PARAM ] array (
  'type' => '1',
  'team_id' => '1',
  'content' => 'asfasdfasdf',
)
[ 2018-11-23T15:52:19+08:00 ][ info ] [ LANG ] /var/www/html/swoole-live/thinkphp/lang/zh-cn.php
[ 2018-11-23T15:52:19+08:00 ][ info ] [ ROUTE ] array (
)
[ 2018-11-23T15:52:19+08:00 ][ info ] [ HEADER ] array (
)
[ 2018-11-23T15:52:19+08:00 ][ info ] [ PARAM ] array (
  'type' => '1',
  'team_id' => '1',
  'content' => 'asfasdfasdf',
)
[ 2018-11-23T15:54:21+08:00 ][ info ] [ LANG ] /var/www/html/swoole-live/thinkphp/lang/zh-cn.php
[ info ] [ LOG ] INIT File
[ 2018-11-23T15:54:21+08:00 ][ info ] [ LANG ] /var/www/html/swoole-live/thinkphp/lang/zh-cn.php
[ info ] [ LOG ] INIT File
[ 2018-11-23T15:54:21+08:00 ][ info ] [ LANG ] /var/www/html/swoole-live/thinkphp/lang/zh-cn.php
[ info ] [ LOG ] INIT File
[ 2018-11-23T15:54:21+08:00 ][ info ] [ ROUTE ] array (
)
[ 2018-11-23T15:54:21+08:00 ][ info ] [ HEADER ] array (
)
[ 2018-11-23T15:54:21+08:00 ][ info ] [ PARAM ] array (
)
[ 2018-11-23T15:54:21+08:00 ][ info ] [ LANG ] /var/www/html/swoole-live/thinkphp/lang/zh-cn.php
[ info ] [ LOG ] INIT File
[ 2018-11-23T15:54:21+08:00 ][ info ] [ ROUTE ] array (
)
[ 2018-11-23T15:54:21+08:00 ][ info ] [ HEADER ] array (
)
[ 2018-11-23T15:54:21+08:00 ][ info ] [ PARAM ] array (
)
[ 2018-11-23T15:54:21+08:00 ][ info ] [ LANG ] /var/www/html/swoole-live/thinkphp/lang/zh-cn.php
[ info ] [ LOG ] INIT File
[ 2018-11-23T15:54:21+08:00 ][ info ] [ LANG ] /var/www/html/swoole-live/thinkphp/lang/zh-cn.php
[ info ] [ LOG ] INIT File
[ 2018-11-23T15:54:21+08:00 ][ info ] [ ROUTE ] array (
)
[ 2018-11-23T15:54:21+08:00 ][ info ] [ HEADER ] array (
)
[ 2018-11-23T15:54:21+08:00 ][ info ] [ PARAM ] array (
)
[ 2018-11-23T15:54:21+08:00 ][ info ] [ ROUTE ] array (
)
[ 2018-11-23T15:54:21+08:00 ][ info ] [ HEADER ] array (
)
[ 2018-11-23T15:54:21+08:00 ][ info ] [ PARAM ] array (
)
[ 2018-11-23T15:54:21+08:00 ][ info ] [ LANG ] /var/www/html/swoole-live/thinkphp/lang/zh-cn.php
[ info ] [ LOG ] INIT File
[ 2018-11-23T15:54:21+08:00 ][ info ] [ ROUTE ] array (
)
[ 2018-11-23T15:54:21+08:00 ][ info ] [ HEADER ] array (
)
[ 2018-11-23T15:54:21+08:00 ][ info ] [ PARAM ] array (
)
[ 2018-11-23T15:54:21+08:00 ][ info ] [ LANG ] /var/www/html/swoole-live/thinkphp/lang/zh-cn.php
[ info ] [ LOG ] INIT File
[ 2018-11-23T15:54:21+08:00 ][ info ] [ ROUTE ] array (
)
[ 2018-11-23T15:54:21+08:00 ][ info ] [ HEADER ] array (
)
[ 2018-11-23T15:54:21+08:00 ][ info ] [ PARAM ] array (
)
[ 2018-11-23T15:54:21+08:00 ][ info ] [ ROUTE ] array (
)
[ 2018-11-23T15:54:21+08:00 ][ info ] [ HEADER ] array (
)
[ 2018-11-23T15:54:21+08:00 ][ info ] [ PARAM ] array (
)
[ 2018-11-23T15:54:21+08:00 ][ info ] [ ROUTE ] array (
)
[ 2018-11-23T15:54:21+08:00 ][ info ] [ HEADER ] array (
)
[ 2018-11-23T15:54:21+08:00 ][ info ] [ PARAM ] array (
)
[ 2018-11-23T15:54:30+08:00 ][ info ] [ LANG ] /var/www/html/swoole-live/thinkphp/lang/zh-cn.php
[ 2018-11-23T15:54:30+08:00 ][ info ] [ ROUTE ] array (
)
[ 2018-11-23T15:54:30+08:00 ][ info ] [ HEADER ] array (
)
[ 2018-11-23T15:54:30+08:00 ][ info ] [ PARAM ] array (
)
[ 2018-11-23T15:54:32+08:00 ][ info ] [ LANG ] /var/www/html/swoole-live/thinkphp/lang/zh-cn.php
[ 2018-11-23T15:54:32+08:00 ][ info ] [ ROUTE ] array (
)
[ 2018-11-23T15:54:32+08:00 ][ info ] [ HEADER ] array (
)
[ 2018-11-23T15:54:32+08:00 ][ info ] [ PARAM ] array (
  'type' => '1',
  'team_id' => '0',
  'content' => '123',
)
[ 2018-11-23T15:54:44+08:00 ][ info ] [ LANG ] /var/www/html/swoole-live/thinkphp/lang/zh-cn.php
[ info ] [ LOG ] INIT File
[ 2018-11-23T15:54:44+08:00 ][ info ] [ LANG ] /var/www/html/swoole-live/thinkphp/lang/zh-cn.php
[ info ] [ LOG ] INIT File
[ 2018-11-23T15:54:44+08:00 ][ info ] [ LANG ] /var/www/html/swoole-live/thinkphp/lang/zh-cn.php
[ info ] [ LOG ] INIT File
[ 2018-11-23T15:54:44+08:00 ][ info ] [ LANG ] /var/www/html/swoole-live/thinkphp/lang/zh-cn.php
[ info ] [ LOG ] INIT File
[ 2018-11-23T15:54:44+08:00 ][ info ] [ ROUTE ] array (
)
[ 2018-11-23T15:54:44+08:00 ][ info ] [ HEADER ] array (
)
[ 2018-11-23T15:54:44+08:00 ][ info ] [ PARAM ] array (
)
[ 2018-11-23T15:54:44+08:00 ][ info ] [ LANG ] /var/www/html/swoole-live/thinkphp/lang/zh-cn.php
[ info ] [ LOG ] INIT File
[ 2018-11-23T15:54:44+08:00 ][ info ] [ ROUTE ] array (
)
[ 2018-11-23T15:54:44+08:00 ][ info ] [ HEADER ] array (
)
[ 2018-11-23T15:54:44+08:00 ][ info ] [ PARAM ] array (
)
[ 2018-11-23T15:54:44+08:00 ][ info ] [ LANG ] /var/www/html/swoole-live/thinkphp/lang/zh-cn.php
[ info ] [ LOG ] INIT File
[ 2018-11-23T15:54:44+08:00 ][ info ] [ ROUTE ] array (
)
[ 2018-11-23T15:54:44+08:00 ][ info ] [ HEADER ] array (
)
[ 2018-11-23T15:54:44+08:00 ][ info ] [ PARAM ] array (
)
[ 2018-11-23T15:54:44+08:00 ][ info ] [ LANG ] /var/www/html/swoole-live/thinkphp/lang/zh-cn.php
[ info ] [ LOG ] INIT File
[ 2018-11-23T15:54:44+08:00 ][ info ] [ ROUTE ] array (
)
[ 2018-11-23T15:54:44+08:00 ][ info ] [ HEADER ] array (
)
[ 2018-11-23T15:54:44+08:00 ][ info ] [ PARAM ] array (
)
[ 2018-11-23T15:54:44+08:00 ][ info ] [ LANG ] /var/www/html/swoole-live/thinkphp/lang/zh-cn.php
[ info ] [ LOG ] INIT File
[ 2018-11-23T15:54:44+08:00 ][ info ] [ ROUTE ] array (
)
[ 2018-11-23T15:54:44+08:00 ][ info ] [ HEADER ] array (
)
[ 2018-11-23T15:54:44+08:00 ][ info ] [ PARAM ] array (
)
[ 2018-11-23T15:54:44+08:00 ][ info ] [ ROUTE ] array (
)
[ 2018-11-23T15:54:44+08:00 ][ info ] [ HEADER ] array (
)
[ 2018-11-23T15:54:44+08:00 ][ info ] [ PARAM ] array (
)
[ 2018-11-23T15:54:44+08:00 ][ info ] [ ROUTE ] array (
)
[ 2018-11-23T15:54:44+08:00 ][ info ] [ HEADER ] array (
)
[ 2018-11-23T15:54:44+08:00 ][ info ] [ PARAM ] array (
)
[ 2018-11-23T15:54:44+08:00 ][ info ] [ ROUTE ] array (
)
[ 2018-11-23T15:54:44+08:00 ][ info ] [ HEADER ] array (
)
[ 2018-11-23T15:54:44+08:00 ][ info ] [ PARAM ] array (
)
[ 2018-11-23T15:54:50+08:00 ][ info ] [ LANG ] /var/www/html/swoole-live/thinkphp/lang/zh-cn.php
[ 2018-11-23T15:54:50+08:00 ][ info ] [ ROUTE ] array (
)
[ 2018-11-23T15:54:50+08:00 ][ info ] [ HEADER ] array (
)
[ 2018-11-23T15:54:50+08:00 ][ info ] [ PARAM ] array (
  'type' => '1',
  'team_id' => '0',
  'content' => '123',
)
[ 2018-11-23T15:55:50+08:00 ][ info ] [ LANG ] /var/www/html/swoole-live/thinkphp/lang/zh-cn.php
[ info ] [ LOG ] INIT File
[ 2018-11-23T15:55:50+08:00 ][ info ] [ LANG ] /var/www/html/swoole-live/thinkphp/lang/zh-cn.php
[ info ] [ LOG ] INIT File
[ 2018-11-23T15:55:50+08:00 ][ info ] [ ROUTE ] array (
)
[ 2018-11-23T15:55:50+08:00 ][ info ] [ HEADER ] array (
)
[ 2018-11-23T15:55:50+08:00 ][ info ] [ PARAM ] array (
)
[ 2018-11-23T15:55:50+08:00 ][ info ] [ LANG ] /var/www/html/swoole-live/thinkphp/lang/zh-cn.php
[ info ] [ LOG ] INIT File
[ 2018-11-23T15:55:50+08:00 ][ info ] [ ROUTE ] array (
)
[ 2018-11-23T15:55:50+08:00 ][ info ] [ HEADER ] array (
)
[ 2018-11-23T15:55:50+08:00 ][ info ] [ PARAM ] array (
)
[ 2018-11-23T15:55:50+08:00 ][ info ] [ LANG ] /var/www/html/swoole-live/thinkphp/lang/zh-cn.php
[ info ] [ LOG ] INIT File
[ 2018-11-23T15:55:50+08:00 ][ info ] [ ROUTE ] array (
)
[ 2018-11-23T15:55:50+08:00 ][ info ] [ HEADER ] array (
)
[ 2018-11-23T15:55:50+08:00 ][ info ] [ PARAM ] array (
)
[ 2018-11-23T15:55:50+08:00 ][ info ] [ LANG ] /var/www/html/swoole-live/thinkphp/lang/zh-cn.php
[ info ] [ LOG ] INIT File
[ 2018-11-23T15:55:50+08:00 ][ info ] [ LANG ] /var/www/html/swoole-live/thinkphp/lang/zh-cn.php
[ info ] [ LOG ] INIT File
[ 2018-11-23T15:55:50+08:00 ][ info ] [ LANG ] /var/www/html/swoole-live/thinkphp/lang/zh-cn.php
[ info ] [ LOG ] INIT File
[ 2018-11-23T15:55:50+08:00 ][ info ] [ ROUTE ] array (
)
[ 2018-11-23T15:55:50+08:00 ][ info ] [ HEADER ] array (
)
[ 2018-11-23T15:55:50+08:00 ][ info ] [ PARAM ] array (
)
[ 2018-11-23T15:55:50+08:00 ][ info ] [ ROUTE ] array (
)
[ 2018-11-23T15:55:50+08:00 ][ info ] [ HEADER ] array (
)
[ 2018-11-23T15:55:50+08:00 ][ info ] [ PARAM ] array (
)
[ 2018-11-23T15:55:50+08:00 ][ info ] [ ROUTE ] array (
)
[ 2018-11-23T15:55:50+08:00 ][ info ] [ HEADER ] array (
)
[ 2018-11-23T15:55:50+08:00 ][ info ] [ PARAM ] array (
)
[ 2018-11-23T15:55:50+08:00 ][ info ] [ LANG ] /var/www/html/swoole-live/thinkphp/lang/zh-cn.php
[ info ] [ LOG ] INIT File
[ 2018-11-23T15:55:50+08:00 ][ info ] [ ROUTE ] array (
)
[ 2018-11-23T15:55:50+08:00 ][ info ] [ HEADER ] array (
)
[ 2018-11-23T15:55:50+08:00 ][ info ] [ PARAM ] array (
)
[ 2018-11-23T15:55:50+08:00 ][ info ] [ ROUTE ] array (
)
[ 2018-11-23T15:55:50+08:00 ][ info ] [ HEADER ] array (
)
[ 2018-11-23T15:55:50+08:00 ][ info ] [ PARAM ] array (
)
[ 2018-11-23T22:56:08+08:00 ][ info ] [ LANG ] /var/www/html/swoole-live/thinkphp/lang/zh-cn.php
[ info ] [ LOG ] INIT File
[ 2018-11-23T22:56:08+08:00 ][ info ] [ LANG ] /var/www/html/swoole-live/thinkphp/lang/zh-cn.php
[ info ] [ LOG ] INIT File
[ 2018-11-23T22:56:08+08:00 ][ info ] [ LANG ] /var/www/html/swoole-live/thinkphp/lang/zh-cn.php
[ info ] [ LOG ] INIT File
[ 2018-11-23T22:56:08+08:00 ][ info ] [ LANG ] /var/www/html/swoole-live/thinkphp/lang/zh-cn.php
[ info ] [ LOG ] INIT File
[ 2018-11-23T22:56:08+08:00 ][ info ] [ ROUTE ] array (
)
[ 2018-11-23T22:56:08+08:00 ][ info ] [ HEADER ] array (
)
[ 2018-11-23T22:56:08+08:00 ][ info ] [ PARAM ] array (
)
[ 2018-11-23T22:56:08+08:00 ][ info ] [ LANG ] /var/www/html/swoole-live/thinkphp/lang/zh-cn.php
[ info ] [ LOG ] INIT File
[ 2018-11-23T22:56:08+08:00 ][ info ] [ ROUTE ] array (
)
[ 2018-11-23T22:56:08+08:00 ][ info ] [ HEADER ] array (
)
[ 2018-11-23T22:56:08+08:00 ][ info ] [ PARAM ] array (
)
[ 2018-11-23T22:56:08+08:00 ][ info ] [ ROUTE ] array (
)
[ 2018-11-23T22:56:08+08:00 ][ info ] [ HEADER ] array (
)
[ 2018-11-23T22:56:08+08:00 ][ info ] [ PARAM ] array (
)
[ 2018-11-23T22:56:08+08:00 ][ info ] [ LANG ] /var/www/html/swoole-live/thinkphp/lang/zh-cn.php
[ info ] [ LOG ] INIT File
[ 2018-11-23T22:56:08+08:00 ][ info ] [ ROUTE ] array (
)
[ 2018-11-23T22:56:08+08:00 ][ info ] [ HEADER ] array (
)
[ 2018-11-23T22:56:08+08:00 ][ info ] [ PARAM ] array (
)
[ 2018-11-23T22:56:08+08:00 ][ info ] [ LANG ] /var/www/html/swoole-live/thinkphp/lang/zh-cn.php
[ info ] [ LOG ] INIT File
[ 2018-11-23T22:56:08+08:00 ][ info ] [ ROUTE ] array (
)
[ 2018-11-23T22:56:08+08:00 ][ info ] [ HEADER ] array (
)
[ 2018-11-23T22:56:08+08:00 ][ info ] [ PARAM ] array (
)
[ 2018-11-23T22:56:08+08:00 ][ info ] [ LANG ] /var/www/html/swoole-live/thinkphp/lang/zh-cn.php
[ info ] [ LOG ] INIT File
[ 2018-11-23T22:56:08+08:00 ][ info ] [ ROUTE ] array (
)
[ 2018-11-23T22:56:08+08:00 ][ info ] [ HEADER ] array (
)
[ 2018-11-23T22:56:08+08:00 ][ info ] [ PARAM ] array (
)
[ 2018-11-23T22:56:08+08:00 ][ info ] [ ROUTE ] array (
)
[ 2018-11-23T22:56:08+08:00 ][ info ] [ HEADER ] array (
)
[ 2018-11-23T22:56:08+08:00 ][ info ] [ PARAM ] array (
)
[ 2018-11-23T22:56:08+08:00 ][ info ] [ ROUTE ] array (
)
[ 2018-11-23T22:56:08+08:00 ][ info ] [ HEADER ] array (
)
[ 2018-11-23T22:56:08+08:00 ][ info ] [ PARAM ] array (
)
[ 2018-11-23T22:57:40+08:00 ][ info ] [ LANG ] /var/www/html/swoole-live/thinkphp/lang/zh-cn.php
[ 2018-11-23T22:57:40+08:00 ][ info ] [ ROUTE ] array (
)
[ 2018-11-23T22:57:40+08:00 ][ info ] [ HEADER ] array (
)
[ 2018-11-23T22:57:40+08:00 ][ info ] [ PARAM ] array (
)
[ 2018-11-23T23:12:07+08:00 ][ info ] [ LANG ] /var/www/html/swoole-live/thinkphp/lang/zh-cn.php
[ info ] [ LOG ] INIT File
[ 2018-11-23T23:12:07+08:00 ][ info ] [ LANG ] /var/www/html/swoole-live/thinkphp/lang/zh-cn.php
[ info ] [ LOG ] INIT File
[ 2018-11-23T23:12:07+08:00 ][ info ] [ LANG ] /var/www/html/swoole-live/thinkphp/lang/zh-cn.php
[ info ] [ LOG ] INIT File
[ 2018-11-23T23:12:07+08:00 ][ info ] [ LANG ] /var/www/html/swoole-live/thinkphp/lang/zh-cn.php
[ info ] [ LOG ] INIT File
[ 2018-11-23T23:12:07+08:00 ][ info ] [ ROUTE ] array (
)
[ 2018-11-23T23:12:07+08:00 ][ info ] [ HEADER ] array (
)
[ 2018-11-23T23:12:07+08:00 ][ info ] [ PARAM ] array (
)
[ 2018-11-23T23:12:07+08:00 ][ info ] [ LANG ] /var/www/html/swoole-live/thinkphp/lang/zh-cn.php
[ info ] [ LOG ] INIT File
[ 2018-11-23T23:12:07+08:00 ][ info ] [ ROUTE ] array (
)
[ 2018-11-23T23:12:07+08:00 ][ info ] [ HEADER ] array (
)
[ 2018-11-23T23:12:07+08:00 ][ info ] [ PARAM ] array (
)
[ 2018-11-23T23:12:07+08:00 ][ info ] [ LANG ] /var/www/html/swoole-live/thinkphp/lang/zh-cn.php
[ info ] [ LOG ] INIT File
[ 2018-11-23T23:12:07+08:00 ][ info ] [ ROUTE ] array (
)
[ 2018-11-23T23:12:07+08:00 ][ info ] [ HEADER ] array (
)
[ 2018-11-23T23:12:07+08:00 ][ info ] [ PARAM ] array (
)
[ 2018-11-23T23:12:07+08:00 ][ info ] [ ROUTE ] array (
)
[ 2018-11-23T23:12:07+08:00 ][ info ] [ HEADER ] array (
)
[ 2018-11-23T23:12:07+08:00 ][ info ] [ PARAM ] array (
)
[ 2018-11-23T23:12:07+08:00 ][ info ] [ LANG ] /var/www/html/swoole-live/thinkphp/lang/zh-cn.php
[ info ] [ LOG ] INIT File
[ 2018-11-23T23:12:07+08:00 ][ info ] [ ROUTE ] array (
)
[ 2018-11-23T23:12:07+08:00 ][ info ] [ HEADER ] array (
)
[ 2018-11-23T23:12:07+08:00 ][ info ] [ PARAM ] array (
)
[ 2018-11-23T23:12:07+08:00 ][ info ] [ LANG ] /var/www/html/swoole-live/thinkphp/lang/zh-cn.php
[ info ] [ LOG ] INIT File
[ 2018-11-23T23:12:07+08:00 ][ info ] [ ROUTE ] array (
)
[ 2018-11-23T23:12:07+08:00 ][ info ] [ HEADER ] array (
)
[ 2018-11-23T23:12:07+08:00 ][ info ] [ PARAM ] array (
)
[ 2018-11-23T23:12:07+08:00 ][ info ] [ ROUTE ] array (
)
[ 2018-11-23T23:12:07+08:00 ][ info ] [ HEADER ] array (
)
[ 2018-11-23T23:12:07+08:00 ][ info ] [ PARAM ] array (
)
[ 2018-11-23T23:12:07+08:00 ][ info ] [ ROUTE ] array (
)
[ 2018-11-23T23:12:07+08:00 ][ info ] [ HEADER ] array (
)
[ 2018-11-23T23:12:07+08:00 ][ info ] [ PARAM ] array (
)
[ 2018-11-23T23:13:43+08:00 ][ info ] [ LANG ] /var/www/html/swoole-live/thinkphp/lang/zh-cn.php
[ info ] [ LOG ] INIT File
[ 2018-11-23T23:13:43+08:00 ][ info ] [ LANG ] /var/www/html/swoole-live/thinkphp/lang/zh-cn.php
[ info ] [ LOG ] INIT File
[ 2018-11-23T23:13:43+08:00 ][ info ] [ LANG ] /var/www/html/swoole-live/thinkphp/lang/zh-cn.php
[ info ] [ LOG ] INIT File
[ 2018-11-23T23:13:43+08:00 ][ info ] [ LANG ] /var/www/html/swoole-live/thinkphp/lang/zh-cn.php
[ info ] [ LOG ] INIT File
[ 2018-11-23T23:13:43+08:00 ][ info ] [ ROUTE ] array (
)
[ 2018-11-23T23:13:43+08:00 ][ info ] [ HEADER ] array (
)
[ 2018-11-23T23:13:43+08:00 ][ info ] [ PARAM ] array (
)
[ 2018-11-23T23:13:43+08:00 ][ info ] [ LANG ] /var/www/html/swoole-live/thinkphp/lang/zh-cn.php
[ info ] [ LOG ] INIT File
[ 2018-11-23T23:13:43+08:00 ][ info ] [ ROUTE ] array (
)
[ 2018-11-23T23:13:43+08:00 ][ info ] [ HEADER ] array (
)
[ 2018-11-23T23:13:43+08:00 ][ info ] [ PARAM ] array (
)
[ 2018-11-23T23:13:43+08:00 ][ info ] [ LANG ] /var/www/html/swoole-live/thinkphp/lang/zh-cn.php
[ info ] [ LOG ] INIT File
[ 2018-11-23T23:13:43+08:00 ][ info ] [ ROUTE ] array (
)
[ 2018-11-23T23:13:43+08:00 ][ info ] [ HEADER ] array (
)
[ 2018-11-23T23:13:43+08:00 ][ info ] [ PARAM ] array (
)
[ 2018-11-23T23:13:43+08:00 ][ info ] [ LANG ] /var/www/html/swoole-live/thinkphp/lang/zh-cn.php
[ info ] [ LOG ] INIT File
[ 2018-11-23T23:13:43+08:00 ][ info ] [ ROUTE ] array (
)
[ 2018-11-23T23:13:43+08:00 ][ info ] [ HEADER ] array (
)
[ 2018-11-23T23:13:43+08:00 ][ info ] [ PARAM ] array (
)
[ 2018-11-23T23:13:43+08:00 ][ info ] [ ROUTE ] array (
)
[ 2018-11-23T23:13:43+08:00 ][ info ] [ HEADER ] array (
)
[ 2018-11-23T23:13:43+08:00 ][ info ] [ PARAM ] array (
)
[ 2018-11-23T23:13:43+08:00 ][ info ] [ ROUTE ] array (
)
[ 2018-11-23T23:13:43+08:00 ][ info ] [ HEADER ] array (
)
[ 2018-11-23T23:13:43+08:00 ][ info ] [ PARAM ] array (
)
[ 2018-11-23T23:13:43+08:00 ][ info ] [ LANG ] /var/www/html/swoole-live/thinkphp/lang/zh-cn.php
[ info ] [ LOG ] INIT File
[ 2018-11-23T23:13:43+08:00 ][ info ] [ ROUTE ] array (
)
[ 2018-11-23T23:13:43+08:00 ][ info ] [ ROUTE ] array (
)
[ 2018-11-23T23:13:43+08:00 ][ info ] [ HEADER ] array (
)
[ 2018-11-23T23:13:43+08:00 ][ info ] [ PARAM ] array (
)
[ 2018-11-23T23:13:43+08:00 ][ info ] [ HEADER ] array (
)
[ 2018-11-23T23:13:43+08:00 ][ info ] [ PARAM ] array (
)
[ 2018-11-23T23:23:31+08:00 ][ error ] [1]Uncaught RedisException: read error on connection in /var/www/html/swoole-live/application/common/lib/redis/Predis.php:74
Stack trace:
#0 /var/www/html/swoole-live/application/common/lib/redis/Predis.php(74): Redis->srem('live_game_key', 2)
#1 /var/www/html/swoole-live/server/ws.php(143): app\common\lib\redis\Predis->sRem('live_game_key', 2)
#2 {main}
  thrown[/var/www/html/swoole-live/application/common/lib/redis/Predis.php:74]
[ 2018-11-23T23:23:34+08:00 ][ info ] [ LANG ] /var/www/html/swoole-live/thinkphp/lang/zh-cn.php
[ info ] [ LOG ] INIT File
[ 2018-11-23T23:23:34+08:00 ][ info ] [ LANG ] /var/www/html/swoole-live/thinkphp/lang/zh-cn.php
[ info ] [ LOG ] INIT File
[ 2018-11-23T23:23:34+08:00 ][ info ] [ LANG ] /var/www/html/swoole-live/thinkphp/lang/zh-cn.php
[ info ] [ LOG ] INIT File
[ 2018-11-23T23:23:34+08:00 ][ info ] [ ROUTE ] array (
)
[ 2018-11-23T23:23:34+08:00 ][ info ] [ HEADER ] array (
)
[ 2018-11-23T23:23:34+08:00 ][ info ] [ PARAM ] array (
)
[ 2018-11-23T23:23:34+08:00 ][ info ] [ LANG ] /var/www/html/swoole-live/thinkphp/lang/zh-cn.php
[ info ] [ LOG ] INIT File
[ 2018-11-23T23:23:34+08:00 ][ info ] [ ROUTE ] array (
)
[ 2018-11-23T23:23:34+08:00 ][ info ] [ HEADER ] array (
)
[ 2018-11-23T23:23:34+08:00 ][ info ] [ PARAM ] array (
)
[ 2018-11-23T23:23:34+08:00 ][ info ] [ LANG ] /var/www/html/swoole-live/thinkphp/lang/zh-cn.php
[ info ] [ LOG ] INIT File
[ 2018-11-23T23:23:34+08:00 ][ info ] [ ROUTE ] array (
)
[ 2018-11-23T23:23:34+08:00 ][ info ] [ HEADER ] array (
)
[ 2018-11-23T23:23:34+08:00 ][ info ] [ PARAM ] array (
)
[ 2018-11-23T23:23:34+08:00 ][ info ] [ LANG ] /var/www/html/swoole-live/thinkphp/lang/zh-cn.php
[ info ] [ LOG ] INIT File
[ 2018-11-23T23:23:34+08:00 ][ info ] [ ROUTE ] array (
)
[ 2018-11-23T23:23:34+08:00 ][ info ] [ HEADER ] array (
)
[ 2018-11-23T23:23:34+08:00 ][ info ] [ PARAM ] array (
)
[ 2018-11-23T23:23:34+08:00 ][ info ] [ LANG ] /var/www/html/swoole-live/thinkphp/lang/zh-cn.php
[ info ] [ LOG ] INIT File
[ 2018-11-23T23:23:34+08:00 ][ info ] [ ROUTE ] array (
)
[ 2018-11-23T23:23:34+08:00 ][ info ] [ HEADER ] array (
)
[ 2018-11-23T23:23:34+08:00 ][ info ] [ PARAM ] array (
)
[ 2018-11-23T23:23:34+08:00 ][ info ] [ LANG ] /var/www/html/swoole-live/thinkphp/lang/zh-cn.php
[ info ] [ LOG ] INIT File
[ 2018-11-23T23:23:34+08:00 ][ info ] [ ROUTE ] array (
)
[ 2018-11-23T23:23:34+08:00 ][ info ] [ HEADER ] array (
)
[ 2018-11-23T23:23:34+08:00 ][ info ] [ PARAM ] array (
)
[ 2018-11-23T23:23:34+08:00 ][ info ] [ ROUTE ] array (
)
[ 2018-11-23T23:23:34+08:00 ][ info ] [ HEADER ] array (
)
[ 2018-11-23T23:23:34+08:00 ][ info ] [ PARAM ] array (
)
[ 2018-11-23T23:23:34+08:00 ][ info ] [ ROUTE ] array (
)
[ 2018-11-23T23:23:34+08:00 ][ info ] [ HEADER ] array (
)
[ 2018-11-23T23:23:34+08:00 ][ info ] [ PARAM ] array (
)
[ 2018-11-23T23:23:46+08:00 ][ info ] [ LANG ] /var/www/html/swoole-live/thinkphp/lang/zh-cn.php
[ 2018-11-23T23:23:46+08:00 ][ info ] [ ROUTE ] array (
)
[ 2018-11-23T23:23:46+08:00 ][ info ] [ HEADER ] array (
)
[ 2018-11-23T23:23:46+08:00 ][ info ] [ PARAM ] array (
)
[ 2018-11-23T23:23:53+08:00 ][ info ] [ LANG ] /var/www/html/swoole-live/thinkphp/lang/zh-cn.php
[ 2018-11-23T23:23:53+08:00 ][ info ] [ ROUTE ] array (
)
[ 2018-11-23T23:23:53+08:00 ][ info ] [ HEADER ] array (
)
[ 2018-11-23T23:23:53+08:00 ][ info ] [ PARAM ] array (
)
[ 2018-11-23T23:23:55+08:00 ][ info ] [ LANG ] /var/www/html/swoole-live/thinkphp/lang/zh-cn.php
[ 2018-11-23T23:23:55+08:00 ][ info ] [ ROUTE ] array (
)
[ 2018-11-23T23:23:55+08:00 ][ info ] [ HEADER ] array (
)
[ 2018-11-23T23:23:55+08:00 ][ info ] [ PARAM ] array (
)
[ 2018-11-23T23:29:42+08:00 ][ info ] [ LANG ] /var/www/html/swoole-live/thinkphp/lang/zh-cn.php
[ info ] [ LOG ] INIT File
[ 2018-11-23T23:29:42+08:00 ][ info ] [ LANG ] /var/www/html/swoole-live/thinkphp/lang/zh-cn.php
[ info ] [ LOG ] INIT File
[ 2018-11-23T23:29:42+08:00 ][ info ] [ LANG ] /var/www/html/swoole-live/thinkphp/lang/zh-cn.php
[ info ] [ LOG ] INIT File
[ 2018-11-23T23:29:42+08:00 ][ info ] [ LANG ] /var/www/html/swoole-live/thinkphp/lang/zh-cn.php
[ info ] [ LOG ] INIT File
[ 2018-11-23T23:29:42+08:00 ][ info ] [ ROUTE ] array (
)
[ 2018-11-23T23:29:42+08:00 ][ info ] [ HEADER ] array (
)
[ 2018-11-23T23:29:42+08:00 ][ info ] [ PARAM ] array (
)
[ 2018-11-23T23:29:42+08:00 ][ info ] [ LANG ] /var/www/html/swoole-live/thinkphp/lang/zh-cn.php
[ info ] [ LOG ] INIT File
[ 2018-11-23T23:29:42+08:00 ][ info ] [ ROUTE ] array (
)
[ 2018-11-23T23:29:42+08:00 ][ info ] [ HEADER ] array (
)
[ 2018-11-23T23:29:42+08:00 ][ info ] [ PARAM ] array (
)
[ 2018-11-23T23:29:42+08:00 ][ info ] [ LANG ] /var/www/html/swoole-live/thinkphp/lang/zh-cn.php
[ info ] [ LOG ] INIT File
[ 2018-11-23T23:29:42+08:00 ][ info ] [ ROUTE ] array (
)
[ 2018-11-23T23:29:42+08:00 ][ info ] [ HEADER ] array (
)
[ 2018-11-23T23:29:42+08:00 ][ info ] [ PARAM ] array (
)
[ 2018-11-23T23:29:42+08:00 ][ info ] [ ROUTE ] array (
)
[ 2018-11-23T23:29:42+08:00 ][ info ] [ HEADER ] array (
)
[ 2018-11-23T23:29:42+08:00 ][ info ] [ PARAM ] array (
)
[ 2018-11-23T23:29:42+08:00 ][ info ] [ LANG ] /var/www/html/swoole-live/thinkphp/lang/zh-cn.php
[ info ] [ LOG ] INIT File
[ 2018-11-23T23:29:42+08:00 ][ info ] [ ROUTE ] array (
)
[ 2018-11-23T23:29:42+08:00 ][ info ] [ HEADER ] array (
)
[ 2018-11-23T23:29:42+08:00 ][ info ] [ PARAM ] array (
)
[ 2018-11-23T23:29:42+08:00 ][ info ] [ LANG ] /var/www/html/swoole-live/thinkphp/lang/zh-cn.php
[ info ] [ LOG ] INIT File
[ 2018-11-23T23:29:42+08:00 ][ info ] [ ROUTE ] array (
)
[ 2018-11-23T23:29:42+08:00 ][ info ] [ HEADER ] array (
)
[ 2018-11-23T23:29:42+08:00 ][ info ] [ PARAM ] array (
)
[ 2018-11-23T23:29:42+08:00 ][ info ] [ ROUTE ] array (
)
[ 2018-11-23T23:29:42+08:00 ][ info ] [ HEADER ] array (
)
[ 2018-11-23T23:29:42+08:00 ][ info ] [ PARAM ] array (
)
[ 2018-11-23T23:29:42+08:00 ][ info ] [ ROUTE ] array (
)
[ 2018-11-23T23:29:42+08:00 ][ info ] [ HEADER ] array (
)
[ 2018-11-23T23:29:42+08:00 ][ info ] [ PARAM ] array (
)
[ 2018-11-23T23:29:51+08:00 ][ info ] [ LANG ] /var/www/html/swoole-live/thinkphp/lang/zh-cn.php
[ 2018-11-23T23:29:51+08:00 ][ info ] [ ROUTE ] array (
)
[ 2018-11-23T23:29:51+08:00 ][ info ] [ HEADER ] array (
)
[ 2018-11-23T23:29:51+08:00 ][ info ] [ PARAM ] array (
)
[ 2018-11-23T23:33:33+08:00 ][ info ] [ LANG ] /var/www/html/swoole-live/thinkphp/lang/zh-cn.php
[ info ] [ LOG ] INIT File
[ 2018-11-23T23:33:33+08:00 ][ info ] [ LANG ] /var/www/html/swoole-live/thinkphp/lang/zh-cn.php
[ info ] [ LOG ] INIT File
[ 2018-11-23T23:33:33+08:00 ][ info ] [ LANG ] /var/www/html/swoole-live/thinkphp/lang/zh-cn.php
[ info ] [ LOG ] INIT File
[ 2018-11-23T23:33:33+08:00 ][ info ] [ LANG ] /var/www/html/swoole-live/thinkphp/lang/zh-cn.php
[ info ] [ LOG ] INIT File
[ 2018-11-23T23:33:33+08:00 ][ info ] [ LANG ] /var/www/html/swoole-live/thinkphp/lang/zh-cn.php
[ info ] [ LOG ] INIT File
[ 2018-11-23T23:33:33+08:00 ][ info ] [ LANG ] /var/www/html/swoole-live/thinkphp/lang/zh-cn.php
[ info ] [ LOG ] INIT File
[ 2018-11-23T23:33:33+08:00 ][ info ] [ ROUTE ] array (
)
[ 2018-11-23T23:33:33+08:00 ][ info ] [ HEADER ] array (
)
[ 2018-11-23T23:33:33+08:00 ][ info ] [ PARAM ] array (
)
[ 2018-11-23T23:33:33+08:00 ][ info ] [ ROUTE ] array (
)
[ 2018-11-23T23:33:33+08:00 ][ info ] [ HEADER ] array (
)
[ 2018-11-23T23:33:33+08:00 ][ info ] [ PARAM ] array (
)
[ 2018-11-23T23:33:33+08:00 ][ info ] [ ROUTE ] array (
)
[ 2018-11-23T23:33:33+08:00 ][ info ] [ HEADER ] array (
)
[ 2018-11-23T23:33:33+08:00 ][ info ] [ PARAM ] array (
)
[ 2018-11-23T23:33:33+08:00 ][ info ] [ ROUTE ] array (
)
[ 2018-11-23T23:33:33+08:00 ][ info ] [ HEADER ] array (
)
[ 2018-11-23T23:33:33+08:00 ][ info ] [ PARAM ] array (
)
[ 2018-11-23T23:33:33+08:00 ][ info ] [ ROUTE ] array (
)
[ 2018-11-23T23:33:33+08:00 ][ info ] [ HEADER ] array (
)
[ 2018-11-23T23:33:33+08:00 ][ info ] [ PARAM ] array (
)
[ 2018-11-23T23:33:33+08:00 ][ info ] [ ROUTE ] array (
)
[ 2018-11-23T23:33:33+08:00 ][ info ] [ HEADER ] array (
)
[ 2018-11-23T23:33:33+08:00 ][ info ] [ PARAM ] array (
)
[ 2018-11-23T23:33:33+08:00 ][ info ] [ LANG ] /var/www/html/swoole-live/thinkphp/lang/zh-cn.php
[ info ] [ LOG ] INIT File
[ 2018-11-23T23:33:33+08:00 ][ info ] [ ROUTE ] array (
)
[ 2018-11-23T23:33:33+08:00 ][ info ] [ HEADER ] array (
)
[ 2018-11-23T23:33:33+08:00 ][ info ] [ PARAM ] array (
)
[ 2018-11-23T23:33:33+08:00 ][ info ] [ LANG ] /var/www/html/swoole-live/thinkphp/lang/zh-cn.php
[ info ] [ LOG ] INIT File
[ 2018-11-23T23:33:33+08:00 ][ info ] [ ROUTE ] array (
)
[ 2018-11-23T23:33:33+08:00 ][ info ] [ HEADER ] array (
)
[ 2018-11-23T23:33:33+08:00 ][ info ] [ PARAM ] array (
)
[ 2018-11-23T23:33:40+08:00 ][ info ] [ LANG ] /var/www/html/swoole-live/thinkphp/lang/zh-cn.php
[ 2018-11-23T23:33:40+08:00 ][ info ] [ ROUTE ] array (
)
[ 2018-11-23T23:33:40+08:00 ][ info ] [ HEADER ] array (
)
[ 2018-11-23T23:33:40+08:00 ][ info ] [ PARAM ] array (
)
[ 2018-11-23T23:33:45+08:00 ][ info ] [ LANG ] /var/www/html/swoole-live/thinkphp/lang/zh-cn.php
[ 2018-11-23T23:33:45+08:00 ][ info ] [ ROUTE ] array (
)
[ 2018-11-23T23:33:45+08:00 ][ info ] [ HEADER ] array (
)
[ 2018-11-23T23:33:45+08:00 ][ info ] [ PARAM ] array (
)
[ 2018-11-23T23:34:07+08:00 ][ info ] [ LANG ] /var/www/html/swoole-live/thinkphp/lang/zh-cn.php
[ info ] [ LOG ] INIT File
[ 2018-11-23T23:34:07+08:00 ][ info ] [ LANG ] /var/www/html/swoole-live/thinkphp/lang/zh-cn.php
[ info ] [ LOG ] INIT File
[ 2018-11-23T23:34:07+08:00 ][ info ] [ LANG ] /var/www/html/swoole-live/thinkphp/lang/zh-cn.php
[ info ] [ LOG ] INIT File
[ 2018-11-23T23:34:07+08:00 ][ info ] [ LANG ] /var/www/html/swoole-live/thinkphp/lang/zh-cn.php
[ info ] [ LOG ] INIT File
[ 2018-11-23T23:34:07+08:00 ][ info ] [ LANG ] /var/www/html/swoole-live/thinkphp/lang/zh-cn.php
[ info ] [ LOG ] INIT File
[ 2018-11-23T23:34:07+08:00 ][ info ] [ LANG ] /var/www/html/swoole-live/thinkphp/lang/zh-cn.php
[ info ] [ LOG ] INIT File
[ 2018-11-23T23:34:07+08:00 ][ info ] [ ROUTE ] array (
)
[ 2018-11-23T23:34:07+08:00 ][ info ] [ HEADER ] array (
)
[ 2018-11-23T23:34:07+08:00 ][ info ] [ PARAM ] array (
)
[ 2018-11-23T23:34:07+08:00 ][ info ] [ LANG ] /var/www/html/swoole-live/thinkphp/lang/zh-cn.php
[ info ] [ LOG ] INIT File
[ 2018-11-23T23:34:07+08:00 ][ info ] [ ROUTE ] array (
)
[ 2018-11-23T23:34:07+08:00 ][ info ] [ HEADER ] array (
)
[ 2018-11-23T23:34:07+08:00 ][ info ] [ PARAM ] array (
)
[ 2018-11-23T23:34:07+08:00 ][ info ] [ ROUTE ] array (
)
[ 2018-11-23T23:34:07+08:00 ][ info ] [ HEADER ] array (
)
[ 2018-11-23T23:34:07+08:00 ][ info ] [ PARAM ] array (
)
[ 2018-11-23T23:34:07+08:00 ][ info ] [ ROUTE ] array (
)
[ 2018-11-23T23:34:07+08:00 ][ info ] [ HEADER ] array (
)
[ 2018-11-23T23:34:07+08:00 ][ info ] [ PARAM ] array (
)
[ 2018-11-23T23:34:07+08:00 ][ info ] [ ROUTE ] array (
)
[ 2018-11-23T23:34:07+08:00 ][ info ] [ HEADER ] array (
)
[ 2018-11-23T23:34:07+08:00 ][ info ] [ PARAM ] array (
)
[ 2018-11-23T23:34:07+08:00 ][ info ] [ ROUTE ] array (
)
[ 2018-11-23T23:34:07+08:00 ][ info ] [ HEADER ] array (
)
[ 2018-11-23T23:34:07+08:00 ][ info ] [ PARAM ] array (
)
[ 2018-11-23T23:34:07+08:00 ][ info ] [ ROUTE ] array (
)
[ 2018-11-23T23:34:07+08:00 ][ info ] [ HEADER ] array (
)
[ 2018-11-23T23:34:07+08:00 ][ info ] [ PARAM ] array (
)
[ 2018-11-23T23:34:07+08:00 ][ info ] [ LANG ] /var/www/html/swoole-live/thinkphp/lang/zh-cn.php
[ info ] [ LOG ] INIT File
[ 2018-11-23T23:34:07+08:00 ][ info ] [ ROUTE ] array (
)
[ 2018-11-23T23:34:07+08:00 ][ info ] [ HEADER ] array (
)
[ 2018-11-23T23:34:07+08:00 ][ info ] [ PARAM ] array (
)
[ 2018-11-23T23:34:22+08:00 ][ info ] [ LANG ] /var/www/html/swoole-live/thinkphp/lang/zh-cn.php
[ 2018-11-23T23:34:22+08:00 ][ info ] [ ROUTE ] array (
)
[ 2018-11-23T23:34:22+08:00 ][ info ] [ HEADER ] array (
)
[ 2018-11-23T23:34:22+08:00 ][ info ] [ PARAM ] array (
)
[ 2018-11-23T23:34:26+08:00 ][ info ] [ LANG ] /var/www/html/swoole-live/thinkphp/lang/zh-cn.php
[ 2018-11-23T23:34:26+08:00 ][ info ] [ ROUTE ] array (
)
[ 2018-11-23T23:34:26+08:00 ][ info ] [ HEADER ] array (
)
[ 2018-11-23T23:34:26+08:00 ][ info ] [ PARAM ] array (
)
