[ 2018-11-24T02:35:56+08:00 ][ info ] [ LANG ] /var/www/html/swoole-live/thinkphp/lang/zh-cn.php
[ info ] [ LOG ] INIT File
[ 2018-11-24T02:35:56+08:00 ][ info ] [ LANG ] /var/www/html/swoole-live/thinkphp/lang/zh-cn.php
[ info ] [ LOG ] INIT File
[ 2018-11-24T02:35:56+08:00 ][ info ] [ LANG ] /var/www/html/swoole-live/thinkphp/lang/zh-cn.php
[ info ] [ LOG ] INIT File
[ 2018-11-24T02:35:56+08:00 ][ info ] [ ROUTE ] array (
)
[ 2018-11-24T02:35:56+08:00 ][ info ] [ HEADER ] array (
)
[ 2018-11-24T02:35:56+08:00 ][ info ] [ PARAM ] array (
)
[ 2018-11-24T02:35:56+08:00 ][ info ] [ LANG ] /var/www/html/swoole-live/thinkphp/lang/zh-cn.php
[ info ] [ LOG ] INIT File
[ 2018-11-24T02:35:56+08:00 ][ info ] [ ROUTE ] array (
)
[ 2018-11-24T02:35:56+08:00 ][ info ] [ HEADER ] array (
)
[ 2018-11-24T02:35:56+08:00 ][ info ] [ PARAM ] array (
)
[ 2018-11-24T02:35:56+08:00 ][ info ] [ LANG ] /var/www/html/swoole-live/thinkphp/lang/zh-cn.php
[ info ] [ LOG ] INIT File
[ 2018-11-24T02:35:56+08:00 ][ info ] [ ROUTE ] array (
)
[ 2018-11-24T02:35:56+08:00 ][ info ] [ HEADER ] array (
)
[ 2018-11-24T02:35:56+08:00 ][ info ] [ PARAM ] array (
)
[ 2018-11-24T02:35:56+08:00 ][ info ] [ LANG ] /var/www/html/swoole-live/thinkphp/lang/zh-cn.php
[ info ] [ LOG ] INIT File
[ 2018-11-24T02:35:56+08:00 ][ info ] [ ROUTE ] array (
)
[ 2018-11-24T02:35:56+08:00 ][ info ] [ HEADER ] array (
)
[ 2018-11-24T02:35:56+08:00 ][ info ] [ PARAM ] array (
)
[ 2018-11-24T02:35:56+08:00 ][ info ] [ LANG ] /var/www/html/swoole-live/thinkphp/lang/zh-cn.php
[ info ] [ LOG ] INIT File
[ 2018-11-24T02:35:56+08:00 ][ info ] [ ROUTE ] array (
)
[ 2018-11-24T02:35:56+08:00 ][ info ] [ HEADER ] array (
)
[ 2018-11-24T02:35:56+08:00 ][ info ] [ PARAM ] array (
)
[ 2018-11-24T02:35:56+08:00 ][ info ] [ ROUTE ] array (
)
[ 2018-11-24T02:35:56+08:00 ][ info ] [ HEADER ] array (
)
[ 2018-11-24T02:35:56+08:00 ][ info ] [ PARAM ] array (
)
[ 2018-11-24T02:35:56+08:00 ][ info ] [ ROUTE ] array (
)
[ 2018-11-24T02:35:56+08:00 ][ info ] [ HEADER ] array (
)
[ 2018-11-24T02:35:56+08:00 ][ info ] [ PARAM ] array (
)
[ 2018-11-24T02:35:56+08:00 ][ info ] [ LANG ] /var/www/html/swoole-live/thinkphp/lang/zh-cn.php
[ info ] [ LOG ] INIT File
[ 2018-11-24T02:35:56+08:00 ][ info ] [ ROUTE ] array (
)
[ 2018-11-24T02:35:56+08:00 ][ info ] [ HEADER ] array (
)
[ 2018-11-24T02:35:56+08:00 ][ info ] [ PARAM ] array (
)
[ 2018-11-24T02:36:22+08:00 ][ info ] [ LANG ] /var/www/html/swoole-live/thinkphp/lang/zh-cn.php
[ info ] [ LOG ] INIT File
[ 2018-11-24T02:36:22+08:00 ][ info ] [ LANG ] /var/www/html/swoole-live/thinkphp/lang/zh-cn.php
[ info ] [ LOG ] INIT File
[ 2018-11-24T02:36:22+08:00 ][ info ] [ LANG ] /var/www/html/swoole-live/thinkphp/lang/zh-cn.php
[ info ] [ LOG ] INIT File
[ 2018-11-24T02:36:22+08:00 ][ info ] [ ROUTE ] array (
)
[ 2018-11-24T02:36:22+08:00 ][ info ] [ HEADER ] array (
)
[ 2018-11-24T02:36:22+08:00 ][ info ] [ PARAM ] array (
)
[ 2018-11-24T02:36:22+08:00 ][ info ] [ LANG ] /var/www/html/swoole-live/thinkphp/lang/zh-cn.php
[ info ] [ LOG ] INIT File
[ 2018-11-24T02:36:22+08:00 ][ info ] [ ROUTE ] array (
)
[ 2018-11-24T02:36:22+08:00 ][ info ] [ HEADER ] array (
)
[ 2018-11-24T02:36:22+08:00 ][ info ] [ PARAM ] array (
)
[ 2018-11-24T02:36:22+08:00 ][ info ] [ LANG ] /var/www/html/swoole-live/thinkphp/lang/zh-cn.php
[ info ] [ LOG ] INIT File
[ 2018-11-24T02:36:22+08:00 ][ info ] [ ROUTE ] array (
)
[ 2018-11-24T02:36:22+08:00 ][ info ] [ HEADER ] array (
)
[ 2018-11-24T02:36:22+08:00 ][ info ] [ PARAM ] array (
)
[ 2018-11-24T02:36:22+08:00 ][ info ] [ LANG ] /var/www/html/swoole-live/thinkphp/lang/zh-cn.php
[ info ] [ LOG ] INIT File
[ 2018-11-24T02:36:22+08:00 ][ info ] [ ROUTE ] array (
)
[ 2018-11-24T02:36:22+08:00 ][ info ] [ HEADER ] array (
)
[ 2018-11-24T02:36:22+08:00 ][ info ] [ PARAM ] array (
)
[ 2018-11-24T02:36:22+08:00 ][ info ] [ ROUTE ] array (
)
[ 2018-11-24T02:36:22+08:00 ][ info ] [ HEADER ] array (
)
[ 2018-11-24T02:36:22+08:00 ][ info ] [ PARAM ] array (
)
[ 2018-11-24T02:36:22+08:00 ][ info ] [ LANG ] /var/www/html/swoole-live/thinkphp/lang/zh-cn.php
[ info ] [ LOG ] INIT File
[ 2018-11-24T02:36:22+08:00 ][ info ] [ ROUTE ] array (
)
[ 2018-11-24T02:36:22+08:00 ][ info ] [ HEADER ] array (
)
[ 2018-11-24T02:36:22+08:00 ][ info ] [ PARAM ] array (
)
[ 2018-11-24T02:36:22+08:00 ][ info ] [ LANG ] /var/www/html/swoole-live/thinkphp/lang/zh-cn.php
[ info ] [ LOG ] INIT File
[ 2018-11-24T02:36:22+08:00 ][ info ] [ ROUTE ] array (
)
[ 2018-11-24T02:36:22+08:00 ][ info ] [ HEADER ] array (
)
[ 2018-11-24T02:36:22+08:00 ][ info ] [ PARAM ] array (
)
[ 2018-11-24T02:36:22+08:00 ][ info ] [ ROUTE ] array (
)
[ 2018-11-24T02:36:22+08:00 ][ info ] [ HEADER ] array (
)
[ 2018-11-24T02:36:22+08:00 ][ info ] [ PARAM ] array (
)
[ 2018-11-24T02:37:10+08:00 ][ info ] [ LANG ] /var/www/html/swoole-live/thinkphp/lang/zh-cn.php
[ 2018-11-24T02:37:10+08:00 ][ info ] [ ROUTE ] array (
)
[ 2018-11-24T02:37:10+08:00 ][ info ] [ HEADER ] array (
)
[ 2018-11-24T02:37:10+08:00 ][ info ] [ PARAM ] array (
)
[ 2018-11-24T02:37:11+08:00 ][ info ] [ LANG ] /var/www/html/swoole-live/thinkphp/lang/zh-cn.php
[ 2018-11-24T02:37:11+08:00 ][ info ] [ ROUTE ] array (
)
[ 2018-11-24T02:37:11+08:00 ][ info ] [ HEADER ] array (
)
[ 2018-11-24T02:37:11+08:00 ][ info ] [ PARAM ] array (
  'asdw' => '2',
)
[ 2018-11-24T02:38:07+08:00 ][ info ] [ LANG ] /var/www/html/swoole-live/thinkphp/lang/zh-cn.php
[ info ] [ LOG ] INIT File
[ 2018-11-24T02:38:07+08:00 ][ info ] [ LANG ] /var/www/html/swoole-live/thinkphp/lang/zh-cn.php
[ info ] [ LOG ] INIT File
[ 2018-11-24T02:38:07+08:00 ][ info ] [ LANG ] /var/www/html/swoole-live/thinkphp/lang/zh-cn.php
[ info ] [ LOG ] INIT File
[ 2018-11-24T02:38:07+08:00 ][ info ] [ LANG ] /var/www/html/swoole-live/thinkphp/lang/zh-cn.php
[ info ] [ LOG ] INIT File
[ 2018-11-24T02:38:07+08:00 ][ info ] [ ROUTE ] array (
)
[ 2018-11-24T02:38:07+08:00 ][ info ] [ HEADER ] array (
)
[ 2018-11-24T02:38:07+08:00 ][ info ] [ PARAM ] array (
)
[ 2018-11-24T02:38:07+08:00 ][ info ] [ LANG ] /var/www/html/swoole-live/thinkphp/lang/zh-cn.php
[ info ] [ LOG ] INIT File
[ 2018-11-24T02:38:07+08:00 ][ info ] [ ROUTE ] array (
)
[ 2018-11-24T02:38:07+08:00 ][ info ] [ HEADER ] array (
)
[ 2018-11-24T02:38:07+08:00 ][ info ] [ PARAM ] array (
)
[ 2018-11-24T02:38:07+08:00 ][ info ] [ LANG ] /var/www/html/swoole-live/thinkphp/lang/zh-cn.php
[ info ] [ LOG ] INIT File
[ 2018-11-24T02:38:07+08:00 ][ info ] [ ROUTE ] array (
)
[ 2018-11-24T02:38:07+08:00 ][ info ] [ HEADER ] array (
)
[ 2018-11-24T02:38:07+08:00 ][ info ] [ PARAM ] array (
)
[ 2018-11-24T02:38:07+08:00 ][ info ] [ ROUTE ] array (
)
[ 2018-11-24T02:38:07+08:00 ][ info ] [ HEADER ] array (
)
[ 2018-11-24T02:38:07+08:00 ][ info ] [ PARAM ] array (
)
[ 2018-11-24T02:38:07+08:00 ][ info ] [ LANG ] /var/www/html/swoole-live/thinkphp/lang/zh-cn.php
[ info ] [ LOG ] INIT File
[ 2018-11-24T02:38:07+08:00 ][ info ] [ ROUTE ] array (
)
[ 2018-11-24T02:38:07+08:00 ][ info ] [ HEADER ] array (
)
[ 2018-11-24T02:38:07+08:00 ][ info ] [ PARAM ] array (
)
[ 2018-11-24T02:38:07+08:00 ][ info ] [ LANG ] /var/www/html/swoole-live/thinkphp/lang/zh-cn.php
[ info ] [ LOG ] INIT File
[ 2018-11-24T02:38:07+08:00 ][ info ] [ ROUTE ] array (
)
[ 2018-11-24T02:38:07+08:00 ][ info ] [ HEADER ] array (
)
[ 2018-11-24T02:38:07+08:00 ][ info ] [ PARAM ] array (
)
[ 2018-11-24T02:38:07+08:00 ][ info ] [ ROUTE ] array (
)
[ 2018-11-24T02:38:07+08:00 ][ info ] [ HEADER ] array (
)
[ 2018-11-24T02:38:07+08:00 ][ info ] [ PARAM ] array (
)
[ 2018-11-24T02:38:07+08:00 ][ info ] [ ROUTE ] array (
)
[ 2018-11-24T02:38:07+08:00 ][ info ] [ HEADER ] array (
)
[ 2018-11-24T02:38:07+08:00 ][ info ] [ PARAM ] array (
)
[ 2018-11-24T02:38:09+08:00 ][ info ] [ LANG ] /var/www/html/swoole-live/thinkphp/lang/zh-cn.php
[ 2018-11-24T02:38:09+08:00 ][ info ] [ ROUTE ] array (
)
[ 2018-11-24T02:38:09+08:00 ][ info ] [ HEADER ] array (
)
[ 2018-11-24T02:38:09+08:00 ][ info ] [ PARAM ] array (
)
[ 2018-11-24T02:38:09+08:00 ][ info ] [ LANG ] /var/www/html/swoole-live/thinkphp/lang/zh-cn.php
[ 2018-11-24T02:38:09+08:00 ][ info ] [ ROUTE ] array (
)
[ 2018-11-24T02:38:09+08:00 ][ info ] [ HEADER ] array (
)
[ 2018-11-24T02:38:09+08:00 ][ info ] [ PARAM ] array (
  'asdw' => '2',
)
[ 2018-11-24T02:41:40+08:00 ][ info ] [ LANG ] /var/www/html/swoole-live/thinkphp/lang/zh-cn.php
[ info ] [ LOG ] INIT File
[ 2018-11-24T02:41:40+08:00 ][ info ] [ LANG ] /var/www/html/swoole-live/thinkphp/lang/zh-cn.php
[ info ] [ LOG ] INIT File
[ 2018-11-24T02:41:40+08:00 ][ info ] [ LANG ] /var/www/html/swoole-live/thinkphp/lang/zh-cn.php
[ info ] [ LOG ] INIT File
[ 2018-11-24T02:41:40+08:00 ][ info ] [ LANG ] /var/www/html/swoole-live/thinkphp/lang/zh-cn.php
[ info ] [ LOG ] INIT File
[ 2018-11-24T02:41:40+08:00 ][ info ] [ ROUTE ] array (
)
[ 2018-11-24T02:41:40+08:00 ][ info ] [ HEADER ] array (
)
[ 2018-11-24T02:41:40+08:00 ][ info ] [ PARAM ] array (
)
[ 2018-11-24T02:41:40+08:00 ][ info ] [ LANG ] /var/www/html/swoole-live/thinkphp/lang/zh-cn.php
[ info ] [ LOG ] INIT File
[ 2018-11-24T02:41:40+08:00 ][ info ] [ ROUTE ] array (
)
[ 2018-11-24T02:41:40+08:00 ][ info ] [ HEADER ] array (
)
[ 2018-11-24T02:41:40+08:00 ][ info ] [ PARAM ] array (
)
[ 2018-11-24T02:41:40+08:00 ][ info ] [ LANG ] /var/www/html/swoole-live/thinkphp/lang/zh-cn.php
[ info ] [ LOG ] INIT File
[ 2018-11-24T02:41:40+08:00 ][ info ] [ ROUTE ] array (
)
[ 2018-11-24T02:41:40+08:00 ][ info ] [ HEADER ] array (
)
[ 2018-11-24T02:41:40+08:00 ][ info ] [ PARAM ] array (
)
[ 2018-11-24T02:41:40+08:00 ][ info ] [ LANG ] /var/www/html/swoole-live/thinkphp/lang/zh-cn.php
[ info ] [ LOG ] INIT File
[ 2018-11-24T02:41:40+08:00 ][ info ] [ ROUTE ] array (
)
[ 2018-11-24T02:41:40+08:00 ][ info ] [ HEADER ] array (
)
[ 2018-11-24T02:41:40+08:00 ][ info ] [ PARAM ] array (
)
[ 2018-11-24T02:41:40+08:00 ][ info ] [ LANG ] /var/www/html/swoole-live/thinkphp/lang/zh-cn.php
[ info ] [ LOG ] INIT File
[ 2018-11-24T02:41:40+08:00 ][ info ] [ ROUTE ] array (
)
[ 2018-11-24T02:41:40+08:00 ][ info ] [ HEADER ] array (
)
[ 2018-11-24T02:41:40+08:00 ][ info ] [ PARAM ] array (
)
[ 2018-11-24T02:41:40+08:00 ][ info ] [ ROUTE ] array (
)
[ 2018-11-24T02:41:40+08:00 ][ info ] [ HEADER ] array (
)
[ 2018-11-24T02:41:40+08:00 ][ info ] [ PARAM ] array (
)
[ 2018-11-24T02:41:40+08:00 ][ info ] [ ROUTE ] array (
)
[ 2018-11-24T02:41:40+08:00 ][ info ] [ HEADER ] array (
)
[ 2018-11-24T02:41:40+08:00 ][ info ] [ PARAM ] array (
)
[ 2018-11-24T02:41:40+08:00 ][ info ] [ ROUTE ] array (
)
[ 2018-11-24T02:41:40+08:00 ][ info ] [ HEADER ] array (
)
[ 2018-11-24T02:41:40+08:00 ][ info ] [ PARAM ] array (
)
[ 2018-11-24T02:41:42+08:00 ][ error ] [1]Uncaught think\exception\ErrorException: swoole_async_writefile(): open file failed. Error: No such file or directory[2] in /var/www/html/swoole-live/server/ws.php:160
Stack trace:
#0 [internal function]: think\Error::appError(2, 'swoole_async_wr...', '/var/www/html/s...', 160, Array)
#1 /var/www/html/swoole-live/server/ws.php(160): swoole_async_writefile('/var/www/html/s...', 'date:2018-11-24...', Object(Closure), 8)
#2 /var/www/html/swoole-live/server/ws.php(92): Ws->writeLog()
#3 {main}
  thrown[/var/www/html/swoole-live/server/ws.php:160]
[ 2018-11-24T02:41:42+08:00 ][ info ] [ LANG ] /var/www/html/swoole-live/thinkphp/lang/zh-cn.php
[ info ] [ LOG ] INIT File
[ 2018-11-24T02:41:42+08:00 ][ info ] [ ROUTE ] array (
)
[ 2018-11-24T02:41:42+08:00 ][ info ] [ HEADER ] array (
)
[ 2018-11-24T02:41:42+08:00 ][ info ] [ PARAM ] array (
)
[ 2018-11-24T02:42:53+08:00 ][ info ] [ LANG ] /var/www/html/swoole-live/thinkphp/lang/zh-cn.php
[ info ] [ LOG ] INIT File
[ 2018-11-24T02:42:53+08:00 ][ info ] [ LANG ] /var/www/html/swoole-live/thinkphp/lang/zh-cn.php
[ info ] [ LOG ] INIT File
[ 2018-11-24T02:42:53+08:00 ][ info ] [ LANG ] /var/www/html/swoole-live/thinkphp/lang/zh-cn.php
[ info ] [ LOG ] INIT File
[ 2018-11-24T02:42:53+08:00 ][ info ] [ LANG ] /var/www/html/swoole-live/thinkphp/lang/zh-cn.php
[ info ] [ LOG ] INIT File
[ 2018-11-24T02:42:53+08:00 ][ info ] [ LANG ] /var/www/html/swoole-live/thinkphp/lang/zh-cn.php
[ info ] [ LOG ] INIT File
[ 2018-11-24T02:42:53+08:00 ][ info ] [ LANG ] /var/www/html/swoole-live/thinkphp/lang/zh-cn.php
[ info ] [ LOG ] INIT File
[ 2018-11-24T02:42:53+08:00 ][ info ] [ LANG ] /var/www/html/swoole-live/thinkphp/lang/zh-cn.php
[ info ] [ LOG ] INIT File
[ 2018-11-24T02:42:53+08:00 ][ info ] [ LANG ] /var/www/html/swoole-live/thinkphp/lang/zh-cn.php
[ info ] [ LOG ] INIT File
[ 2018-11-24T02:42:53+08:00 ][ info ] [ ROUTE ] array (
)
[ 2018-11-24T02:42:53+08:00 ][ info ] [ HEADER ] array (
)
[ 2018-11-24T02:42:53+08:00 ][ info ] [ PARAM ] array (
)
[ 2018-11-24T02:42:53+08:00 ][ info ] [ ROUTE ] array (
)
[ 2018-11-24T02:42:53+08:00 ][ info ] [ HEADER ] array (
)
[ 2018-11-24T02:42:53+08:00 ][ info ] [ PARAM ] array (
)
[ 2018-11-24T02:42:53+08:00 ][ info ] [ ROUTE ] array (
)
[ 2018-11-24T02:42:53+08:00 ][ info ] [ HEADER ] array (
)
[ 2018-11-24T02:42:53+08:00 ][ info ] [ PARAM ] array (
)
[ 2018-11-24T02:42:53+08:00 ][ info ] [ ROUTE ] array (
)
[ 2018-11-24T02:42:53+08:00 ][ info ] [ HEADER ] array (
)
[ 2018-11-24T02:42:53+08:00 ][ info ] [ PARAM ] array (
)
[ 2018-11-24T02:42:53+08:00 ][ info ] [ ROUTE ] array (
)
[ 2018-11-24T02:42:53+08:00 ][ info ] [ HEADER ] array (
)
[ 2018-11-24T02:42:53+08:00 ][ info ] [ PARAM ] array (
)
[ 2018-11-24T02:42:53+08:00 ][ info ] [ ROUTE ] array (
)
[ 2018-11-24T02:42:53+08:00 ][ info ] [ HEADER ] array (
)
[ 2018-11-24T02:42:53+08:00 ][ info ] [ PARAM ] array (
)
[ 2018-11-24T02:42:53+08:00 ][ info ] [ ROUTE ] array (
)
[ 2018-11-24T02:42:53+08:00 ][ info ] [ HEADER ] array (
)
[ 2018-11-24T02:42:53+08:00 ][ info ] [ PARAM ] array (
)
[ 2018-11-24T02:42:53+08:00 ][ info ] [ ROUTE ] array (
)
[ 2018-11-24T02:42:53+08:00 ][ info ] [ HEADER ] array (
)
[ 2018-11-24T02:42:53+08:00 ][ info ] [ PARAM ] array (
)
[ 2018-11-24T02:42:53+08:00 ][ info ] [ LANG ] /var/www/html/swoole-live/thinkphp/lang/zh-cn.php
[ 2018-11-24T02:42:53+08:00 ][ info ] [ ROUTE ] array (
)
[ 2018-11-24T02:42:53+08:00 ][ info ] [ HEADER ] array (
)
[ 2018-11-24T02:42:53+08:00 ][ info ] [ PARAM ] array (
)
[ 2018-11-24T02:42:54+08:00 ][ info ] [ LANG ] /var/www/html/swoole-live/thinkphp/lang/zh-cn.php
[ 2018-11-24T02:42:54+08:00 ][ info ] [ ROUTE ] array (
)
[ 2018-11-24T02:42:54+08:00 ][ info ] [ HEADER ] array (
)
[ 2018-11-24T02:42:54+08:00 ][ info ] [ PARAM ] array (
  'asdw' => '2',
)
[ 2018-11-24T02:42:54+08:00 ][ info ] [ LANG ] /var/www/html/swoole-live/thinkphp/lang/zh-cn.php
[ 2018-11-24T02:42:54+08:00 ][ info ] [ ROUTE ] array (
)
[ 2018-11-24T02:42:54+08:00 ][ info ] [ HEADER ] array (
)
[ 2018-11-24T02:42:54+08:00 ][ info ] [ PARAM ] array (
  'asdw' => '2',
)
[ 2018-11-24T02:42:55+08:00 ][ info ] [ LANG ] /var/www/html/swoole-live/thinkphp/lang/zh-cn.php
[ 2018-11-24T02:42:55+08:00 ][ info ] [ ROUTE ] array (
)
[ 2018-11-24T02:42:55+08:00 ][ info ] [ HEADER ] array (
)
[ 2018-11-24T02:42:55+08:00 ][ info ] [ PARAM ] array (
  'asdw' => '2',
)
