[ 2018-11-27T09:26:18+08:00 ][ info ] [ LANG ] /var/www/html/swoole-live/thinkphp/lang/zh-cn.php
[ info ] [ LOG ] INIT File
[ 2018-11-27T09:26:18+08:00 ][ info ] [ LANG ] /var/www/html/swoole-live/thinkphp/lang/zh-cn.php
[ info ] [ LOG ] INIT File
[ 2018-11-27T09:26:18+08:00 ][ info ] [ LANG ] /var/www/html/swoole-live/thinkphp/lang/zh-cn.php
[ info ] [ LOG ] INIT File
[ 2018-11-27T09:26:18+08:00 ][ info ] [ LANG ] /var/www/html/swoole-live/thinkphp/lang/zh-cn.php
[ info ] [ LOG ] INIT File
[ 2018-11-27T09:26:18+08:00 ][ info ] [ LANG ] /var/www/html/swoole-live/thinkphp/lang/zh-cn.php
[ info ] [ LOG ] INIT File
[ 2018-11-27T09:26:18+08:00 ][ info ] [ LANG ] /var/www/html/swoole-live/thinkphp/lang/zh-cn.php
[ info ] [ LOG ] INIT File
[ 2018-11-27T09:26:18+08:00 ][ info ] [ LANG ] /var/www/html/swoole-live/thinkphp/lang/zh-cn.php
[ info ] [ LOG ] INIT File
[ 2018-11-27T09:26:18+08:00 ][ info ] [ LANG ] /var/www/html/swoole-live/thinkphp/lang/zh-cn.php
[ info ] [ LOG ] INIT File
[ 2018-11-27T09:26:18+08:00 ][ info ] [ ROUTE ] array (
)
[ 2018-11-27T09:26:18+08:00 ][ info ] [ HEADER ] array (
)
[ 2018-11-27T09:26:18+08:00 ][ info ] [ PARAM ] array (
)
[ 2018-11-27T09:26:18+08:00 ][ info ] [ ROUTE ] array (
)
[ 2018-11-27T09:26:18+08:00 ][ info ] [ HEADER ] array (
)
[ 2018-11-27T09:26:18+08:00 ][ info ] [ PARAM ] array (
)
[ 2018-11-27T09:26:18+08:00 ][ info ] [ ROUTE ] array (
)
[ 2018-11-27T09:26:18+08:00 ][ info ] [ HEADER ] array (
)
[ 2018-11-27T09:26:18+08:00 ][ info ] [ PARAM ] array (
)
[ 2018-11-27T09:26:18+08:00 ][ info ] [ ROUTE ] array (
)
[ 2018-11-27T09:26:18+08:00 ][ info ] [ HEADER ] array (
)
[ 2018-11-27T09:26:18+08:00 ][ info ] [ PARAM ] array (
)
[ 2018-11-27T09:26:18+08:00 ][ info ] [ ROUTE ] array (
)
[ 2018-11-27T09:26:18+08:00 ][ info ] [ HEADER ] array (
)
[ 2018-11-27T09:26:18+08:00 ][ info ] [ PARAM ] array (
)
[ 2018-11-27T09:26:18+08:00 ][ info ] [ ROUTE ] array (
)
[ 2018-11-27T09:26:18+08:00 ][ info ] [ HEADER ] array (
)
[ 2018-11-27T09:26:18+08:00 ][ info ] [ PARAM ] array (
)
[ 2018-11-27T09:26:18+08:00 ][ info ] [ ROUTE ] array (
)
[ 2018-11-27T09:26:18+08:00 ][ info ] [ HEADER ] array (
)
[ 2018-11-27T09:26:18+08:00 ][ info ] [ PARAM ] array (
)
[ 2018-11-27T09:26:18+08:00 ][ info ] [ ROUTE ] array (
)
[ 2018-11-27T09:26:18+08:00 ][ info ] [ HEADER ] array (
)
[ 2018-11-27T09:26:18+08:00 ][ info ] [ PARAM ] array (
)
[ 2018-11-27T09:26:36+08:00 ][ info ] [ LANG ] /var/www/html/swoole-live/thinkphp/lang/zh-cn.php
[ 2018-11-27T09:26:36+08:00 ][ info ] [ ROUTE ] array (
)
[ 2018-11-27T09:26:36+08:00 ][ info ] [ HEADER ] array (
)
[ 2018-11-27T09:26:36+08:00 ][ info ] [ PARAM ] array (
)
[ 2018-11-27T09:26:42+08:00 ][ info ] [ LANG ] /var/www/html/swoole-live/thinkphp/lang/zh-cn.php
[ 2018-11-27T09:26:42+08:00 ][ info ] [ ROUTE ] array (
)
[ 2018-11-27T09:26:42+08:00 ][ info ] [ HEADER ] array (
)
[ 2018-11-27T09:26:42+08:00 ][ info ] [ PARAM ] array (
)
[ 2018-11-27T09:26:48+08:00 ][ info ] [ LANG ] /var/www/html/swoole-live/thinkphp/lang/zh-cn.php
[ 2018-11-27T09:26:48+08:00 ][ info ] [ ROUTE ] array (
)
[ 2018-11-27T09:26:48+08:00 ][ info ] [ HEADER ] array (
)
[ 2018-11-27T09:26:48+08:00 ][ info ] [ PARAM ] array (
)
[ 2018-11-27T09:26:48+08:00 ][ info ] [ LANG ] /var/www/html/swoole-live/thinkphp/lang/zh-cn.php
[ 2018-11-27T09:26:48+08:00 ][ info ] [ ROUTE ] array (
)
[ 2018-11-27T09:26:48+08:00 ][ info ] [ HEADER ] array (
)
[ 2018-11-27T09:26:48+08:00 ][ info ] [ PARAM ] array (
)
[ 2018-11-27T09:26:48+08:00 ][ info ] [ LANG ] /var/www/html/swoole-live/thinkphp/lang/zh-cn.php
[ 2018-11-27T09:26:48+08:00 ][ info ] [ ROUTE ] array (
)
[ 2018-11-27T09:26:48+08:00 ][ info ] [ HEADER ] array (
)
[ 2018-11-27T09:26:48+08:00 ][ info ] [ PARAM ] array (
)
[ 2018-11-27T09:26:49+08:00 ][ info ] [ LANG ] /var/www/html/swoole-live/thinkphp/lang/zh-cn.php
[ 2018-11-27T09:26:49+08:00 ][ info ] [ ROUTE ] array (
)
[ 2018-11-27T09:26:49+08:00 ][ info ] [ HEADER ] array (
)
[ 2018-11-27T09:26:49+08:00 ][ info ] [ PARAM ] array (
)
[ 2018-11-27T09:26:49+08:00 ][ info ] [ LANG ] /var/www/html/swoole-live/thinkphp/lang/zh-cn.php
[ 2018-11-27T09:26:49+08:00 ][ info ] [ ROUTE ] array (
)
[ 2018-11-27T09:26:49+08:00 ][ info ] [ HEADER ] array (
)
[ 2018-11-27T09:26:49+08:00 ][ info ] [ PARAM ] array (
)
[ 2018-11-27T09:26:49+08:00 ][ info ] [ LANG ] /var/www/html/swoole-live/thinkphp/lang/zh-cn.php
[ 2018-11-27T09:26:49+08:00 ][ info ] [ ROUTE ] array (
)
[ 2018-11-27T09:26:49+08:00 ][ info ] [ HEADER ] array (
)
[ 2018-11-27T09:26:49+08:00 ][ info ] [ PARAM ] array (
)
[ 2018-11-27T09:26:49+08:00 ][ info ] [ LANG ] /var/www/html/swoole-live/thinkphp/lang/zh-cn.php
[ 2018-11-27T09:26:49+08:00 ][ info ] [ ROUTE ] array (
)
[ 2018-11-27T09:26:49+08:00 ][ info ] [ HEADER ] array (
)
[ 2018-11-27T09:26:49+08:00 ][ info ] [ PARAM ] array (
)
[ 2018-11-27T09:26:49+08:00 ][ info ] [ LANG ] /var/www/html/swoole-live/thinkphp/lang/zh-cn.php
[ 2018-11-27T09:26:49+08:00 ][ info ] [ ROUTE ] array (
)
[ 2018-11-27T09:26:49+08:00 ][ info ] [ HEADER ] array (
)
[ 2018-11-27T09:26:49+08:00 ][ info ] [ PARAM ] array (
)
[ 2018-11-27T09:26:49+08:00 ][ info ] [ LANG ] /var/www/html/swoole-live/thinkphp/lang/zh-cn.php
[ 2018-11-27T09:26:49+08:00 ][ info ] [ ROUTE ] array (
)
[ 2018-11-27T09:26:49+08:00 ][ info ] [ HEADER ] array (
)
[ 2018-11-27T09:26:49+08:00 ][ info ] [ PARAM ] array (
)
[ 2018-11-27T09:26:51+08:00 ][ info ] [ LANG ] /var/www/html/swoole-live/thinkphp/lang/zh-cn.php
[ 2018-11-27T09:26:51+08:00 ][ info ] [ ROUTE ] array (
)
[ 2018-11-27T09:26:51+08:00 ][ info ] [ HEADER ] array (
)
[ 2018-11-27T09:26:51+08:00 ][ info ] [ PARAM ] array (
)
[ 2018-11-27T09:26:51+08:00 ][ info ] [ LANG ] /var/www/html/swoole-live/thinkphp/lang/zh-cn.php
[ 2018-11-27T09:26:51+08:00 ][ info ] [ ROUTE ] array (
)
[ 2018-11-27T09:26:51+08:00 ][ info ] [ HEADER ] array (
)
[ 2018-11-27T09:26:51+08:00 ][ info ] [ PARAM ] array (
)
[ 2018-11-27T09:26:51+08:00 ][ info ] [ LANG ] /var/www/html/swoole-live/thinkphp/lang/zh-cn.php
[ 2018-11-27T09:26:51+08:00 ][ info ] [ ROUTE ] array (
)
[ 2018-11-27T09:26:51+08:00 ][ info ] [ HEADER ] array (
)
[ 2018-11-27T09:26:51+08:00 ][ info ] [ PARAM ] array (
)
[ 2018-11-27T09:26:51+08:00 ][ info ] [ LANG ] /var/www/html/swoole-live/thinkphp/lang/zh-cn.php
[ 2018-11-27T09:26:51+08:00 ][ info ] [ ROUTE ] array (
)
[ 2018-11-27T09:26:51+08:00 ][ info ] [ HEADER ] array (
)
[ 2018-11-27T09:26:51+08:00 ][ info ] [ PARAM ] array (
)
[ 2018-11-27T09:26:54+08:00 ][ info ] [ LANG ] /var/www/html/swoole-live/thinkphp/lang/zh-cn.php
[ info ] [ LOG ] INIT File
[ 2018-11-27T09:26:54+08:00 ][ info ] [ ROUTE ] array (
)
[ 2018-11-27T09:26:54+08:00 ][ info ] [ HEADER ] array (
)
[ 2018-11-27T09:26:54+08:00 ][ info ] [ PARAM ] array (
)
[ 2018-11-27T09:26:54+08:00 ][ info ] [ LANG ] /var/www/html/swoole-live/thinkphp/lang/zh-cn.php
[ info ] [ LOG ] INIT File
[ 2018-11-27T09:26:54+08:00 ][ info ] [ ROUTE ] array (
)
[ 2018-11-27T09:26:54+08:00 ][ info ] [ HEADER ] array (
)
[ 2018-11-27T09:26:54+08:00 ][ info ] [ PARAM ] array (
)
[ 2018-11-27T09:26:55+08:00 ][ info ] [ LANG ] /var/www/html/swoole-live/thinkphp/lang/zh-cn.php
[ info ] [ LOG ] INIT File
[ 2018-11-27T09:26:55+08:00 ][ info ] [ ROUTE ] array (
)
[ 2018-11-27T09:26:55+08:00 ][ info ] [ HEADER ] array (
)
[ 2018-11-27T09:26:55+08:00 ][ info ] [ PARAM ] array (
)
[ 2018-11-27T09:26:55+08:00 ][ info ] [ LANG ] /var/www/html/swoole-live/thinkphp/lang/zh-cn.php
[ info ] [ LOG ] INIT File
[ 2018-11-27T09:26:55+08:00 ][ info ] [ ROUTE ] array (
)
[ 2018-11-27T09:26:55+08:00 ][ info ] [ HEADER ] array (
)
[ 2018-11-27T09:26:55+08:00 ][ info ] [ PARAM ] array (
)
[ 2018-11-27T09:26:55+08:00 ][ info ] [ LANG ] /var/www/html/swoole-live/thinkphp/lang/zh-cn.php
[ info ] [ LOG ] INIT File
[ 2018-11-27T09:26:55+08:00 ][ info ] [ ROUTE ] array (
)
[ 2018-11-27T09:26:55+08:00 ][ info ] [ HEADER ] array (
)
[ 2018-11-27T09:26:55+08:00 ][ info ] [ PARAM ] array (
)
[ 2018-11-27T09:26:55+08:00 ][ info ] [ LANG ] /var/www/html/swoole-live/thinkphp/lang/zh-cn.php
[ info ] [ LOG ] INIT File
[ 2018-11-27T09:26:55+08:00 ][ info ] [ ROUTE ] array (
)
[ 2018-11-27T09:26:55+08:00 ][ info ] [ HEADER ] array (
)
[ 2018-11-27T09:26:55+08:00 ][ info ] [ PARAM ] array (
)
[ 2018-11-27T09:26:56+08:00 ][ info ] [ LANG ] /var/www/html/swoole-live/thinkphp/lang/zh-cn.php
[ info ] [ LOG ] INIT File
[ 2018-11-27T09:26:56+08:00 ][ info ] [ ROUTE ] array (
)
[ 2018-11-27T09:26:56+08:00 ][ info ] [ HEADER ] array (
)
[ 2018-11-27T09:26:56+08:00 ][ info ] [ PARAM ] array (
)
[ 2018-11-27T09:26:56+08:00 ][ info ] [ LANG ] /var/www/html/swoole-live/thinkphp/lang/zh-cn.php
[ info ] [ LOG ] INIT File
[ 2018-11-27T09:26:56+08:00 ][ info ] [ ROUTE ] array (
)
[ 2018-11-27T09:26:56+08:00 ][ info ] [ HEADER ] array (
)
[ 2018-11-27T09:26:56+08:00 ][ info ] [ PARAM ] array (
)
[ 2018-11-27T09:27:20+08:00 ][ info ] [ LANG ] /var/www/html/swoole-live/thinkphp/lang/zh-cn.php
[ info ] [ LOG ] INIT File
[ 2018-11-27T09:27:20+08:00 ][ info ] [ ROUTE ] array (
)
[ 2018-11-27T09:27:20+08:00 ][ info ] [ HEADER ] array (
)
[ 2018-11-27T09:27:20+08:00 ][ info ] [ PARAM ] array (
)
[ 2018-11-27T09:27:20+08:00 ][ info ] [ LANG ] /var/www/html/swoole-live/thinkphp/lang/zh-cn.php
[ info ] [ LOG ] INIT File
[ 2018-11-27T09:27:20+08:00 ][ info ] [ LANG ] /var/www/html/swoole-live/thinkphp/lang/zh-cn.php
[ info ] [ LOG ] INIT File
[ 2018-11-27T09:27:20+08:00 ][ info ] [ ROUTE ] array (
)
[ 2018-11-27T09:27:20+08:00 ][ info ] [ HEADER ] array (
)
[ 2018-11-27T09:27:20+08:00 ][ info ] [ PARAM ] array (
)
[ 2018-11-27T09:27:20+08:00 ][ info ] [ ROUTE ] array (
)
[ 2018-11-27T09:27:20+08:00 ][ info ] [ HEADER ] array (
)
[ 2018-11-27T09:27:20+08:00 ][ info ] [ PARAM ] array (
)
[ 2018-11-27T09:27:20+08:00 ][ info ] [ LANG ] /var/www/html/swoole-live/thinkphp/lang/zh-cn.php
[ info ] [ LOG ] INIT File
[ 2018-11-27T09:27:20+08:00 ][ info ] [ ROUTE ] array (
)
[ 2018-11-27T09:27:20+08:00 ][ info ] [ HEADER ] array (
)
[ 2018-11-27T09:27:20+08:00 ][ info ] [ PARAM ] array (
)
[ 2018-11-27T09:28:53+08:00 ][ info ] [ LANG ] /var/www/html/swoole-live/thinkphp/lang/zh-cn.php
[ info ] [ LOG ] INIT File
[ 2018-11-27T09:28:53+08:00 ][ info ] [ ROUTE ] array (
)
[ 2018-11-27T09:28:53+08:00 ][ info ] [ HEADER ] array (
)
[ 2018-11-27T09:28:53+08:00 ][ info ] [ PARAM ] array (
)
[ 2018-11-27T09:28:53+08:00 ][ info ] [ LANG ] /var/www/html/swoole-live/thinkphp/lang/zh-cn.php
[ info ] [ LOG ] INIT File
[ 2018-11-27T09:28:53+08:00 ][ info ] [ ROUTE ] array (
)
[ 2018-11-27T09:28:53+08:00 ][ info ] [ HEADER ] array (
)
[ 2018-11-27T09:28:53+08:00 ][ info ] [ PARAM ] array (
)
[ 2018-11-27T09:28:54+08:00 ][ info ] [ LANG ] /var/www/html/swoole-live/thinkphp/lang/zh-cn.php
[ info ] [ LOG ] INIT File
[ 2018-11-27T09:28:54+08:00 ][ info ] [ ROUTE ] array (
)
[ 2018-11-27T09:28:54+08:00 ][ info ] [ HEADER ] array (
)
[ 2018-11-27T09:28:54+08:00 ][ info ] [ PARAM ] array (
)
[ 2018-11-27T09:28:54+08:00 ][ info ] [ LANG ] /var/www/html/swoole-live/thinkphp/lang/zh-cn.php
[ info ] [ LOG ] INIT File
[ 2018-11-27T09:28:54+08:00 ][ info ] [ ROUTE ] array (
)
[ 2018-11-27T09:28:54+08:00 ][ info ] [ HEADER ] array (
)
[ 2018-11-27T09:28:54+08:00 ][ info ] [ PARAM ] array (
)
[ 2018-11-27T09:29:05+08:00 ][ info ] [ LANG ] /var/www/html/swoole-live/thinkphp/lang/zh-cn.php
[ info ] [ LOG ] INIT File
[ 2018-11-27T09:29:05+08:00 ][ info ] [ ROUTE ] array (
)
[ 2018-11-27T09:29:05+08:00 ][ info ] [ HEADER ] array (
)
[ 2018-11-27T09:29:05+08:00 ][ info ] [ PARAM ] array (
)
[ 2018-11-27T09:29:05+08:00 ][ info ] [ LANG ] /var/www/html/swoole-live/thinkphp/lang/zh-cn.php
[ info ] [ LOG ] INIT File
[ 2018-11-27T09:29:05+08:00 ][ info ] [ ROUTE ] array (
)
[ 2018-11-27T09:29:05+08:00 ][ info ] [ HEADER ] array (
)
[ 2018-11-27T09:29:05+08:00 ][ info ] [ PARAM ] array (
)
[ 2018-11-27T09:29:42+08:00 ][ info ] [ LANG ] /var/www/html/swoole-live/thinkphp/lang/zh-cn.php
[ info ] [ LOG ] INIT File
[ 2018-11-27T09:29:42+08:00 ][ info ] [ ROUTE ] array (
)
[ 2018-11-27T09:29:42+08:00 ][ info ] [ HEADER ] array (
)
[ 2018-11-27T09:29:42+08:00 ][ info ] [ PARAM ] array (
)
[ 2018-11-27T09:29:42+08:00 ][ info ] [ LANG ] /var/www/html/swoole-live/thinkphp/lang/zh-cn.php
[ info ] [ LOG ] INIT File
[ 2018-11-27T09:29:42+08:00 ][ info ] [ ROUTE ] array (
)
[ 2018-11-27T09:29:42+08:00 ][ info ] [ HEADER ] array (
)
[ 2018-11-27T09:29:42+08:00 ][ info ] [ PARAM ] array (
)
[ 2018-11-27T09:29:42+08:00 ][ info ] [ LANG ] /var/www/html/swoole-live/thinkphp/lang/zh-cn.php
[ info ] [ LOG ] INIT File
[ 2018-11-27T09:29:42+08:00 ][ info ] [ ROUTE ] array (
)
[ 2018-11-27T09:29:42+08:00 ][ info ] [ HEADER ] array (
)
[ 2018-11-27T09:29:42+08:00 ][ info ] [ PARAM ] array (
)
[ 2018-11-27T09:29:42+08:00 ][ info ] [ LANG ] /var/www/html/swoole-live/thinkphp/lang/zh-cn.php
[ info ] [ LOG ] INIT File
[ 2018-11-27T09:29:42+08:00 ][ info ] [ ROUTE ] array (
)
[ 2018-11-27T09:29:42+08:00 ][ info ] [ HEADER ] array (
)
[ 2018-11-27T09:29:42+08:00 ][ info ] [ PARAM ] array (
)
[ 2018-11-27T09:31:16+08:00 ][ info ] [ LANG ] /var/www/html/swoole-live/thinkphp/lang/zh-cn.php
[ info ] [ LOG ] INIT File
[ 2018-11-27T09:31:16+08:00 ][ info ] [ ROUTE ] array (
)
[ 2018-11-27T09:31:16+08:00 ][ info ] [ HEADER ] array (
)
[ 2018-11-27T09:31:16+08:00 ][ info ] [ PARAM ] array (
)
[ 2018-11-27T09:31:16+08:00 ][ info ] [ LANG ] /var/www/html/swoole-live/thinkphp/lang/zh-cn.php
[ info ] [ LOG ] INIT File
[ 2018-11-27T09:31:16+08:00 ][ info ] [ ROUTE ] array (
)
[ 2018-11-27T09:31:16+08:00 ][ info ] [ HEADER ] array (
)
[ 2018-11-27T09:31:16+08:00 ][ info ] [ PARAM ] array (
)
