[ 2018-11-28T20:47:13+08:00 ][ info ] [ LANG ] /var/www/html/swoole-live/thinkphp/lang/zh-cn.php
[ info ] [ LOG ] INIT File
[ 2018-11-28T20:47:13+08:00 ][ info ] [ ROUTE ] array (
)
[ 2018-11-28T20:47:13+08:00 ][ info ] [ HEADER ] array (
)
[ 2018-11-28T20:47:13+08:00 ][ info ] [ PARAM ] array (
)
[ 2018-11-28T20:47:25+08:00 ][ info ] [ LANG ] /var/www/html/swoole-live/thinkphp/lang/zh-cn.php
[ info ] [ LOG ] INIT File
[ 2018-11-28T20:47:25+08:00 ][ info ] [ ROUTE ] array (
)
[ 2018-11-28T20:47:25+08:00 ][ info ] [ HEADER ] array (
)
[ 2018-11-28T20:47:25+08:00 ][ info ] [ PARAM ] array (
)
[ 2018-11-28T20:47:25+08:00 ][ info ] [ LANG ] /var/www/html/swoole-live/thinkphp/lang/zh-cn.php
[ 2018-11-28T20:47:25+08:00 ][ info ] [ ROUTE ] array (
)
[ 2018-11-28T20:47:25+08:00 ][ info ] [ HEADER ] array (
)
[ 2018-11-28T20:47:25+08:00 ][ info ] [ PARAM ] array (
)
[ 2018-11-28T20:47:25+08:00 ][ info ] [ LANG ] /var/www/html/swoole-live/thinkphp/lang/zh-cn.php
[ info ] [ LOG ] INIT File
[ 2018-11-28T20:47:25+08:00 ][ info ] [ ROUTE ] array (
)
[ 2018-11-28T20:47:25+08:00 ][ info ] [ HEADER ] array (
)
[ 2018-11-28T20:47:25+08:00 ][ info ] [ PARAM ] array (
)
[ 2018-11-28T20:47:30+08:00 ][ info ] [ LANG ] /var/www/html/swoole-live/thinkphp/lang/zh-cn.php
[ 2018-11-28T20:47:30+08:00 ][ info ] [ ROUTE ] array (
)
[ 2018-11-28T20:47:30+08:00 ][ info ] [ HEADER ] array (
)
[ 2018-11-28T20:47:30+08:00 ][ info ] [ PARAM ] array (
)
[ 2018-11-28T20:47:30+08:00 ][ info ] [ LANG ] /var/www/html/swoole-live/thinkphp/lang/zh-cn.php
[ info ] [ LOG ] INIT File
[ 2018-11-28T20:47:30+08:00 ][ info ] [ ROUTE ] array (
)
[ 2018-11-28T20:47:30+08:00 ][ info ] [ HEADER ] array (
)
[ 2018-11-28T20:47:30+08:00 ][ info ] [ PARAM ] array (
)
