[ 2018-11-29T13:07:57+08:00 ][ info ] [ LANG ] /var/www/html/swoole-live/thinkphp/lang/zh-cn.php
[ info ] [ LOG ] INIT File
[ 2018-11-29T13:07:57+08:00 ][ info ] [ LANG ] /var/www/html/swoole-live/thinkphp/lang/zh-cn.php
[ info ] [ LOG ] INIT File
[ 2018-11-29T13:07:57+08:00 ][ info ] [ ROUTE ] array (
)
[ 2018-11-29T13:07:57+08:00 ][ info ] [ HEADER ] array (
)
[ 2018-11-29T13:07:57+08:00 ][ info ] [ PARAM ] array (
)
[ 2018-11-29T13:07:57+08:00 ][ info ] [ ROUTE ] array (
)
[ 2018-11-29T13:07:57+08:00 ][ info ] [ HEADER ] array (
)
[ 2018-11-29T13:07:57+08:00 ][ info ] [ PARAM ] array (
)
[ 2018-11-29T13:08:06+08:00 ][ info ] [ LANG ] /var/www/html/swoole-live/thinkphp/lang/zh-cn.php
[ 2018-11-29T13:08:06+08:00 ][ info ] [ ROUTE ] array (
)
[ 2018-11-29T13:08:06+08:00 ][ info ] [ HEADER ] array (
)
[ 2018-11-29T13:08:06+08:00 ][ info ] [ PARAM ] array (
)
[ 2018-11-29T13:08:06+08:00 ][ info ] [ LANG ] /var/www/html/swoole-live/thinkphp/lang/zh-cn.php
[ 2018-11-29T13:08:06+08:00 ][ info ] [ ROUTE ] array (
)
[ 2018-11-29T13:08:06+08:00 ][ info ] [ HEADER ] array (
)
[ 2018-11-29T13:08:06+08:00 ][ info ] [ PARAM ] array (
)
[ 2018-11-29T13:08:06+08:00 ][ info ] [ LANG ] /var/www/html/swoole-live/thinkphp/lang/zh-cn.php
[ info ] [ LOG ] INIT File
[ 2018-11-29T13:08:06+08:00 ][ info ] [ ROUTE ] array (
)
[ 2018-11-29T13:08:06+08:00 ][ info ] [ HEADER ] array (
)
[ 2018-11-29T13:08:06+08:00 ][ info ] [ PARAM ] array (
)
[ 2018-11-29T13:08:06+08:00 ][ info ] [ LANG ] /var/www/html/swoole-live/thinkphp/lang/zh-cn.php
[ info ] [ LOG ] INIT File
[ 2018-11-29T13:08:06+08:00 ][ info ] [ ROUTE ] array (
)
[ 2018-11-29T13:08:06+08:00 ][ info ] [ HEADER ] array (
)
[ 2018-11-29T13:08:06+08:00 ][ info ] [ PARAM ] array (
)
[ 2018-11-29T13:08:06+08:00 ][ info ] [ LANG ] /var/www/html/swoole-live/thinkphp/lang/zh-cn.php
[ info ] [ LOG ] INIT File
[ 2018-11-29T13:08:06+08:00 ][ info ] [ ROUTE ] array (
)
[ 2018-11-29T13:08:06+08:00 ][ info ] [ HEADER ] array (
)
[ 2018-11-29T13:08:06+08:00 ][ info ] [ PARAM ] array (
)
[ 2018-11-29T13:08:06+08:00 ][ info ] [ LANG ] /var/www/html/swoole-live/thinkphp/lang/zh-cn.php
[ info ] [ LOG ] INIT File
[ 2018-11-29T13:08:06+08:00 ][ info ] [ ROUTE ] array (
)
[ 2018-11-29T13:08:06+08:00 ][ info ] [ HEADER ] array (
)
[ 2018-11-29T13:08:06+08:00 ][ info ] [ PARAM ] array (
)
[ 2018-11-29T13:08:11+08:00 ][ info ] [ LANG ] /var/www/html/swoole-live/thinkphp/lang/zh-cn.php
[ info ] [ LOG ] INIT File
[ 2018-11-29T13:08:11+08:00 ][ info ] [ ROUTE ] array (
)
[ 2018-11-29T13:08:11+08:00 ][ info ] [ HEADER ] array (
)
[ 2018-11-29T13:08:11+08:00 ][ info ] [ PARAM ] array (
)
[ 2018-11-29T13:08:11+08:00 ][ info ] [ LANG ] /var/www/html/swoole-live/thinkphp/lang/zh-cn.php
[ info ] [ LOG ] INIT File
[ 2018-11-29T13:08:11+08:00 ][ info ] [ ROUTE ] array (
)
[ 2018-11-29T13:08:11+08:00 ][ info ] [ HEADER ] array (
)
[ 2018-11-29T13:08:11+08:00 ][ info ] [ PARAM ] array (
)
[ 2018-11-29T13:08:16+08:00 ][ info ] [ LANG ] /var/www/html/swoole-live/thinkphp/lang/zh-cn.php
[ 2018-11-29T13:08:16+08:00 ][ info ] [ ROUTE ] array (
)
[ 2018-11-29T13:08:16+08:00 ][ info ] [ HEADER ] array (
)
[ 2018-11-29T13:08:16+08:00 ][ info ] [ PARAM ] array (
)
[ 2018-11-29T13:08:16+08:00 ][ info ] [ LANG ] /var/www/html/swoole-live/thinkphp/lang/zh-cn.php
[ 2018-11-29T13:08:16+08:00 ][ info ] [ ROUTE ] array (
)
[ 2018-11-29T13:08:16+08:00 ][ info ] [ HEADER ] array (
)
[ 2018-11-29T13:08:16+08:00 ][ info ] [ PARAM ] array (
)
[ 2018-11-29T13:08:16+08:00 ][ info ] [ LANG ] /var/www/html/swoole-live/thinkphp/lang/zh-cn.php
[ info ] [ LOG ] INIT File
[ 2018-11-29T13:08:16+08:00 ][ info ] [ ROUTE ] array (
)
[ 2018-11-29T13:08:16+08:00 ][ info ] [ HEADER ] array (
)
[ 2018-11-29T13:08:16+08:00 ][ info ] [ PARAM ] array (
)
[ 2018-11-29T13:08:16+08:00 ][ info ] [ LANG ] /var/www/html/swoole-live/thinkphp/lang/zh-cn.php
[ info ] [ LOG ] INIT File
[ 2018-11-29T13:08:16+08:00 ][ info ] [ ROUTE ] array (
)
[ 2018-11-29T13:08:16+08:00 ][ info ] [ HEADER ] array (
)
[ 2018-11-29T13:08:16+08:00 ][ info ] [ PARAM ] array (
)
[ 2018-11-29T13:08:16+08:00 ][ info ] [ LANG ] /var/www/html/swoole-live/thinkphp/lang/zh-cn.php
[ info ] [ LOG ] INIT File
[ 2018-11-29T13:08:16+08:00 ][ info ] [ ROUTE ] array (
)
[ 2018-11-29T13:08:16+08:00 ][ info ] [ HEADER ] array (
)
[ 2018-11-29T13:08:16+08:00 ][ info ] [ PARAM ] array (
)
[ 2018-11-29T13:08:16+08:00 ][ info ] [ LANG ] /var/www/html/swoole-live/thinkphp/lang/zh-cn.php
[ info ] [ LOG ] INIT File
[ 2018-11-29T13:08:16+08:00 ][ info ] [ ROUTE ] array (
)
[ 2018-11-29T13:08:16+08:00 ][ info ] [ HEADER ] array (
)
[ 2018-11-29T13:08:16+08:00 ][ info ] [ PARAM ] array (
)
